
.eJytj9EKwjAMRX9F8myhSdO1-C3CsCaDPUxF3dPw362psn2AL4ckN_eSLDCMVzjAcfaM6cPgjbipyShGbZOdGbI1YRXYDHw2mVpGXIXvatywZVsQJ9jDU6dbP0o9KUgQwtg5ylEcF59ckZJqK0joh06yVsP80Ht_OU36--LvR73eH-VQFw.BvsYsg.ANx5ZvQVAYz_UzJWNU-jLfAyd6o
.eJytj9EKwjAMRX9F8myhSdO1-C3CsCaDPUxF3dPw362psn2AL4ckN_eSLDCMVzjAcfaM6cPgjbipyShGbZOdGbI1YRXYDHw2mVpGXIXvatywZVsQJ9jDU6dbP0o9KUgQwtg5ylEcF59ckZJqK0joh06yVsP80Ht_OU36--LvR73eH-VQFw.BvsYsg.ANx5ZvQVAYz_UzJWNU-jLfAyd6o

.eJytj9EKwjAMRX9F8myhTRPW-i3CqG2EPUzHdE9j_76ZKtsH-HJIcnMvyQz37gkXuE6WXPOht0p3qFFZlFInJzUEbfwukBooq4w1g3fhu8oH1mwNogbO8JZ-aLuynSQ5s3dRjOXgDGFiEwTJcIl4o8QxYNoM00vG9pF6-X3x96OWFRQmT_A.BvsY7A.f3HVg9aPHKHxaPxpWB7KLUzcJj0
.eJytj9EKwjAMRX9F8myhTRPW-i3CqG2EPUzHdE9j_76ZKtsH-HJIcnMvyQz37gkXuE6WXPOht0p3qFFZlFInJzUEbfwukBooq4w1g3fhu8oH1mwNogbO8JZ-aLuynSQ5s3dRjOXgDGFiEwTJcIl4o8QxYNoM00vG9pF6-X3x96OWFRQmT_A.BvsY7A.f3HVg9aPHKHxaPxpWB7KLUzcJj0

.eJytj9EKwjAMRX9F8myhbdI29VuEsdoM9jAVdU_ivztTZfsAXw5Jbu4lecIwXuAAx9mSSx-iVbpN7ZVVKW2yUwNrg6tAaqCTyr5lhFX4roYNW7YGUYI9PGS6dmNdTvJOssPiTeSaDUWOpvSeTUYsA4cUaraLYb7LrTv3k_y--PtRrzfsPU-j.BvsZAg.tsJtd1cUKSfyjDOJSxrCzViDsUI
.eJytj9EKwjAMRX9F8myhbdI29VuEsdoM9jAVdU_ivztTZfsAXw5Jbu4lecIwXuAAx9mSSx-iVbpN7ZVVKW2yUwNrg6tAaqCTyr5lhFX4roYNW7YGUYI9PGS6dmNdTvJOssPiTeSaDUWOpvSeTUYsA4cUaraLYb7LrTv3k_y--PtRrzfsPU-j.BvsZAg.tsJtd1cUKSfyjDOJSxrCzViDsUI

.eJyrVkrLzFeyUoopNTAxNAeRxgZg0hCJbQQmU8BkKkREAazBAswxRkiYgDWYJIOljSBmmCIkoEpNkUiI2WCDTMyVdJRKUnML4jNTgE4ySAOKmFkY6RompiXrAtUb6iYZJKfpmpikJJoaJ6eYmKRZAjWUFqcWxecl5qbCfEF1R9UCADUSUEg.BvsZLA.u1UUxM-kXm79oNKVfZB1LcEPg7Q
.eJyrVkrLzFeyUoopNTAxNAeRxgZg0hCJbQQmU8BkKkREAazBAswxRkiYgDWYJIOljSBmmCIkoEpNkUiI2WCDTMyVdJRKUnML4jNTgE4ySAOKmFkY6RompiXrAtUb6iYZJKfpmpikJJoaJ6eYmKRZAjWUFqcWxecl5qbCfEF1R9UCADUSUEg.BvsZLA.u1UUxM-kXm79oNKVfZB1LcEPg7Q

.eJytj9EOgjAMRX_F7NklXdfR4beYkAFdwgNqVJ6I_w50GvgAX07a3t6bdjZ5uJuLuU5Ajjd6ULpDjcpeKWVyUkPUxu8CqYE6lbFkhF34roYDS7YGEZuzecv4aIZ-PSlEjlVs0WZx2RJLbWtM2ULVQueJCROshuklz-aWRvl98fejPgsWFE_4.BvsZiQ.hAQvp7I55SGAx57-1ZPuOxoYkP4
.eJytj9EOgjAMRX_F7NklXdfR4beYkAFdwgNqVJ6I_w50GvgAX07a3t6bdjZ5uJuLuU5Ajjd6ULpDjcpeKWVyUkPUxu8CqYE6lbFkhF34roYDS7YGEZuzecv4aIZ-PSlEjlVs0WZx2RJLbWtM2ULVQueJCROshuklz-aWRvl98fejPgsWFE_4.BvsZiQ.hAQvp7I55SGAx57-1ZPuOxoYkP4

.eJytj0EKwkAMRa8iWTuQTlKm41mEEpsMdFEVtSvx7taM0h7AzSPJz_8kTyjjBQ5wnJGb9CGhs9nU0alOq5OdGzpvaBXYDTy4HGtGuwrf1XbDmu1BnGAPD5uu_ajLSRmjdCQYJJMGjprCiQwDJ7VcWIaCuhjmu936s0z2--LvR73eXXpQpg.BvsZkA.tBgcwHOf_F4RVnzXsW1pikCc9yM
.eJytj0EKwkAMRa8iWTuQTlKm41mEEpsMdFEVtSvx7taM0h7AzSPJz_8kTyjjBQ5wnJGb9CGhs9nU0alOq5OdGzpvaBXYDTy4HGtGuwrf1XbDmu1BnGAPD5uu_ajLSRmjdCQYJJMGjprCiQwDJ7VcWIaCuhjmu936s0z2--LvR73eXXpQpg.BvsZkA.tBgcwHOf_F4RVnzXsW1pikCc9yM

.eJyrVkrLzFeyUoopNTAxNAeRxgZg0hCJbQQmU8BkKkREAazBAswxRkiYgDWYJIOljSBmmCIkoEpNkUiI2WCDTMyVdJRKUnML4jNTgE4yTzMxSUw0sNA1TrMw0zVJtEzTtQBao2ueapqakmSYnGaQlALUUFqcWhSfl5ibCvMF1R1VCwB9NlDn.BvsZtQ.nOdmciCHogexxDXiW4BSCSDjG_g
.eJyrVkrLzFeyUoopNTAxNAeRxgZg0hCJbQQmU8BkKkREAazBAswxRkiYgDWYJIOljSBmmCIkoEpNkUiI2WCDTMyVdJRKUnML4jNTgE4yTzMxSUw0sNA1TrMw0zVJtEzTtQBao2ueapqakmSYnGaQlALUUFqcWhSfl5ibCvMF1R1VCwB9NlDn.BvsZtQ.nOdmciCHogexxDXiW4BSCSDjG_g

.eJy1j8EKwjAMhl9FeraQZpm1PoswmjaFHaai7jR8d7cUsS-wy0cS8pE_iynj3VzMdQZyvLETZac8K_NGclrHZh4OqqE2VQYlNUvpXxNUQRqhb67VOTaCN0fzlukxjHkNGbyLp-K8hSTFkjDayIQWGQKnzD4nXoX5Jc_hFif5_bVrwM8Xh0payA.BvsZxA.5RdhVL_SbJhkusEWhPH82KrhhwI
.eJy1j8EKwjAMhl9FeraQZpm1PoswmjaFHaai7jR8d7cUsS-wy0cS8pE_iynj3VzMdQZyvLETZac8K_NGclrHZh4OqqE2VQYlNUvpXxNUQRqhb67VOTaCN0fzlukxjHkNGbyLp-K8hSTFkjDayIQWGQKnzD4nXoX5Jc_hFif5_bVrwM8Xh0payA.BvsZxA.5RdhVL_SbJhkusEWhPH82KrhhwI

.eJytj0EKwkAMRa8is3YgbTJk6lmEMjYZ6KIqalfFuztmKu0B3DyS_PxPsrg83tzJnWeghr9EMDa7ujWKUevkYIZoDW4CmYEGk9uaETZhXQ071mwLInZH99Lp3o9STkoxdAqQ_UWEPSGrj0jZMyRG6FIZSzHMT3301zTp74u_H_X-AGkYULI.BvsZzQ.d2FObZMtlSQzcpayL7jSgwJ0HsY
.eJytj0EKwkAMRa8is3YgbTJk6lmEMjYZ6KIqalfFuztmKu0B3DyS_PxPsrg83tzJnWeghr9EMDa7ujWKUevkYIZoDW4CmYEGk9uaETZhXQ071mwLInZH99Lp3o9STkoxdAqQ_UWEPSGrj0jZMyRG6FIZSzHMT3301zTp74u_H_X-AGkYULI.BvsZzQ.d2FObZMtlSQzcpayL7jSgwJ0HsY

.eJytj9EKwjAMRX9F8mwh7dK19VuEUdMU9jAVdU_ivztTZfsAXw5Jbu4leUIdL3CA44xkw4cdKu2mdsqilDbZqSFq060CqYFYZdcy_Cp8V_2GLVuDKMAeHjJdh7EsJ0VkLxTYpJjRUE3RRJuccYx9z6dcc3GLYb7LbTjnSX5f_P2o1xs6nFBV.BvsaSQ.Bedu1vJe02ipZlCxXwwaeScT51Y
.eJytj9EKwjAMRX9F8mwh7dK19VuEUdMU9jAVdU_ivztTZfsAXw5Jbu4leUIdL3CA44xkw4cdKu2mdsqilDbZqSFq060CqYFYZdcy_Cp8V_2GLVuDKMAeHjJdh7EsJ0VkLxTYpJjRUE3RRJuccYx9z6dcc3GLYb7LbTjnSX5f_P2o1xs6nFBV.BvsaSQ.Bedu1vJe02ipZlCxXwwaeScT51Y

.eJytj0sOwjAMRK-CvCaSEzufchakiiRG6qKAgK4q7k5xQO0B2DzZHs_InuE8XOEAxwnZxg8JlXZTO2VVSpvs1JC0oVVgNXBR2bUMvwrfVb9hy9YgjrCHp4y3fqjLSRxDCLULRrIlwyGTyV3xphBipeQwZbcYpofc-8tplN8Xfz_q9Qb500-9.BvsmdA.b3-OjciTg51UPoWrx7htjkiYgr8
.eJytj0sOwjAMRK-CvCaSEzufchakiiRG6qKAgK4q7k5xQO0B2DzZHs_InuE8XOEAxwnZxg8JlXZTO2VVSpvs1JC0oVVgNXBR2bUMvwrfVb9hy9YgjrCHp4y3fqjLSRxDCLULRrIlwyGTyV3xphBipeQwZbcYpofc-8tplN8Xfz_q9Qb500-9.BvsmdA.b3-OjciTg51UPoWrx7htjkiYgr8

.eJytj0EKwkAMRa8iWTswmck40bMIRZsMdFEVtavi3dtmlPYAbh5Jfv4nGaF0dzjBefCEeWH0RtzUwShGrZOdGdiauApkBmpNDjUjrcJ3NW1Ysy2IMuzhrf2j6WQ-KatKPIbi-IDoqODVMbG6lsRjCsyiYTYML302t0uvvy_-ftRnAi-bUCo.Bvsmmw.I8yiWeSQSrzaxlT04X2VKHeD7AA
.eJytj0EKwkAMRa8iWTswmck40bMIRZsMdFEVtavi3dtmlPYAbh5Jfv4nGaF0dzjBefCEeWH0RtzUwShGrZOdGdiauApkBmpNDjUjrcJ3NW1Ysy2IMuzhrf2j6WQ-KatKPIbi-IDoqODVMbG6lsRjCsyiYTYML302t0uvvy_-ftRnAi-bUCo.Bvsmmw.I8yiWeSQSrzaxlT04X2VKHeD7AA
