2015-07-20T15:31:58+03:00 [27423] /var/www/depo.myplatfon.ru/php/depo/cls/src/Tym.php line 61 OMSAdapter INFO  OMSAdapter::UserRegistration[ fname="Vladimir" mname="Sergeevich" sname="Bushuev" phone="+79265766710" email="bushuev@mobiplas.ru" login="+79265766710" fio="Bushuev Vladimir Sergeevich" nameOnCard="VLADIMIR BUSHUEV" sex="M" pin="1111"]
2015-07-20T15:32:00+03:00 [27423] /var/www/depo.myplatfon.ru/php/depo/cls/src/Tym.php line 61 FIMIAdapter INFO  FIMIAdapter::CreatePerson[ fname="Vladimir" mname="Sergeevich" sname="Bushuev" phone="+79265766710" email="bushuev@mobiplas.ru" login="+79265766710" fio="Bushuev Vladimir Sergeevich" nameOnCard="VLADIMIR BUSHUEV" sex="M" pin="1111" account="40903810601040000110" personid="287"]
2015-07-20T15:32:00+03:00 [27423] /var/www/depo.myplatfon.ru/php/depo/cls/src/Tym.php line 70 FIMIAdapter ERROR CURL ERROR[couldn't connect to host] STATUS[0]
2015-07-20T15:32:00+03:00 [27423] /var/www/depo.myplatfon.ru/php/depo/cls/test.php line 35 root ERROR couldn't connect to host
2015-07-20T15:41:45+03:00 [27485] /var/www/depo.myplatfon.ru/php/depo/cls/src/Tym.php line 61 OMSAdapter INFO  OMSAdapter::UserRegistration[ fname="Vladimir" mname="Sergeevich" sname="Bushuev" phone="+79265766710" email="bushuev@mobiplas.ru" login="+79265766710" fio="Bushuev Vladimir Sergeevich" nameOnCard="VLADIMIR BUSHUEV" sex="M" pin="1111"]
2015-07-20T15:41:46+03:00 [27485] /var/www/depo.myplatfon.ru/php/depo/cls/src/Tym.php line 61 FIMIAdapter INFO  FIMIAdapter::CreatePerson[ fname="Vladimir" mname="Sergeevich" sname="Bushuev" phone="+79265766710" email="bushuev@mobiplas.ru" login="+79265766710" fio="Bushuev Vladimir Sergeevich" nameOnCard="VLADIMIR BUSHUEV" sex="M" pin="1111" account="40903810201040000112" personid="289"]
2015-07-20T15:41:46+03:00 [27485] /var/www/depo.myplatfon.ru/php/depo/cls/src/Tym.php line 70 FIMIAdapter ERROR CURL ERROR[couldn't connect to host] STATUS[0]
2015-07-20T15:41:46+03:00 [27485] /var/www/depo.myplatfon.ru/php/depo/cls/test.php line 35 root ERROR couldn't connect to host
2015-07-20T15:48:42+03:00 [27205] /var/www/depo.myplatfon.ru/php/depo/cls/src/Tym.php line 61 OMSAdapter INFO  OMSAdapter::UserRegistration[ fname="Den" mname="G." sname="Drake" phone="+79057107350" email="droden@mobiplas.ru" login="+79057107350" fio="Drake Den G." nameOnCard="DEN DRAKE" sex="M" pin="1111"]
2015-07-20T15:48:43+03:00 [27205] /var/www/depo.myplatfon.ru/php/depo/cls/src/Tym.php line 61 FIMIAdapter INFO  FIMIAdapter::CreatePerson[ fname="Den" mname="G." sname="Drake" phone="+79057107350" email="droden@mobiplas.ru" login="+79057107350" fio="Drake Den G." nameOnCard="DEN DRAKE" sex="M" pin="1111" account="40903810401040000116" personid="293"]
2015-07-20T15:48:43+03:00 [27205] /var/www/depo.myplatfon.ru/php/depo/cls/src/Tym.php line 61 FIMIAdapter INFO  FIMIAdapter::CreateAccount[ fname="Den" mname="G." sname="Drake" phone="+79057107350" email="droden@mobiplas.ru" login="+79057107350" fio="Drake Den G." nameOnCard="DEN DRAKE" sex="M" pin="1111" account="40903810401040000116" personid="293"]
2015-07-20T15:48:43+03:00 [27205] /var/www/depo.myplatfon.ru/php/depo/cls/src/Tym.php line 61 FIMIAdapter INFO  FIMIAdapter::CreateVCard[ fname="Den" mname="G." sname="Drake" phone="+79057107350" email="droden@mobiplas.ru" login="+79057107350" fio="Drake Den G." nameOnCard="DEN DRAKE" sex="M" pin="1111" account="40903810401040000116" personid="293"]
2015-07-20T15:48:44+03:00 [27205] /var/www/depo.myplatfon.ru/php/depo/cls/src/Tym.php line 61 FIMIAdapter INFO  FIMIAdapter::CNSCardConfig[ fname="Den" mname="G." sname="Drake" phone="+79057107350" email="droden@mobiplas.ru" login="+79057107350" fio="Drake Den G." nameOnCard="DEN DRAKE" sex="M" pin="1111" account="40903810401040000116" personid="293" pan="0000000000186254"]
2015-07-20T15:48:44+03:00 [27205] /var/www/depo.myplatfon.ru/php/depo/cls/src/Tym.php line 61 VTBIAdapter INFO  VTBIAdapter::CreateTBCustomer[ fname="Den" mname="G." sname="Drake" phone="+79057107350" email="droden@mobiplas.ru" login="+79057107350" fio="Drake Den G." nameOnCard="DEN DRAKE" sex="M" pin="1111" account="40903810401040000116" personid="293" pan="0000000000186254"]
2015-07-20T15:48:45+03:00 [27205] /var/www/depo.myplatfon.ru/php/depo/cls/src/Tym.php line 61 VTBIAdapter INFO  VTBIAdapter::Logon[ fname="Den" mname="G." sname="Drake" phone="+79057107350" email="droden@mobiplas.ru" login="+79057107350" fio="Drake Den G." nameOnCard="DEN DRAKE" sex="M" pin="1111" account="40903810401040000116" personid="293" pan="0000000000186254" telebank="18625602711"]
2015-07-20T16:01:31+03:00 [27719] /var/www/depo.myplatfon.ru/php/depo/cls/src/Tym.php line 61 OMSAdapter INFO  OMSAdapter::UserRegistration[ fname="Den" mname="G." sname="Drake" phone="+79057107350" email="droden@mobiplas.ru" login="+79057107350" fio="Drake Den G." nameOnCard="DEN DRAKE" sex="M" pin="1111"]
2015-07-20T16:01:32+03:00 [27719] /var/www/depo.myplatfon.ru/php/depo/cls/src/Tym.php line 61 FIMIAdapter INFO  FIMIAdapter::CreatePerson[ fname="Den" mname="G." sname="Drake" phone="+79057107350" email="droden@mobiplas.ru" login="+79057107350" fio="Drake Den G." nameOnCard="DEN DRAKE" sex="M" pin="1111" account="40903810001040000118" personid="295"]
2015-07-20T16:01:32+03:00 [27719] /var/www/depo.myplatfon.ru/php/depo/cls/src/Tym.php line 61 FIMIAdapter INFO  FIMIAdapter::CreateAccount[ fname="Den" mname="G." sname="Drake" phone="+79057107350" email="droden@mobiplas.ru" login="+79057107350" fio="Drake Den G." nameOnCard="DEN DRAKE" sex="M" pin="1111" account="40903810001040000118" personid="295"]
2015-07-20T16:01:32+03:00 [27719] /var/www/depo.myplatfon.ru/php/depo/cls/src/Tym.php line 61 FIMIAdapter INFO  FIMIAdapter::CreateVCard[ fname="Den" mname="G." sname="Drake" phone="+79057107350" email="droden@mobiplas.ru" login="+79057107350" fio="Drake Den G." nameOnCard="DEN DRAKE" sex="M" pin="1111" account="40903810001040000118" personid="295"]
2015-07-20T16:01:32+03:00 [27719] /var/www/depo.myplatfon.ru/php/depo/cls/src/Tym.php line 61 FIMIAdapter INFO  FIMIAdapter::CNSCardConfig[ fname="Den" mname="G." sname="Drake" phone="+79057107350" email="droden@mobiplas.ru" login="+79057107350" fio="Drake Den G." nameOnCard="DEN DRAKE" sex="M" pin="1111" account="40903810001040000118" personid="295" pan="0000000000125757"]
2015-07-20T16:01:33+03:00 [27719] /var/www/depo.myplatfon.ru/php/depo/cls/src/Tym.php line 61 VTBIAdapter INFO  VTBIAdapter::CreateTBCustomer[ fname="Den" mname="G." sname="Drake" phone="+79057107350" email="droden@mobiplas.ru" login="+79057107350" fio="Drake Den G." nameOnCard="DEN DRAKE" sex="M" pin="1111" account="40903810001040000118" personid="295" pan="0000000000125757"]
2015-07-20T16:01:34+03:00 [27719] /var/www/depo.myplatfon.ru/php/depo/cls/src/Tym.php line 70 VTBIAdapter ERROR [-1]Text login "79057107350" already exists in institution #1
2015-07-20T16:01:34+03:00 [27719] /var/www/depo.myplatfon.ru/php/depo/cls/src/Tym.php line 67 VTBIAdapter WARN  Already client
2015-07-20T16:01:34+03:00 [27719] /var/www/depo.myplatfon.ru/php/depo/cls/src/Tym.php line 70 VTBIAdapter ERROR Parameter telebank is requered for VTBIAdapter::Logon
2015-07-20T16:01:34+03:00 [27719] /var/www/depo.myplatfon.ru/php/depo/cls/test.php line 35 root ERROR Parameter telebank is requered for VTBIAdapter::Logon
2015-07-20T16:02:28+03:00 [27720] /var/www/depo.myplatfon.ru/php/depo/cls/src/Tym.php line 61 OMSAdapter INFO  OMSAdapter::UserRegistration[ fname="Denis" mname="G" sname="Drake" phone="+79057107350" email="den@mobiplas.ru" login="+79057107350" fio="Drake Denis G" nameOnCard="DENIS DRAKE" sex="M" pin="1111"]
2015-07-20T16:02:29+03:00 [27720] /var/www/depo.myplatfon.ru/php/depo/cls/src/Tym.php line 61 FIMIAdapter INFO  FIMIAdapter::CreatePerson[ fname="Denis" mname="G" sname="Drake" phone="+79057107350" email="den@mobiplas.ru" login="+79057107350" fio="Drake Denis G" nameOnCard="DENIS DRAKE" sex="M" pin="1111" account="40903810301040000119" personid="296"]
2015-07-20T16:02:29+03:00 [27720] /var/www/depo.myplatfon.ru/php/depo/cls/src/Tym.php line 61 FIMIAdapter INFO  FIMIAdapter::CreateAccount[ fname="Denis" mname="G" sname="Drake" phone="+79057107350" email="den@mobiplas.ru" login="+79057107350" fio="Drake Denis G" nameOnCard="DENIS DRAKE" sex="M" pin="1111" account="40903810301040000119" personid="296"]
2015-07-20T16:02:30+03:00 [27720] /var/www/depo.myplatfon.ru/php/depo/cls/src/Tym.php line 61 FIMIAdapter INFO  FIMIAdapter::CreateVCard[ fname="Denis" mname="G" sname="Drake" phone="+79057107350" email="den@mobiplas.ru" login="+79057107350" fio="Drake Denis G" nameOnCard="DENIS DRAKE" sex="M" pin="1111" account="40903810301040000119" personid="296"]
2015-07-20T16:02:30+03:00 [27720] /var/www/depo.myplatfon.ru/php/depo/cls/src/Tym.php line 61 FIMIAdapter INFO  FIMIAdapter::CNSCardConfig[ fname="Denis" mname="G" sname="Drake" phone="+79057107350" email="den@mobiplas.ru" login="+79057107350" fio="Drake Denis G" nameOnCard="DENIS DRAKE" sex="M" pin="1111" account="40903810301040000119" personid="296" pan="0000000000196543"]
2015-07-20T16:02:30+03:00 [27720] /var/www/depo.myplatfon.ru/php/depo/cls/src/Tym.php line 61 VTBIAdapter INFO  VTBIAdapter::CreateTBCustomer[ fname="Denis" mname="G" sname="Drake" phone="+79057107350" email="den@mobiplas.ru" login="+79057107350" fio="Drake Denis G" nameOnCard="DENIS DRAKE" sex="M" pin="1111" account="40903810301040000119" personid="296" pan="0000000000196543"]
2015-07-20T16:02:30+03:00 [27720] /var/www/depo.myplatfon.ru/php/depo/cls/src/Tym.php line 70 VTBIAdapter ERROR [-1]Text login "79057107350" already exists in institution #1
2015-07-20T16:02:30+03:00 [27720] /var/www/depo.myplatfon.ru/php/depo/cls/src/Tym.php line 67 VTBIAdapter WARN  Already client
2015-07-20T16:02:30+03:00 [27720] /var/www/depo.myplatfon.ru/php/depo/cls/src/Tym.php line 70 VTBIAdapter ERROR Parameter telebank is requered for VTBIAdapter::Logon
2015-07-20T16:02:30+03:00 [27720] /var/www/depo.myplatfon.ru/php/depo/cls/test.php line 35 root ERROR Parameter telebank is requered for VTBIAdapter::Logon
2015-07-20T16:02:51+03:00 [27802] /var/www/depo.myplatfon.ru/php/depo/cls/src/Tym.php line 61 OMSAdapter INFO  OMSAdapter::UserRegistration[ fname="Denis" mname="G" sname="Drake" phone="+79261234215" email="den@mobiplas.ru" login="+79261234215" fio="Drake Denis G" nameOnCard="DENIS DRAKE" sex="M" pin="1111"]
2015-07-20T16:02:52+03:00 [27802] /var/www/depo.myplatfon.ru/php/depo/cls/src/Tym.php line 61 FIMIAdapter INFO  FIMIAdapter::CreatePerson[ fname="Denis" mname="G" sname="Drake" phone="+79261234215" email="den@mobiplas.ru" login="+79261234215" fio="Drake Denis G" nameOnCard="DENIS DRAKE" sex="M" pin="1111" account="40903810701040000120" personid="297"]
2015-07-20T16:02:52+03:00 [27802] /var/www/depo.myplatfon.ru/php/depo/cls/src/Tym.php line 61 FIMIAdapter INFO  FIMIAdapter::CreateAccount[ fname="Denis" mname="G" sname="Drake" phone="+79261234215" email="den@mobiplas.ru" login="+79261234215" fio="Drake Denis G" nameOnCard="DENIS DRAKE" sex="M" pin="1111" account="40903810701040000120" personid="297"]
2015-07-20T16:02:52+03:00 [27802] /var/www/depo.myplatfon.ru/php/depo/cls/src/Tym.php line 61 FIMIAdapter INFO  FIMIAdapter::CreateVCard[ fname="Denis" mname="G" sname="Drake" phone="+79261234215" email="den@mobiplas.ru" login="+79261234215" fio="Drake Denis G" nameOnCard="DENIS DRAKE" sex="M" pin="1111" account="40903810701040000120" personid="297"]
2015-07-20T16:02:52+03:00 [27802] /var/www/depo.myplatfon.ru/php/depo/cls/src/Tym.php line 61 FIMIAdapter INFO  FIMIAdapter::CNSCardConfig[ fname="Denis" mname="G" sname="Drake" phone="+79261234215" email="den@mobiplas.ru" login="+79261234215" fio="Drake Denis G" nameOnCard="DENIS DRAKE" sex="M" pin="1111" account="40903810701040000120" personid="297" pan="0000000000151027"]
2015-07-20T16:02:53+03:00 [27802] /var/www/depo.myplatfon.ru/php/depo/cls/src/Tym.php line 61 VTBIAdapter INFO  VTBIAdapter::CreateTBCustomer[ fname="Denis" mname="G" sname="Drake" phone="+79261234215" email="den@mobiplas.ru" login="+79261234215" fio="Drake Denis G" nameOnCard="DENIS DRAKE" sex="M" pin="1111" account="40903810701040000120" personid="297" pan="0000000000151027"]
2015-07-20T16:02:53+03:00 [27802] /var/www/depo.myplatfon.ru/php/depo/cls/src/Tym.php line 61 VTBIAdapter INFO  VTBIAdapter::Logon[ fname="Denis" mname="G" sname="Drake" phone="+79261234215" email="den@mobiplas.ru" login="+79261234215" fio="Drake Denis G" nameOnCard="DENIS DRAKE" sex="M" pin="1111" account="40903810701040000120" personid="297" pan="0000000000151027" telebank="13955310571"]
2015-07-20T16:32:42+03:00 [28185] /var/www/depo.myplatfon.ru/php/depo/cls/src/Tym.php line 61 VTBIAdapter INFO  VTBIAdapter::Logon[ telebank="18625602711" pin="1111"]
2015-07-20T16:38:33+03:00 [28215] /var/www/depo.myplatfon.ru/php/depo/cls/src/Tym.php line 61 VTBIAdapter INFO  VTBIAdapter::Logon[ telebank="18625602711" pin="1111"]
2015-07-20T16:40:04+03:00 [28143] /var/www/depo.myplatfon.ru/php/depo/cls/src/Tym.php line 61 VTBIAdapter INFO  VTBIAdapter::Logon[ telebank="18625602711" pin="1111"]
2015-07-20T16:40:36+03:00 [28293] /var/www/depo.myplatfon.ru/php/depo/cls/src/Tym.php line 61 VTBIAdapter INFO  VTBIAdapter::Logon[ telebank="18625602711" pin="1111"]
