2015-07-23T15:09:13+03:00 [3072] /var/www/depo.myplatfon.ru/php/depo/cls/src/Tym.php line 61 OMSAdapter INFO  OMSAdapter::UserRegistration[ fname="Denis" mname="G" sname="Drake" phone="+79261234215" email="den@mobiplas.ru" login="+79261234215" fio="Drake Denis G" nameOnCard="DENIS DRAKE" sex="M" pin="1111"]
2015-07-23T15:09:15+03:00 [3072] /var/www/depo.myplatfon.ru/php/depo/cls/src/Tym.php line 61 FIMIAdapter INFO  FIMIAdapter::CreatePerson[ fname="Denis" mname="G" sname="Drake" phone="+79261234215" email="den@mobiplas.ru" login="+79261234215" fio="Drake Denis G" nameOnCard="DENIS DRAKE" sex="M" pin="1111" account="40903810401040000190" personid="358"]
2015-07-23T15:09:15+03:00 [3072] /var/www/depo.myplatfon.ru/php/depo/cls/src/Tym.php line 61 FIMIAdapter INFO  FIMIAdapter::CreateAccount[ fname="Denis" mname="G" sname="Drake" phone="+79261234215" email="den@mobiplas.ru" login="+79261234215" fio="Drake Denis G" nameOnCard="DENIS DRAKE" sex="M" pin="1111" account="40903810401040000190" personid="358"]
2015-07-23T15:09:15+03:00 [3072] /var/www/depo.myplatfon.ru/php/depo/cls/src/Tym.php line 61 FIMIAdapter INFO  FIMIAdapter::CreateVCard[ fname="Denis" mname="G" sname="Drake" phone="+79261234215" email="den@mobiplas.ru" login="+79261234215" fio="Drake Denis G" nameOnCard="DENIS DRAKE" sex="M" pin="1111" account="40903810401040000190" personid="358"]
2015-07-23T15:09:15+03:00 [3072] /var/www/depo.myplatfon.ru/php/depo/cls/src/Tym.php line 61 FIMIAdapter INFO  FIMIAdapter::CNSCardConfig[ fname="Denis" mname="G" sname="Drake" phone="+79261234215" email="den@mobiplas.ru" login="+79261234215" fio="Drake Denis G" nameOnCard="DENIS DRAKE" sex="M" pin="1111" account="40903810401040000190" personid="358" pan="0000000000136572"]
2015-07-23T15:09:15+03:00 [3072] /var/www/depo.myplatfon.ru/php/depo/cls/src/Tym.php line 61 VTBIAdapter INFO  VTBIAdapter::CreateTBCustomer[ fname="Denis" mname="G" sname="Drake" phone="+79261234215" email="den@mobiplas.ru" login="+79261234215" fio="Drake Denis G" nameOnCard="DENIS DRAKE" sex="M" pin="1111" account="40903810401040000190" personid="358" pan="0000000000136572"]
2015-07-23T15:09:15+03:00 [3072] /var/www/depo.myplatfon.ru/php/depo/cls/src/Tym.php line 70 VTBIAdapter ERROR [-1]Text login "79261234215" already exists in institution #1
2015-07-23T15:09:15+03:00 [3072] /var/www/depo.myplatfon.ru/php/depo/cls/src/Tym.php line 67 VTBIAdapter WARN  Already client
2015-07-23T15:09:15+03:00 [3072] /var/www/depo.myplatfon.ru/php/depo/cls/src/Tym.php line 70 VTBIAdapter ERROR Parameter telebank is requered for VTBIAdapter::Logon
2015-07-23T15:09:15+03:00 [3072] /var/www/depo.myplatfon.ru/php/depo/cls/test.php line 35 root ERROR Parameter telebank is requered for VTBIAdapter::Logon
2015-07-23T15:10:12+03:00 [3119] /var/www/depo.myplatfon.ru/php/depo/cls/src/Tym.php line 61 OMSAdapter INFO  OMSAdapter::UserRegistration[ fname="Denis" mname="G" sname="Drake" phone="+79261234215" email="den@mobiplas.ru" login="+79261234215" fio="Drake Denis G" nameOnCard="DENIS DRAKE" sex="M" pin="1111"]
2015-07-23T15:10:13+03:00 [3119] /var/www/depo.myplatfon.ru/php/depo/cls/src/Tym.php line 61 FIMIAdapter INFO  FIMIAdapter::CreatePerson[ fname="Denis" mname="G" sname="Drake" phone="+79261234215" email="den@mobiplas.ru" login="+79261234215" fio="Drake Denis G" nameOnCard="DENIS DRAKE" sex="M" pin="1111" account="40903810701040000191" personid="359"]
2015-07-23T15:10:13+03:00 [3119] /var/www/depo.myplatfon.ru/php/depo/cls/src/Tym.php line 61 FIMIAdapter INFO  FIMIAdapter::CreateAccount[ fname="Denis" mname="G" sname="Drake" phone="+79261234215" email="den@mobiplas.ru" login="+79261234215" fio="Drake Denis G" nameOnCard="DENIS DRAKE" sex="M" pin="1111" account="40903810701040000191" personid="359"]
2015-07-23T15:10:13+03:00 [3119] /var/www/depo.myplatfon.ru/php/depo/cls/src/Tym.php line 61 FIMIAdapter INFO  FIMIAdapter::CreateVCard[ fname="Denis" mname="G" sname="Drake" phone="+79261234215" email="den@mobiplas.ru" login="+79261234215" fio="Drake Denis G" nameOnCard="DENIS DRAKE" sex="M" pin="1111" account="40903810701040000191" personid="359"]
2015-07-23T15:10:13+03:00 [3119] /var/www/depo.myplatfon.ru/php/depo/cls/src/Tym.php line 61 FIMIAdapter INFO  FIMIAdapter::CNSCardConfig[ fname="Denis" mname="G" sname="Drake" phone="+79261234215" email="den@mobiplas.ru" login="+79261234215" fio="Drake Denis G" nameOnCard="DENIS DRAKE" sex="M" pin="1111" account="40903810701040000191" personid="359" pan="0000000000126607"]
2015-07-23T15:10:13+03:00 [3119] /var/www/depo.myplatfon.ru/php/depo/cls/src/Tym.php line 61 VTBIAdapter INFO  VTBIAdapter::CreateTBCustomer[ fname="Denis" mname="G" sname="Drake" phone="+79261234215" email="den@mobiplas.ru" login="+79261234215" fio="Drake Denis G" nameOnCard="DENIS DRAKE" sex="M" pin="1111" account="40903810701040000191" personid="359" pan="0000000000126607"]
2015-07-23T15:10:13+03:00 [3119] /var/www/depo.myplatfon.ru/php/depo/cls/src/Tym.php line 70 VTBIAdapter ERROR [-1]Text login "79261234215" already exists in institution #1
2015-07-23T15:10:13+03:00 [3119] /var/www/depo.myplatfon.ru/php/depo/cls/src/Tym.php line 67 VTBIAdapter WARN  Already client
2015-07-23T15:10:13+03:00 [3119] /var/www/depo.myplatfon.ru/php/depo/cls/src/Tym.php line 70 VTBIAdapter ERROR Parameter telebank is requered for VTBIAdapter::Logon
2015-07-23T15:10:13+03:00 [3119] /var/www/depo.myplatfon.ru/php/depo/cls/test.php line 35 root ERROR Parameter telebank is requered for VTBIAdapter::Logon
2015-07-23T15:12:02+03:00 [3008] /var/www/depo.myplatfon.ru/php/depo/cls/src/Tym.php line 61 VTBIAdapter INFO  VTBIAdapter::GetPAN[ pin="1111" login="79057107350"]
2015-07-23T15:12:02+03:00 [3008] /var/www/depo.myplatfon.ru/php/depo/cls/src/Tym.php line 61 VTBIAdapter INFO  VTBIAdapter::Logon[ pin="1111" login="79057107350" telebank="18625602711"]
2015-07-23T15:12:23+03:00 [3072] /var/www/depo.myplatfon.ru/php/depo/cls/src/Tym.php line 61 VTBIAdapter INFO  VTBIAdapter::GetPAN[ pin="1111" login="79057107350"]
2015-07-23T15:12:23+03:00 [3072] /var/www/depo.myplatfon.ru/php/depo/cls/src/Tym.php line 61 VTBIAdapter INFO  VTBIAdapter::Logon[ pin="1111" login="79057107350" telebank="18625602711"]
2015-07-23T15:17:15+03:00 [3054] /var/www/depo.myplatfon.ru/php/depo/cls/src/Tym.php line 61 VTBIAdapter INFO  VTBIAdapter::GetPAN[ pin="1111" login="79057107350"]
2015-07-23T15:17:15+03:00 [3054] /var/www/depo.myplatfon.ru/php/depo/cls/src/Tym.php line 61 VTBIAdapter INFO  VTBIAdapter::Logon[ pin="1111" login="79057107350" telebank="18625602711"]
2015-07-23T15:17:56+03:00 [3093] /var/www/depo.myplatfon.ru/php/depo/cls/src/Tym.php line 61 VTBIAdapter INFO  VTBIAdapter::GetPAN[ pin="1111" login="79057107350"]
2015-07-23T15:17:56+03:00 [3093] /var/www/depo.myplatfon.ru/php/depo/cls/src/Tym.php line 61 VTBIAdapter INFO  VTBIAdapter::Logon[ pin="1111" login="79057107350" telebank="18625602711"]
2015-07-23T15:17:57+03:00 [3093] /var/www/depo.myplatfon.ru/php/depo/cls/src/Tym.php line 61 VTBIAdapter INFO  VTBIAdapter::Accts[ pin="1111" login="79057107350" telebank="18625602711"]
2015-07-23T15:19:59+03:00 [3008] /var/www/depo.myplatfon.ru/php/depo/cls/src/Tym.php line 61 VTBIAdapter INFO  VTBIAdapter::GetPAN[ pin="1111" login="79057107350"]
2015-07-23T15:19:59+03:00 [3008] /var/www/depo.myplatfon.ru/php/depo/cls/src/Tym.php line 61 VTBIAdapter INFO  VTBIAdapter::Logon[ pin="1111" login="79057107350" telebank="18625602711"]
2015-07-23T15:19:59+03:00 [3008] /var/www/depo.myplatfon.ru/php/depo/cls/src/Tym.php line 61 VTBIAdapter INFO  VTBIAdapter::Accts[ pin="1111" login="79057107350" telebank="18625602711"]
2015-07-23T15:20:21+03:00 [3053] /var/www/depo.myplatfon.ru/php/depo/cls/src/Tym.php line 61 VTBIAdapter INFO  VTBIAdapter::GetPAN[ pin="1111" login="79057107350"]
2015-07-23T15:20:21+03:00 [3053] /var/www/depo.myplatfon.ru/php/depo/cls/src/Tym.php line 61 VTBIAdapter INFO  VTBIAdapter::Logon[ pin="1111" login="79057107350" telebank="18625602711"]
2015-07-23T15:20:21+03:00 [3053] /var/www/depo.myplatfon.ru/php/depo/cls/src/Tym.php line 61 VTBIAdapter INFO  VTBIAdapter::Accts[ pin="1111" login="79057107350" telebank="18625602711"]
2015-07-23T15:32:11+03:00 [3287] /var/www/depo.myplatfon.ru/php/depo/cls/src/Tym.php line 61 VTBIAdapter INFO  VTBIAdapter::GetPAN[ pin="1111" login="79057107350"]
2015-07-23T15:32:11+03:00 [3287] /var/www/depo.myplatfon.ru/php/depo/cls/src/Tym.php line 61 VTBIAdapter INFO  VTBIAdapter::Logon[ pin="1111" login="79057107350" telebank="18625602711"]
2015-07-23T15:32:11+03:00 [3287] /var/www/depo.myplatfon.ru/php/depo/cls/src/Tym.php line 61 VTBIAdapter INFO  VTBIAdapter::Accts[ pin="1111" login="79057107350" telebank="18625602711"]
2015-07-23T15:32:54+03:00 [3288] /var/www/depo.myplatfon.ru/php/depo/cls/src/Tym.php line 61 VTBIAdapter INFO  VTBIAdapter::GetPAN[ pin="1111" login="79057107350"]
2015-07-23T15:32:54+03:00 [3288] /var/www/depo.myplatfon.ru/php/depo/cls/src/Tym.php line 61 VTBIAdapter INFO  VTBIAdapter::Logon[ pin="1111" login="79057107350" telebank="18625602711"]
2015-07-23T15:32:54+03:00 [3288] /var/www/depo.myplatfon.ru/php/depo/cls/src/Tym.php line 61 VTBIAdapter INFO  VTBIAdapter::Accts[ pin="1111" login="79057107350" telebank="18625602711"]
2015-07-23T15:43:58+03:00 [3374] /var/www/depo.myplatfon.ru/php/depo/cls/src/Tym.php line 61 VTBIAdapter INFO  VTBIAdapter::GetPAN[ pin="1111" login="79057107350"]
2015-07-23T15:43:58+03:00 [3374] /var/www/depo.myplatfon.ru/php/depo/cls/src/Tym.php line 61 VTBIAdapter INFO  VTBIAdapter::Logon[ pin="1111" login="79057107350" telebank="18625602711"]
2015-07-23T15:43:58+03:00 [3374] /var/www/depo.myplatfon.ru/php/depo/cls/src/Tym.php line 61 VTBIAdapter INFO  VTBIAdapter::Accts[ pin="1111" login="79057107350" telebank="18625602711"]
2015-07-23T16:01:22+03:00 [3531] /var/www/depo.myplatfon.ru/php/depo/cls/src/Tym.php line 61 VTBIAdapter INFO  VTBIAdapter::GetPAN[ pin="1111" login="79057107350"]
2015-07-23T16:01:22+03:00 [3531] /var/www/depo.myplatfon.ru/php/depo/cls/src/Tym.php line 61 VTBIAdapter INFO  VTBIAdapter::Logon[ pin="1111" login="79057107350" telebank="18625602711"]
2015-07-23T16:01:22+03:00 [3531] /var/www/depo.myplatfon.ru/php/depo/cls/src/Tym.php line 61 VTBIAdapter INFO  VTBIAdapter::Accts[ pin="1111" login="79057107350" telebank="18625602711"]
2015-07-23T16:04:19+03:00 [3531] /var/www/depo.myplatfon.ru/php/depo/cls/src/Tym.php line 61 VTBIAdapter INFO  VTBIAdapter::GetPAN[ pin="1111" login="79057107350"]
2015-07-23T16:04:19+03:00 [3531] /var/www/depo.myplatfon.ru/php/depo/cls/src/Tym.php line 61 VTBIAdapter INFO  VTBIAdapter::Logon[ pin="1111" login="79057107350" telebank="18625602711"]
2015-07-23T16:04:20+03:00 [3531] /var/www/depo.myplatfon.ru/php/depo/cls/src/Tym.php line 61 VTBIAdapter INFO  VTBIAdapter::Accts[ pin="1111" login="79057107350" telebank="18625602711"]
2015-07-23T16:05:25+03:00 [3372] /var/www/depo.myplatfon.ru/php/depo/cls/src/Tym.php line 61 VTBIAdapter INFO  VTBIAdapter::GetPAN[ pin="1111" login="79057107350"]
2015-07-23T16:05:25+03:00 [3372] /var/www/depo.myplatfon.ru/php/depo/cls/src/Tym.php line 61 VTBIAdapter INFO  VTBIAdapter::Logon[ pin="1111" login="79057107350" telebank="18625602711"]
2015-07-23T16:05:25+03:00 [3372] /var/www/depo.myplatfon.ru/php/depo/cls/src/Tym.php line 61 VTBIAdapter INFO  VTBIAdapter::Accts[ pin="1111" login="79057107350" telebank="18625602711"]
2015-07-23T16:05:53+03:00 [3492] /var/www/depo.myplatfon.ru/php/depo/cls/src/Tym.php line 61 VTBIAdapter INFO  VTBIAdapter::GetPAN[ pin="1111" login="79057107350"]
2015-07-23T16:05:53+03:00 [3492] /var/www/depo.myplatfon.ru/php/depo/cls/src/Tym.php line 61 VTBIAdapter INFO  VTBIAdapter::Logon[ pin="1111" login="79057107350" telebank="18625602711"]
2015-07-23T16:05:53+03:00 [3492] /var/www/depo.myplatfon.ru/php/depo/cls/src/Tym.php line 61 VTBIAdapter INFO  VTBIAdapter::Accts[ pin="1111" login="79057107350" telebank="18625602711"]
2015-07-23T16:17:36+03:00 [3800] /var/www/depo.myplatfon.ru/php/depo/cls/src/Tym.php line 61 VTBIAdapter INFO  VTBIAdapter::GetPAN[ pin="1111" login="79057107350"]
2015-07-23T16:17:36+03:00 [3800] /var/www/depo.myplatfon.ru/php/depo/cls/src/Tym.php line 61 VTBIAdapter INFO  VTBIAdapter::Logon[ pin="1111" login="79057107350" telebank="18625602711"]
2015-07-23T16:17:36+03:00 [3800] /var/www/depo.myplatfon.ru/php/depo/cls/src/Tym.php line 61 VTBIAdapter INFO  VTBIAdapter::Accts[ pin="1111" login="79057107350" telebank="18625602711"]
2015-07-23T16:17:36+03:00 [3800] /var/www/depo.myplatfon.ru/php/depo/cls/logon.php line 29 root ERROR String could not be parsed as XML
2015-07-23T16:24:27+03:00 [3802] /var/www/depo.myplatfon.ru/php/depo/cls/src/Tym.php line 61 VTBIAdapter INFO  VTBIAdapter::GetPAN[ pin="1111" login="79057107350"]
2015-07-23T16:24:43+03:00 [3802] /var/www/depo.myplatfon.ru/php/depo/cls/src/Tym.php line 70 VTBIAdapter ERROR Parameter telebank is requered for VTBIAdapter::Logon
2015-07-23T16:24:43+03:00 [3802] /var/www/depo.myplatfon.ru/php/depo/cls/logon.php line 29 root ERROR Parameter telebank is requered for VTBIAdapter::Logon
2015-07-23T16:24:54+03:00 [3802] /var/www/depo.myplatfon.ru/php/depo/cls/src/Tym.php line 61 VTBIAdapter INFO  VTBIAdapter::GetPAN[ pin="1111" login="79057107350"]
2015-07-23T16:25:10+03:00 [3802] /var/www/depo.myplatfon.ru/php/depo/cls/src/Tym.php line 70 VTBIAdapter ERROR Parameter telebank is requered for VTBIAdapter::Logon
2015-07-23T16:25:10+03:00 [3802] /var/www/depo.myplatfon.ru/php/depo/cls/logon.php line 29 root ERROR Parameter telebank is requered for VTBIAdapter::Logon
2015-07-23T16:25:40+03:00 [3671] /var/www/depo.myplatfon.ru/php/depo/cls/src/Tym.php line 61 VTBIAdapter INFO  VTBIAdapter::GetPAN[ pin="1111" login="79057107350"]
2015-07-23T16:25:40+03:00 [3671] /var/www/depo.myplatfon.ru/php/depo/cls/src/Tym.php line 61 VTBIAdapter INFO  VTBIAdapter::Logon[ pin="1111" login="79057107350" telebank="18625602711"]
2015-07-23T16:25:40+03:00 [3671] /var/www/depo.myplatfon.ru/php/depo/cls/src/Tym.php line 61 VTBIAdapter INFO  VTBIAdapter::Accts[ pin="1111" login="79057107350" telebank="18625602711"]
2015-07-23T16:25:58+03:00 [3801] /var/www/depo.myplatfon.ru/php/depo/cls/src/Tym.php line 61 VTBIAdapter INFO  VTBIAdapter::GetPAN[ pin="1111" login="79057107350"]
2015-07-23T16:25:58+03:00 [3801] /var/www/depo.myplatfon.ru/php/depo/cls/src/Tym.php line 61 VTBIAdapter INFO  VTBIAdapter::Logon[ pin="1111" login="79057107350" telebank="18625602711"]
2015-07-23T16:25:58+03:00 [3801] /var/www/depo.myplatfon.ru/php/depo/cls/src/Tym.php line 61 VTBIAdapter INFO  VTBIAdapter::Accts[ pin="1111" login="79057107350" telebank="18625602711"]
2015-07-23T16:36:50+03:00 [3947] /var/www/depo.myplatfon.ru/php/depo/cls/src/Tym.php line 61 VTBIAdapter INFO  VTBIAdapter::GetPAN[ pin="1111" login="79057107350"]
2015-07-23T16:36:50+03:00 [3947] /var/www/depo.myplatfon.ru/php/depo/cls/src/Tym.php line 61 VTBIAdapter INFO  VTBIAdapter::Logon[ pin="1111" login="79057107350" telebank="18625602711"]
2015-07-23T16:36:50+03:00 [3947] /var/www/depo.myplatfon.ru/php/depo/cls/src/Tym.php line 61 VTBIAdapter INFO  VTBIAdapter::Accts[ pin="1111" login="79057107350" telebank="18625602711"]
2015-07-23T16:36:50+03:00 [3947] /var/www/depo.myplatfon.ru/php/depo/cls/logon.php line 29 root ERROR String could not be parsed as XML
2015-07-23T16:40:22+03:00 [4047] /var/www/depo.myplatfon.ru/php/depo/cls/src/Tym.php line 61 VTBIAdapter INFO  VTBIAdapter::GetPAN[ pin="1111" login="79057107350"]
2015-07-23T16:40:22+03:00 [4047] /var/www/depo.myplatfon.ru/php/depo/cls/src/Tym.php line 61 VTBIAdapter INFO  VTBIAdapter::Logon[ pin="1111" login="79057107350" telebank="18625602711"]
2015-07-23T16:40:22+03:00 [4047] /var/www/depo.myplatfon.ru/php/depo/cls/src/Tym.php line 61 VTBIAdapter INFO  VTBIAdapter::Accts[ pin="1111" login="79057107350" telebank="18625602711"]
2015-07-23T16:40:23+03:00 [4047] /var/www/depo.myplatfon.ru/php/depo/cls/logon.php line 29 root ERROR String could not be parsed as XML
2015-07-23T16:40:46+03:00 [4042] /var/www/depo.myplatfon.ru/php/depo/cls/src/Tym.php line 61 VTBIAdapter INFO  VTBIAdapter::GetPAN[ pin="1111" login="79057107350"]
2015-07-23T16:40:46+03:00 [4042] /var/www/depo.myplatfon.ru/php/depo/cls/src/Tym.php line 61 VTBIAdapter INFO  VTBIAdapter::Logon[ pin="1111" login="79057107350" telebank="18625602711"]
2015-07-23T16:40:46+03:00 [4042] /var/www/depo.myplatfon.ru/php/depo/cls/src/Tym.php line 61 VTBIAdapter INFO  VTBIAdapter::Accts[ pin="1111" login="79057107350" telebank="18625602711"]
2015-07-23T16:40:46+03:00 [4042] /var/www/depo.myplatfon.ru/php/depo/cls/logon.php line 29 root ERROR String could not be parsed as XML
2015-07-23T16:41:02+03:00 [4046] /var/www/depo.myplatfon.ru/php/depo/cls/src/Tym.php line 61 VTBIAdapter INFO  VTBIAdapter::GetPAN[ pin="1111" login="79057107350"]
2015-07-23T16:41:02+03:00 [4046] /var/www/depo.myplatfon.ru/php/depo/cls/src/Tym.php line 61 VTBIAdapter INFO  VTBIAdapter::Logon[ pin="1111" login="79057107350" telebank="18625602711"]
2015-07-23T16:41:02+03:00 [4046] /var/www/depo.myplatfon.ru/php/depo/cls/src/Tym.php line 61 VTBIAdapter INFO  VTBIAdapter::Accts[ pin="1111" login="79057107350" telebank="18625602711"]
2015-07-23T16:41:35+03:00 [4058] /var/www/depo.myplatfon.ru/php/depo/cls/src/Tym.php line 61 VTBIAdapter INFO  VTBIAdapter::GetPAN[ pin="1111" login="79057107350"]
2015-07-23T16:41:35+03:00 [4058] /var/www/depo.myplatfon.ru/php/depo/cls/src/Tym.php line 61 VTBIAdapter INFO  VTBIAdapter::Logon[ pin="1111" login="79057107350" telebank="18625602711"]
2015-07-23T16:41:35+03:00 [4058] /var/www/depo.myplatfon.ru/php/depo/cls/src/Tym.php line 61 VTBIAdapter INFO  VTBIAdapter::Accts[ pin="1111" login="79057107350" telebank="18625602711"]
2015-07-23T16:41:35+03:00 [4058] /var/www/depo.myplatfon.ru/php/depo/cls/logon.php line 29 root ERROR String could not be parsed as XML
2015-07-23T16:41:49+03:00 [4058] /var/www/depo.myplatfon.ru/php/depo/cls/src/Tym.php line 61 VTBIAdapter INFO  VTBIAdapter::GetPAN[ pin="1111" login="79057107350"]
2015-07-23T16:41:49+03:00 [4058] /var/www/depo.myplatfon.ru/php/depo/cls/src/Tym.php line 61 VTBIAdapter INFO  VTBIAdapter::Logon[ pin="1111" login="79057107350" telebank="18625602711"]
2015-07-23T16:41:49+03:00 [4058] /var/www/depo.myplatfon.ru/php/depo/cls/src/Tym.php line 61 VTBIAdapter INFO  VTBIAdapter::Accts[ pin="1111" login="79057107350" telebank="18625602711"]
2015-07-23T16:46:21+03:00 [4069] /var/www/depo.myplatfon.ru/php/depo/cls/src/Tym.php line 61 VTBIAdapter INFO  VTBIAdapter::GetPAN[ pin="1111" login="79057107350"]
2015-07-23T16:46:21+03:00 [4069] /var/www/depo.myplatfon.ru/php/depo/cls/src/Tym.php line 61 VTBIAdapter INFO  VTBIAdapter::Logon[ pin="1111" login="79057107350" telebank="18625602711"]
2015-07-23T16:46:21+03:00 [4069] /var/www/depo.myplatfon.ru/php/depo/cls/src/Tym.php line 61 VTBIAdapter INFO  VTBIAdapter::Accts[ pin="1111" login="79057107350" telebank="18625602711"]
2015-07-23T16:50:30+03:00 [3932] /var/www/depo.myplatfon.ru/php/depo/cls/src/Tym.php line 61 VTBIAdapter INFO  VTBIAdapter::GetPAN[ pin="1111" login="79057107350"]
2015-07-23T16:50:30+03:00 [3932] /var/www/depo.myplatfon.ru/php/depo/cls/src/Tym.php line 61 VTBIAdapter INFO  VTBIAdapter::Logon[ pin="1111" login="79057107350" telebank="18625602711"]
2015-07-23T16:50:30+03:00 [3932] /var/www/depo.myplatfon.ru/php/depo/cls/src/Tym.php line 61 VTBIAdapter INFO  VTBIAdapter::Accts[ pin="1111" login="79057107350" telebank="18625602711"]
2015-07-23T16:51:04+03:00 [4138] /var/www/depo.myplatfon.ru/php/depo/cls/src/Tym.php line 61 VTBIAdapter INFO  VTBIAdapter::GetPAN[ pin="1111" login="79057107350"]
2015-07-23T16:51:04+03:00 [4138] /var/www/depo.myplatfon.ru/php/depo/cls/src/Tym.php line 61 VTBIAdapter INFO  VTBIAdapter::Logon[ pin="1111" login="79057107350" telebank="18625602711"]
2015-07-23T16:51:04+03:00 [4138] /var/www/depo.myplatfon.ru/php/depo/cls/src/Tym.php line 61 VTBIAdapter INFO  VTBIAdapter::Accts[ pin="1111" login="79057107350" telebank="18625602711"]
2015-07-23T16:51:36+03:00 [4182] /var/www/depo.myplatfon.ru/php/depo/cls/src/Tym.php line 61 VTBIAdapter INFO  VTBIAdapter::GetPAN[ pin="1111" login="79057107350"]
2015-07-23T16:51:36+03:00 [4182] /var/www/depo.myplatfon.ru/php/depo/cls/src/Tym.php line 61 VTBIAdapter INFO  VTBIAdapter::Logon[ pin="1111" login="79057107350" telebank="18625602711"]
2015-07-23T16:51:36+03:00 [4182] /var/www/depo.myplatfon.ru/php/depo/cls/src/Tym.php line 61 VTBIAdapter INFO  VTBIAdapter::Accts[ pin="1111" login="79057107350" telebank="18625602711"]
2015-07-23T16:53:29+03:00 [3932] /var/www/depo.myplatfon.ru/php/depo/cls/src/Tym.php line 61 VTBIAdapter INFO  VTBIAdapter::GetPAN[ pin="1111" login="79057107350"]
2015-07-23T16:53:29+03:00 [3932] /var/www/depo.myplatfon.ru/php/depo/cls/src/Tym.php line 61 VTBIAdapter INFO  VTBIAdapter::Logon[ pin="1111" login="79057107350" telebank="18625602711"]
2015-07-23T16:53:29+03:00 [3932] /var/www/depo.myplatfon.ru/php/depo/cls/src/Tym.php line 61 VTBIAdapter INFO  VTBIAdapter::Accts[ pin="1111" login="79057107350" telebank="18625602711"]
2015-07-23T16:54:20+03:00 [4069] /var/www/depo.myplatfon.ru/php/depo/cls/src/Tym.php line 61 VTBIAdapter INFO  VTBIAdapter::GetPAN[ pin="1111" login="79057107350"]
2015-07-23T16:54:20+03:00 [4069] /var/www/depo.myplatfon.ru/php/depo/cls/src/Tym.php line 61 VTBIAdapter INFO  VTBIAdapter::Logon[ pin="1111" login="79057107350" telebank="18625602711"]
2015-07-23T16:54:20+03:00 [4069] /var/www/depo.myplatfon.ru/php/depo/cls/src/Tym.php line 61 VTBIAdapter INFO  VTBIAdapter::Accts[ pin="1111" login="79057107350" telebank="18625602711"]
2015-07-23T16:54:32+03:00 [4069] /var/www/depo.myplatfon.ru/php/depo/cls/src/Tym.php line 61 VTBIAdapter INFO  VTBIAdapter::GetPAN[ pin="1111" login="79057107350"]
2015-07-23T16:54:32+03:00 [4069] /var/www/depo.myplatfon.ru/php/depo/cls/src/Tym.php line 61 VTBIAdapter INFO  VTBIAdapter::Logon[ pin="1111" login="79057107350" telebank="18625602711"]
2015-07-23T16:54:32+03:00 [4069] /var/www/depo.myplatfon.ru/php/depo/cls/src/Tym.php line 61 VTBIAdapter INFO  VTBIAdapter::Accts[ pin="1111" login="79057107350" telebank="18625602711"]
2015-07-23T16:54:59+03:00 [4191] /var/www/depo.myplatfon.ru/php/depo/cls/src/Tym.php line 61 VTBIAdapter INFO  VTBIAdapter::GetPAN[ pin="1111" login="79057107350"]
2015-07-23T16:54:59+03:00 [4191] /var/www/depo.myplatfon.ru/php/depo/cls/src/Tym.php line 61 VTBIAdapter INFO  VTBIAdapter::Logon[ pin="1111" login="79057107350" telebank="18625602711"]
2015-07-23T16:54:59+03:00 [4191] /var/www/depo.myplatfon.ru/php/depo/cls/src/Tym.php line 61 VTBIAdapter INFO  VTBIAdapter::Accts[ pin="1111" login="79057107350" telebank="18625602711"]
2015-07-23T16:55:16+03:00 [4045] /var/www/depo.myplatfon.ru/php/depo/cls/src/Tym.php line 61 VTBIAdapter INFO  VTBIAdapter::GetPAN[ pin="1111" login="79057107350"]
2015-07-23T16:55:16+03:00 [4045] /var/www/depo.myplatfon.ru/php/depo/cls/src/Tym.php line 61 VTBIAdapter INFO  VTBIAdapter::Logon[ pin="1111" login="79057107350" telebank="18625602711"]
2015-07-23T16:55:16+03:00 [4045] /var/www/depo.myplatfon.ru/php/depo/cls/src/Tym.php line 61 VTBIAdapter INFO  VTBIAdapter::Accts[ pin="1111" login="79057107350" telebank="18625602711"]
2015-07-23T16:56:31+03:00 [4229] /var/www/depo.myplatfon.ru/php/depo/cls/src/Tym.php line 61 VTBIAdapter INFO  VTBIAdapter::GetPAN[ pin="1111" login="79057107350"]
2015-07-23T16:56:31+03:00 [4229] /var/www/depo.myplatfon.ru/php/depo/cls/src/Tym.php line 61 VTBIAdapter INFO  VTBIAdapter::Logon[ pin="1111" login="79057107350" telebank="18625602711"]
2015-07-23T16:56:31+03:00 [4229] /var/www/depo.myplatfon.ru/php/depo/cls/src/Tym.php line 61 VTBIAdapter INFO  VTBIAdapter::Accts[ pin="1111" login="79057107350" telebank="18625602711"]
2015-07-23T16:56:49+03:00 [4045] /var/www/depo.myplatfon.ru/php/depo/cls/src/Tym.php line 61 VTBIAdapter INFO  VTBIAdapter::GetPAN[ pin="1111" login="79057107350"]
2015-07-23T16:56:49+03:00 [4045] /var/www/depo.myplatfon.ru/php/depo/cls/src/Tym.php line 61 VTBIAdapter INFO  VTBIAdapter::Logon[ pin="1111" login="79057107350" telebank="18625602711"]
2015-07-23T16:56:49+03:00 [4045] /var/www/depo.myplatfon.ru/php/depo/cls/src/Tym.php line 61 VTBIAdapter INFO  VTBIAdapter::Accts[ pin="1111" login="79057107350" telebank="18625602711"]
2015-07-23T17:02:33+03:00 [4192] /var/www/depo.myplatfon.ru/php/depo/cls/src/Tym.php line 61 VTBIAdapter INFO  VTBIAdapter::GetPAN[ pin="1111" login="79057107350"]
2015-07-23T17:02:33+03:00 [4192] /var/www/depo.myplatfon.ru/php/depo/cls/src/Tym.php line 61 VTBIAdapter INFO  VTBIAdapter::Logon[ pin="1111" login="79057107350" telebank="18625602711"]
2015-07-23T17:02:33+03:00 [4192] /var/www/depo.myplatfon.ru/php/depo/cls/src/Tym.php line 61 VTBIAdapter INFO  VTBIAdapter::Accts[ pin="1111" login="79057107350" telebank="18625602711"]
2015-07-23T17:06:26+03:00 [4292] /var/www/depo.myplatfon.ru/php/depo/cls/src/Tym.php line 61 VTBIAdapter INFO  VTBIAdapter::GetPAN[ pin="1111" login="79057107350"]
2015-07-23T17:06:26+03:00 [4292] /var/www/depo.myplatfon.ru/php/depo/cls/src/Tym.php line 61 VTBIAdapter INFO  VTBIAdapter::Logon[ pin="1111" login="79057107350" telebank="18625602711"]
2015-07-23T17:06:26+03:00 [4292] /var/www/depo.myplatfon.ru/php/depo/cls/src/Tym.php line 61 VTBIAdapter INFO  VTBIAdapter::Accts[ pin="1111" login="79057107350" telebank="18625602711"]
2015-07-23T17:07:47+03:00 [4333] /var/www/depo.myplatfon.ru/php/depo/cls/src/Tym.php line 61 VTBIAdapter INFO  VTBIAdapter::GetPAN[ pin="1111" login="79057107350"]
2015-07-23T17:07:47+03:00 [4333] /var/www/depo.myplatfon.ru/php/depo/cls/src/Tym.php line 61 VTBIAdapter INFO  VTBIAdapter::Logon[ pin="1111" login="79057107350" telebank="18625602711"]
2015-07-23T17:07:47+03:00 [4333] /var/www/depo.myplatfon.ru/php/depo/cls/src/Tym.php line 61 VTBIAdapter INFO  VTBIAdapter::Accts[ pin="1111" login="79057107350" telebank="18625602711"]
2015-07-23T17:07:49+03:00 [4333] /var/www/depo.myplatfon.ru/php/depo/cls/src/Tym.php line 61 VTBIAdapter INFO  VTBIAdapter::GetPAN[ pin="1111" login="79057107350"]
2015-07-23T17:07:49+03:00 [4333] /var/www/depo.myplatfon.ru/php/depo/cls/src/Tym.php line 61 VTBIAdapter INFO  VTBIAdapter::Logon[ pin="1111" login="79057107350" telebank="18625602711"]
2015-07-23T17:07:49+03:00 [4333] /var/www/depo.myplatfon.ru/php/depo/cls/src/Tym.php line 61 VTBIAdapter INFO  VTBIAdapter::Accts[ pin="1111" login="79057107350" telebank="18625602711"]
2015-07-23T17:26:54+03:00 [4483] /var/www/depo.myplatfon.ru/php/depo/cls/src/Tym.php line 61 VTBIAdapter INFO  VTBIAdapter::GetPAN[ pin="1111" login="79057107350"]
2015-07-23T17:26:54+03:00 [4483] /var/www/depo.myplatfon.ru/php/depo/cls/src/Tym.php line 61 VTBIAdapter INFO  VTBIAdapter::Logon[ pin="1111" login="79057107350" telebank="18625602711"]
2015-07-23T17:26:54+03:00 [4483] /var/www/depo.myplatfon.ru/php/depo/cls/src/Tym.php line 61 VTBIAdapter INFO  VTBIAdapter::Accts[ pin="1111" login="79057107350" telebank="18625602711"]
2015-07-23T17:29:13+03:00 [4437] /var/www/depo.myplatfon.ru/php/depo/cls/src/Tym.php line 61 VTBIAdapter INFO  VTBIAdapter::GetPAN[ pin="1111" login="79057107350"]
2015-07-23T17:29:13+03:00 [4437] /var/www/depo.myplatfon.ru/php/depo/cls/src/Tym.php line 61 VTBIAdapter INFO  VTBIAdapter::Logon[ pin="1111" login="79057107350" telebank="18625602711"]
2015-07-23T17:29:13+03:00 [4437] /var/www/depo.myplatfon.ru/php/depo/cls/src/Tym.php line 61 VTBIAdapter INFO  VTBIAdapter::Accts[ pin="1111" login="79057107350" telebank="18625602711"]
2015-07-23T17:29:27+03:00 [4437] /var/www/depo.myplatfon.ru/php/depo/cls/src/Tym.php line 61 VTBIAdapter INFO  VTBIAdapter::GetPAN[ pin="1111" login="79057107350"]
2015-07-23T17:29:27+03:00 [4437] /var/www/depo.myplatfon.ru/php/depo/cls/src/Tym.php line 61 VTBIAdapter INFO  VTBIAdapter::Logon[ pin="1111" login="79057107350" telebank="18625602711"]
2015-07-23T17:29:27+03:00 [4437] /var/www/depo.myplatfon.ru/php/depo/cls/src/Tym.php line 61 VTBIAdapter INFO  VTBIAdapter::Accts[ pin="1111" login="79057107350" telebank="18625602711"]
2015-07-23T17:29:56+03:00 [4606] /var/www/depo.myplatfon.ru/php/depo/cls/src/Tym.php line 61 VTBIAdapter INFO  VTBIAdapter::GetPAN[ pin="1111" login="79057107350"]
2015-07-23T17:29:56+03:00 [4606] /var/www/depo.myplatfon.ru/php/depo/cls/src/Tym.php line 61 VTBIAdapter INFO  VTBIAdapter::Logon[ pin="1111" login="79057107350" telebank="18625602711"]
2015-07-23T17:29:56+03:00 [4606] /var/www/depo.myplatfon.ru/php/depo/cls/src/Tym.php line 61 VTBIAdapter INFO  VTBIAdapter::Accts[ pin="1111" login="79057107350" telebank="18625602711"]
2015-07-23T17:30:07+03:00 [4606] /var/www/depo.myplatfon.ru/php/depo/cls/src/Tym.php line 61 VTBIAdapter INFO  VTBIAdapter::GetPAN[ pin="1111" login="79057107350"]
2015-07-23T17:30:07+03:00 [4606] /var/www/depo.myplatfon.ru/php/depo/cls/src/Tym.php line 61 VTBIAdapter INFO  VTBIAdapter::Logon[ pin="1111" login="79057107350" telebank="18625602711"]
2015-07-23T17:30:07+03:00 [4606] /var/www/depo.myplatfon.ru/php/depo/cls/src/Tym.php line 61 VTBIAdapter INFO  VTBIAdapter::Accts[ pin="1111" login="79057107350" telebank="18625602711"]
2015-07-23T17:30:15+03:00 [4606] /var/www/depo.myplatfon.ru/php/depo/cls/src/Tym.php line 61 VTBIAdapter INFO  VTBIAdapter::GetPAN[ pin="1111" login="79057107350"]
2015-07-23T17:30:15+03:00 [4606] /var/www/depo.myplatfon.ru/php/depo/cls/src/Tym.php line 61 VTBIAdapter INFO  VTBIAdapter::Logon[ pin="1111" login="79057107350" telebank="18625602711"]
2015-07-23T17:30:15+03:00 [4606] /var/www/depo.myplatfon.ru/php/depo/cls/src/Tym.php line 61 VTBIAdapter INFO  VTBIAdapter::Accts[ pin="1111" login="79057107350" telebank="18625602711"]
2015-07-23T17:30:31+03:00 [4470] /var/www/depo.myplatfon.ru/php/depo/cls/src/Tym.php line 61 VTBIAdapter INFO  VTBIAdapter::GetPAN[ pin="1111" login="79057107350"]
2015-07-23T17:30:31+03:00 [4470] /var/www/depo.myplatfon.ru/php/depo/cls/src/Tym.php line 61 VTBIAdapter INFO  VTBIAdapter::Logon[ pin="1111" login="79057107350" telebank="18625602711"]
2015-07-23T17:30:31+03:00 [4470] /var/www/depo.myplatfon.ru/php/depo/cls/src/Tym.php line 61 VTBIAdapter INFO  VTBIAdapter::Accts[ pin="1111" login="79057107350" telebank="18625602711"]
2015-07-23T17:30:39+03:00 [4470] /var/www/depo.myplatfon.ru/php/depo/cls/src/Tym.php line 61 VTBIAdapter INFO  VTBIAdapter::GetPAN[ pin="1111" login="79057107350"]
2015-07-23T17:30:39+03:00 [4470] /var/www/depo.myplatfon.ru/php/depo/cls/src/Tym.php line 61 VTBIAdapter INFO  VTBIAdapter::Logon[ pin="1111" login="79057107350" telebank="18625602711"]
2015-07-23T17:30:39+03:00 [4470] /var/www/depo.myplatfon.ru/php/depo/cls/src/Tym.php line 61 VTBIAdapter INFO  VTBIAdapter::Accts[ pin="1111" login="79057107350" telebank="18625602711"]
2015-07-23T17:30:42+03:00 [4470] /var/www/depo.myplatfon.ru/php/depo/cls/src/Tym.php line 61 VTBIAdapter INFO  VTBIAdapter::GetPAN[ pin="1111" login="79057107350"]
2015-07-23T17:30:42+03:00 [4470] /var/www/depo.myplatfon.ru/php/depo/cls/src/Tym.php line 61 VTBIAdapter INFO  VTBIAdapter::Logon[ pin="1111" login="79057107350" telebank="18625602711"]
2015-07-23T17:30:42+03:00 [4470] /var/www/depo.myplatfon.ru/php/depo/cls/src/Tym.php line 61 VTBIAdapter INFO  VTBIAdapter::Accts[ pin="1111" login="79057107350" telebank="18625602711"]
2015-07-23T17:30:51+03:00 [4470] /var/www/depo.myplatfon.ru/php/depo/cls/src/Tym.php line 61 VTBIAdapter INFO  VTBIAdapter::GetPAN[ pin="1111" login="79057107350"]
2015-07-23T17:30:51+03:00 [4470] /var/www/depo.myplatfon.ru/php/depo/cls/src/Tym.php line 61 VTBIAdapter INFO  VTBIAdapter::Logon[ pin="1111" login="79057107350" telebank="18625602711"]
2015-07-23T17:30:51+03:00 [4470] /var/www/depo.myplatfon.ru/php/depo/cls/src/Tym.php line 61 VTBIAdapter INFO  VTBIAdapter::Accts[ pin="1111" login="79057107350" telebank="18625602711"]
2015-07-23T17:35:56+03:00 [4666] /var/www/depo.myplatfon.ru/php/depo/cls/src/Tym.php line 61 VTBIAdapter INFO  VTBIAdapter::GetPAN[ pin="1111" login="79057107350"]
2015-07-23T17:35:56+03:00 [4666] /var/www/depo.myplatfon.ru/php/depo/cls/src/Tym.php line 61 VTBIAdapter INFO  VTBIAdapter::Logon[ pin="1111" login="79057107350" telebank="18625602711"]
2015-07-23T17:35:56+03:00 [4666] /var/www/depo.myplatfon.ru/php/depo/cls/src/Tym.php line 61 VTBIAdapter INFO  VTBIAdapter::Accts[ pin="1111" login="79057107350" telebank="18625602711"]
2015-07-23T17:36:35+03:00 [4672] /var/www/depo.myplatfon.ru/php/depo/cls/src/Tym.php line 61 VTBIAdapter INFO  VTBIAdapter::GetPAN[ pin="1111" login="79057107350"]
2015-07-23T17:36:35+03:00 [4672] /var/www/depo.myplatfon.ru/php/depo/cls/src/Tym.php line 61 VTBIAdapter INFO  VTBIAdapter::Logon[ pin="1111" login="79057107350" telebank="18625602711"]
2015-07-23T17:36:35+03:00 [4672] /var/www/depo.myplatfon.ru/php/depo/cls/src/Tym.php line 61 VTBIAdapter INFO  VTBIAdapter::Accts[ pin="1111" login="79057107350" telebank="18625602711"]
2015-07-23T17:37:18+03:00 [4693] /var/www/depo.myplatfon.ru/php/depo/cls/src/Tym.php line 61 VTBIAdapter INFO  VTBIAdapter::GetPAN[ pin="1111" login="79057107350"]
2015-07-23T17:37:18+03:00 [4693] /var/www/depo.myplatfon.ru/php/depo/cls/src/Tym.php line 61 VTBIAdapter INFO  VTBIAdapter::Logon[ pin="1111" login="79057107350" telebank="18625602711"]
2015-07-23T17:37:19+03:00 [4693] /var/www/depo.myplatfon.ru/php/depo/cls/src/Tym.php line 61 VTBIAdapter INFO  VTBIAdapter::Accts[ pin="1111" login="79057107350" telebank="18625602711"]
2015-07-23T17:37:37+03:00 [4682] /var/www/depo.myplatfon.ru/php/depo/cls/src/Tym.php line 61 VTBIAdapter INFO  VTBIAdapter::GetPAN[ pin="1111" login="79057107350"]
2015-07-23T17:37:37+03:00 [4682] /var/www/depo.myplatfon.ru/php/depo/cls/src/Tym.php line 61 VTBIAdapter INFO  VTBIAdapter::Logon[ pin="1111" login="79057107350" telebank="18625602711"]
2015-07-23T17:37:37+03:00 [4682] /var/www/depo.myplatfon.ru/php/depo/cls/src/Tym.php line 61 VTBIAdapter INFO  VTBIAdapter::Accts[ pin="1111" login="79057107350" telebank="18625602711"]
2015-07-23T17:38:02+03:00 [4690] /var/www/depo.myplatfon.ru/php/depo/cls/src/Tym.php line 61 VTBIAdapter INFO  VTBIAdapter::GetPAN[ pin="1111" login="79057107350"]
2015-07-23T17:38:02+03:00 [4690] /var/www/depo.myplatfon.ru/php/depo/cls/src/Tym.php line 61 VTBIAdapter INFO  VTBIAdapter::Logon[ pin="1111" login="79057107350" telebank="18625602711"]
2015-07-23T17:38:02+03:00 [4690] /var/www/depo.myplatfon.ru/php/depo/cls/src/Tym.php line 61 VTBIAdapter INFO  VTBIAdapter::Accts[ pin="1111" login="79057107350" telebank="18625602711"]
2015-07-23T17:38:18+03:00 [4187] /var/www/depo.myplatfon.ru/php/depo/cls/src/Tym.php line 61 VTBIAdapter INFO  VTBIAdapter::GetPAN[ pin="1111" login="79057107350"]
2015-07-23T17:38:18+03:00 [4187] /var/www/depo.myplatfon.ru/php/depo/cls/src/Tym.php line 61 VTBIAdapter INFO  VTBIAdapter::Logon[ pin="1111" login="79057107350" telebank="18625602711"]
2015-07-23T17:38:18+03:00 [4187] /var/www/depo.myplatfon.ru/php/depo/cls/src/Tym.php line 61 VTBIAdapter INFO  VTBIAdapter::Accts[ pin="1111" login="79057107350" telebank="18625602711"]
2015-07-23T17:39:00+03:00 [4483] /var/www/depo.myplatfon.ru/php/depo/cls/src/Tym.php line 61 VTBIAdapter INFO  VTBIAdapter::GetPAN[ pin="1111" login="79057107350"]
2015-07-23T17:39:00+03:00 [4483] /var/www/depo.myplatfon.ru/php/depo/cls/src/Tym.php line 61 VTBIAdapter INFO  VTBIAdapter::Logon[ pin="1111" login="79057107350" telebank="18625602711"]
2015-07-23T17:39:01+03:00 [4483] /var/www/depo.myplatfon.ru/php/depo/cls/src/Tym.php line 61 VTBIAdapter INFO  VTBIAdapter::Accts[ pin="1111" login="79057107350" telebank="18625602711"]
2015-07-23T17:39:40+03:00 [4673] /var/www/depo.myplatfon.ru/php/depo/cls/src/Tym.php line 61 VTBIAdapter INFO  VTBIAdapter::GetPAN[ pin="1111" login="79057107350"]
2015-07-23T17:39:40+03:00 [4673] /var/www/depo.myplatfon.ru/php/depo/cls/src/Tym.php line 61 VTBIAdapter INFO  VTBIAdapter::Logon[ pin="1111" login="79057107350" telebank="18625602711"]
2015-07-23T17:39:40+03:00 [4673] /var/www/depo.myplatfon.ru/php/depo/cls/src/Tym.php line 61 VTBIAdapter INFO  VTBIAdapter::Accts[ pin="1111" login="79057107350" telebank="18625602711"]
2015-07-23T17:41:41+03:00 [4982] /var/www/depo.myplatfon.ru/php/depo/cls/src/Tym.php line 61 VTBIAdapter INFO  VTBIAdapter::GetPAN[ pin="1111" login="79057107350"]
2015-07-23T17:41:41+03:00 [4982] /var/www/depo.myplatfon.ru/php/depo/cls/src/Tym.php line 61 VTBIAdapter INFO  VTBIAdapter::Logon[ pin="1111" login="79057107350" telebank="18625602711"]
2015-07-23T17:41:41+03:00 [4982] /var/www/depo.myplatfon.ru/php/depo/cls/src/Tym.php line 61 VTBIAdapter INFO  VTBIAdapter::Accts[ pin="1111" login="79057107350" telebank="18625602711"]
2015-07-23T17:55:59+03:00 [4985] /var/www/depo.myplatfon.ru/php/depo/cls/src/Tym.php line 61 VTBIAdapter INFO  VTBIAdapter::GetPAN[ pin="1111" login="79057107350"]
2015-07-23T17:55:59+03:00 [4985] /var/www/depo.myplatfon.ru/php/depo/cls/src/Tym.php line 61 VTBIAdapter INFO  VTBIAdapter::Logon[ pin="1111" login="79057107350" telebank="18625602711"]
2015-07-23T17:55:59+03:00 [4985] /var/www/depo.myplatfon.ru/php/depo/cls/src/Tym.php line 61 VTBIAdapter INFO  VTBIAdapter::Accts[ pin="1111" login="79057107350" telebank="18625602711"]
2015-07-23T17:56:09+03:00 [4985] /var/www/depo.myplatfon.ru/php/depo/cls/src/Tym.php line 61 VTBIAdapter INFO  VTBIAdapter::GetPAN[ pin="1111" login="79057107350"]
2015-07-23T17:56:09+03:00 [4985] /var/www/depo.myplatfon.ru/php/depo/cls/src/Tym.php line 61 VTBIAdapter INFO  VTBIAdapter::Logon[ pin="1111" login="79057107350" telebank="18625602711"]
2015-07-23T17:56:10+03:00 [4985] /var/www/depo.myplatfon.ru/php/depo/cls/src/Tym.php line 61 VTBIAdapter INFO  VTBIAdapter::Accts[ pin="1111" login="79057107350" telebank="18625602711"]
2015-07-23T17:56:47+03:00 [5087] /var/www/depo.myplatfon.ru/php/depo/cls/src/Tym.php line 61 VTBIAdapter INFO  VTBIAdapter::GetPAN[ pin="1111" login="79057107350"]
2015-07-23T17:56:47+03:00 [5087] /var/www/depo.myplatfon.ru/php/depo/cls/src/Tym.php line 61 VTBIAdapter INFO  VTBIAdapter::Logon[ pin="1111" login="79057107350" telebank="18625602711"]
2015-07-23T17:56:47+03:00 [5087] /var/www/depo.myplatfon.ru/php/depo/cls/src/Tym.php line 61 VTBIAdapter INFO  VTBIAdapter::Accts[ pin="1111" login="79057107350" telebank="18625602711"]
2015-07-23T17:57:15+03:00 [5197] /var/www/depo.myplatfon.ru/php/depo/cls/src/Tym.php line 61 VTBIAdapter INFO  VTBIAdapter::GetPAN[ pin="1111" login="79057107350"]
2015-07-23T17:57:15+03:00 [5197] /var/www/depo.myplatfon.ru/php/depo/cls/src/Tym.php line 61 VTBIAdapter INFO  VTBIAdapter::Logon[ pin="1111" login="79057107350" telebank="18625602711"]
2015-07-23T17:57:16+03:00 [5197] /var/www/depo.myplatfon.ru/php/depo/cls/src/Tym.php line 61 VTBIAdapter INFO  VTBIAdapter::Accts[ pin="1111" login="79057107350" telebank="18625602711"]
2015-07-23T17:57:32+03:00 [5195] /var/www/depo.myplatfon.ru/php/depo/cls/src/Tym.php line 61 VTBIAdapter INFO  VTBIAdapter::GetPAN[ pin="1111" login="79057107350"]
2015-07-23T17:57:32+03:00 [5195] /var/www/depo.myplatfon.ru/php/depo/cls/src/Tym.php line 61 VTBIAdapter INFO  VTBIAdapter::Logon[ pin="1111" login="79057107350" telebank="18625602711"]
2015-07-23T17:57:32+03:00 [5195] /var/www/depo.myplatfon.ru/php/depo/cls/src/Tym.php line 61 VTBIAdapter INFO  VTBIAdapter::Accts[ pin="1111" login="79057107350" telebank="18625602711"]
2015-07-23T17:58:09+03:00 [4985] /var/www/depo.myplatfon.ru/php/depo/cls/src/Tym.php line 61 VTBIAdapter INFO  VTBIAdapter::GetPAN[ pin="1111" login="79057107350"]
2015-07-23T17:58:09+03:00 [4985] /var/www/depo.myplatfon.ru/php/depo/cls/src/Tym.php line 61 VTBIAdapter INFO  VTBIAdapter::Logon[ pin="1111" login="79057107350" telebank="18625602711"]
2015-07-23T17:58:09+03:00 [4985] /var/www/depo.myplatfon.ru/php/depo/cls/src/Tym.php line 61 VTBIAdapter INFO  VTBIAdapter::Accts[ pin="1111" login="79057107350" telebank="18625602711"]
2015-07-23T17:58:33+03:00 [5053] /var/www/depo.myplatfon.ru/php/depo/cls/src/Tym.php line 61 VTBIAdapter INFO  VTBIAdapter::GetPAN[ pin="1111" login="79057107350"]
2015-07-23T17:58:33+03:00 [5053] /var/www/depo.myplatfon.ru/php/depo/cls/src/Tym.php line 61 VTBIAdapter INFO  VTBIAdapter::Logon[ pin="1111" login="79057107350" telebank="18625602711"]
2015-07-23T17:58:33+03:00 [5053] /var/www/depo.myplatfon.ru/php/depo/cls/src/Tym.php line 61 VTBIAdapter INFO  VTBIAdapter::Accts[ pin="1111" login="79057107350" telebank="18625602711"]
2015-07-23T17:59:08+03:00 [4997] /var/www/depo.myplatfon.ru/php/depo/cls/src/Tym.php line 61 VTBIAdapter INFO  VTBIAdapter::GetPAN[ pin="1111" login="79057107350"]
2015-07-23T17:59:08+03:00 [4997] /var/www/depo.myplatfon.ru/php/depo/cls/src/Tym.php line 61 VTBIAdapter INFO  VTBIAdapter::Logon[ pin="1111" login="79057107350" telebank="18625602711"]
2015-07-23T17:59:08+03:00 [4997] /var/www/depo.myplatfon.ru/php/depo/cls/src/Tym.php line 61 VTBIAdapter INFO  VTBIAdapter::Accts[ pin="1111" login="79057107350" telebank="18625602711"]
2015-07-23T17:59:29+03:00 [5140] /var/www/depo.myplatfon.ru/php/depo/cls/src/Tym.php line 61 VTBIAdapter INFO  VTBIAdapter::GetPAN[ pin="1111" login="79057107350"]
2015-07-23T17:59:29+03:00 [5140] /var/www/depo.myplatfon.ru/php/depo/cls/src/Tym.php line 61 VTBIAdapter INFO  VTBIAdapter::Logon[ pin="1111" login="79057107350" telebank="18625602711"]
2015-07-23T17:59:29+03:00 [5140] /var/www/depo.myplatfon.ru/php/depo/cls/src/Tym.php line 61 VTBIAdapter INFO  VTBIAdapter::Accts[ pin="1111" login="79057107350" telebank="18625602711"]
2015-07-23T17:59:58+03:00 [5195] /var/www/depo.myplatfon.ru/php/depo/cls/src/Tym.php line 61 VTBIAdapter INFO  VTBIAdapter::GetPAN[ pin="1111" login="79057107350"]
2015-07-23T17:59:59+03:00 [5195] /var/www/depo.myplatfon.ru/php/depo/cls/src/Tym.php line 61 VTBIAdapter INFO  VTBIAdapter::Logon[ pin="1111" login="79057107350" telebank="18625602711"]
2015-07-23T17:59:59+03:00 [5195] /var/www/depo.myplatfon.ru/php/depo/cls/src/Tym.php line 61 VTBIAdapter INFO  VTBIAdapter::Accts[ pin="1111" login="79057107350" telebank="18625602711"]
2015-07-23T18:00:22+03:00 [5235] /var/www/depo.myplatfon.ru/php/depo/cls/src/Tym.php line 61 VTBIAdapter INFO  VTBIAdapter::GetPAN[ pin="1111" login="79057107350"]
2015-07-23T18:00:22+03:00 [5235] /var/www/depo.myplatfon.ru/php/depo/cls/src/Tym.php line 61 VTBIAdapter INFO  VTBIAdapter::Logon[ pin="1111" login="79057107350" telebank="18625602711"]
2015-07-23T18:00:22+03:00 [5235] /var/www/depo.myplatfon.ru/php/depo/cls/src/Tym.php line 61 VTBIAdapter INFO  VTBIAdapter::Accts[ pin="1111" login="79057107350" telebank="18625602711"]
2015-07-23T18:00:49+03:00 [5243] /var/www/depo.myplatfon.ru/php/depo/cls/src/Tym.php line 61 VTBIAdapter INFO  VTBIAdapter::GetPAN[ pin="1111" login="79057107350"]
2015-07-23T18:00:49+03:00 [5243] /var/www/depo.myplatfon.ru/php/depo/cls/src/Tym.php line 61 VTBIAdapter INFO  VTBIAdapter::Logon[ pin="1111" login="79057107350" telebank="18625602711"]
2015-07-23T18:00:49+03:00 [5243] /var/www/depo.myplatfon.ru/php/depo/cls/src/Tym.php line 61 VTBIAdapter INFO  VTBIAdapter::Accts[ pin="1111" login="79057107350" telebank="18625602711"]
2015-07-23T18:02:42+03:00 [5255] /var/www/depo.myplatfon.ru/php/depo/cls/src/Tym.php line 61 VTBIAdapter INFO  VTBIAdapter::GetPAN[ pin="1111" login="79057107350"]
2015-07-23T18:02:42+03:00 [5255] /var/www/depo.myplatfon.ru/php/depo/cls/src/Tym.php line 61 VTBIAdapter INFO  VTBIAdapter::Logon[ pin="1111" login="79057107350" telebank="18625602711"]
2015-07-23T18:02:42+03:00 [5255] /var/www/depo.myplatfon.ru/php/depo/cls/src/Tym.php line 61 VTBIAdapter INFO  VTBIAdapter::Accts[ pin="1111" login="79057107350" telebank="18625602711"]
2015-07-23T18:03:05+03:00 [5250] /var/www/depo.myplatfon.ru/php/depo/cls/src/Tym.php line 61 VTBIAdapter INFO  VTBIAdapter::GetPAN[ pin="1111" login="79057107350"]
2015-07-23T18:03:05+03:00 [5250] /var/www/depo.myplatfon.ru/php/depo/cls/src/Tym.php line 61 VTBIAdapter INFO  VTBIAdapter::Logon[ pin="1111" login="79057107350" telebank="18625602711"]
2015-07-23T18:03:05+03:00 [5250] /var/www/depo.myplatfon.ru/php/depo/cls/src/Tym.php line 61 VTBIAdapter INFO  VTBIAdapter::Accts[ pin="1111" login="79057107350" telebank="18625602711"]
2015-07-23T18:04:03+03:00 [5250] /var/www/depo.myplatfon.ru/php/depo/cls/src/Tym.php line 61 VTBIAdapter INFO  VTBIAdapter::GetPAN[ pin="1111" login="79057107350"]
2015-07-23T18:04:19+03:00 [5250] /var/www/depo.myplatfon.ru/php/depo/cls/src/Tym.php line 70 VTBIAdapter ERROR Parameter telebank is requered for VTBIAdapter::Logon
2015-07-23T18:04:19+03:00 [5250] /var/www/depo.myplatfon.ru/php/depo/cls/logon.php line 48 root ERROR Parameter telebank is requered for VTBIAdapter::Logon
2015-07-23T18:04:38+03:00 [4982] /var/www/depo.myplatfon.ru/php/depo/cls/src/Tym.php line 61 VTBIAdapter INFO  VTBIAdapter::GetPAN[ pin="1111" login="79057107350"]
2015-07-23T18:04:53+03:00 [4982] /var/www/depo.myplatfon.ru/php/depo/cls/src/Tym.php line 61 VTBIAdapter INFO  VTBIAdapter::Logon[ pin="1111" login="79057107350" telebank="18625602711"]
2015-07-23T18:04:53+03:00 [4982] /var/www/depo.myplatfon.ru/php/depo/cls/src/Tym.php line 61 VTBIAdapter INFO  VTBIAdapter::Accts[ pin="1111" login="79057107350" telebank="18625602711"]
2015-07-23T18:05:23+03:00 [5134] /var/www/depo.myplatfon.ru/php/depo/cls/src/Tym.php line 61 VTBIAdapter INFO  VTBIAdapter::GetPAN[ pin="1111" login="79057107350"]
2015-07-23T18:05:23+03:00 [5134] /var/www/depo.myplatfon.ru/php/depo/cls/src/Tym.php line 61 VTBIAdapter INFO  VTBIAdapter::Logon[ pin="1111" login="79057107350" telebank="18625602711"]
2015-07-23T18:05:23+03:00 [5134] /var/www/depo.myplatfon.ru/php/depo/cls/src/Tym.php line 61 VTBIAdapter INFO  VTBIAdapter::Accts[ pin="1111" login="79057107350" telebank="18625602711"]
2015-07-23T18:17:03+03:00 [5055] /var/www/depo.myplatfon.ru/php/depo/cls/src/Tym.php line 61 VTBIAdapter INFO  VTBIAdapter::GetPAN[ pin="1111" login="79057107350"]
2015-07-23T18:17:03+03:00 [5055] /var/www/depo.myplatfon.ru/php/depo/cls/src/Tym.php line 61 VTBIAdapter INFO  VTBIAdapter::Logon[ pin="1111" login="79057107350" telebank="18625602711"]
2015-07-23T18:17:04+03:00 [5055] /var/www/depo.myplatfon.ru/php/depo/cls/src/Tym.php line 61 VTBIAdapter INFO  VTBIAdapter::Accts[ pin="1111" login="79057107350" telebank="18625602711"]
2015-07-23T18:18:23+03:00 [5315] /var/www/depo.myplatfon.ru/php/depo/cls/src/Tym.php line 61 VTBIAdapter INFO  VTBIAdapter::GetPAN[ pin="1111" login="79057107350"]
2015-07-23T18:18:23+03:00 [5315] /var/www/depo.myplatfon.ru/php/depo/cls/src/Tym.php line 61 VTBIAdapter INFO  VTBIAdapter::Logon[ pin="1111" login="79057107350" telebank="18625602711"]
2015-07-23T18:18:23+03:00 [5315] /var/www/depo.myplatfon.ru/php/depo/cls/src/Tym.php line 61 VTBIAdapter INFO  VTBIAdapter::Accts[ pin="1111" login="79057107350" telebank="18625602711"]
2015-07-23T18:18:25+03:00 [5315] /var/www/depo.myplatfon.ru/php/depo/cls/src/Tym.php line 61 VTBIAdapter INFO  VTBIAdapter::GetPAN[ pin="1111" login="79057107350"]
2015-07-23T18:18:25+03:00 [5315] /var/www/depo.myplatfon.ru/php/depo/cls/src/Tym.php line 61 VTBIAdapter INFO  VTBIAdapter::Logon[ pin="1111" login="79057107350" telebank="18625602711"]
2015-07-23T18:18:25+03:00 [5315] /var/www/depo.myplatfon.ru/php/depo/cls/src/Tym.php line 61 VTBIAdapter INFO  VTBIAdapter::Accts[ pin="1111" login="79057107350" telebank="18625602711"]
2015-07-23T18:19:07+03:00 [5055] /var/www/depo.myplatfon.ru/php/depo/cls/src/Tym.php line 61 VTBIAdapter INFO  VTBIAdapter::GetPAN[ pin="1111" login="79057107350"]
2015-07-23T18:19:07+03:00 [5055] /var/www/depo.myplatfon.ru/php/depo/cls/src/Tym.php line 61 VTBIAdapter INFO  VTBIAdapter::Logon[ pin="1111" login="79057107350" telebank="18625602711"]
2015-07-23T18:19:07+03:00 [5055] /var/www/depo.myplatfon.ru/php/depo/cls/src/Tym.php line 61 VTBIAdapter INFO  VTBIAdapter::Accts[ pin="1111" login="79057107350" telebank="18625602711"]
2015-07-23T18:19:30+03:00 [5255] /var/www/depo.myplatfon.ru/php/depo/cls/src/Tym.php line 61 VTBIAdapter INFO  VTBIAdapter::GetPAN[ pin="1111" login="79057107350"]
2015-07-23T18:19:30+03:00 [5255] /var/www/depo.myplatfon.ru/php/depo/cls/src/Tym.php line 61 VTBIAdapter INFO  VTBIAdapter::Logon[ pin="1111" login="79057107350" telebank="18625602711"]
2015-07-23T18:19:30+03:00 [5255] /var/www/depo.myplatfon.ru/php/depo/cls/src/Tym.php line 61 VTBIAdapter INFO  VTBIAdapter::Accts[ pin="1111" login="79057107350" telebank="18625602711"]
2015-07-23T18:29:53+03:00 [5458] /var/www/depo.myplatfon.ru/php/depo/cls/src/Tym.php line 61 VTBIAdapter INFO  VTBIAdapter::GetPAN[ pin="1111" login="79057107350"]
2015-07-23T18:29:53+03:00 [5458] /var/www/depo.myplatfon.ru/php/depo/cls/src/Tym.php line 61 VTBIAdapter INFO  VTBIAdapter::Logon[ pin="1111" login="79057107350" telebank="18625602711"]
2015-07-23T18:29:53+03:00 [5458] /var/www/depo.myplatfon.ru/php/depo/cls/src/Tym.php line 61 VTBIAdapter INFO  VTBIAdapter::Accts[ pin="1111" login="79057107350" telebank="18625602711"]
2015-07-23T18:33:48+03:00 [5452] /var/www/depo.myplatfon.ru/php/depo/cls/src/Tym.php line 61 VTBIAdapter INFO  VTBIAdapter::GetPAN[ pin="1111" login="79057107350"]
2015-07-23T18:33:48+03:00 [5452] /var/www/depo.myplatfon.ru/php/depo/cls/src/Tym.php line 61 VTBIAdapter INFO  VTBIAdapter::Logon[ pin="1111" login="79057107350" telebank="18625602711"]
2015-07-23T18:33:48+03:00 [5452] /var/www/depo.myplatfon.ru/php/depo/cls/src/Tym.php line 61 VTBIAdapter INFO  VTBIAdapter::Accts[ pin="1111" login="79057107350" telebank="18625602711"]
2015-07-23T18:33:51+03:00 [5452] /var/www/depo.myplatfon.ru/php/depo/cls/src/Tym.php line 61 VTBIAdapter INFO  VTBIAdapter::GetPAN[ pin="1111" login="79057107350"]
2015-07-23T18:33:51+03:00 [5452] /var/www/depo.myplatfon.ru/php/depo/cls/src/Tym.php line 61 VTBIAdapter INFO  VTBIAdapter::Logon[ pin="1111" login="79057107350" telebank="18625602711"]
2015-07-23T18:33:52+03:00 [5452] /var/www/depo.myplatfon.ru/php/depo/cls/src/Tym.php line 61 VTBIAdapter INFO  VTBIAdapter::Accts[ pin="1111" login="79057107350" telebank="18625602711"]
2015-07-23T18:33:54+03:00 [5452] /var/www/depo.myplatfon.ru/php/depo/cls/src/Tym.php line 61 VTBIAdapter INFO  VTBIAdapter::GetPAN[ pin="1111" login="79057107350"]
2015-07-23T18:33:54+03:00 [5452] /var/www/depo.myplatfon.ru/php/depo/cls/src/Tym.php line 61 VTBIAdapter INFO  VTBIAdapter::Logon[ pin="1111" login="79057107350" telebank="18625602711"]
2015-07-23T18:33:54+03:00 [5452] /var/www/depo.myplatfon.ru/php/depo/cls/src/Tym.php line 61 VTBIAdapter INFO  VTBIAdapter::Accts[ pin="1111" login="79057107350" telebank="18625602711"]
2015-07-23T18:33:57+03:00 [5452] /var/www/depo.myplatfon.ru/php/depo/cls/src/Tym.php line 61 VTBIAdapter INFO  VTBIAdapter::GetPAN[ pin="1111" login="79057107350"]
2015-07-23T18:33:57+03:00 [5452] /var/www/depo.myplatfon.ru/php/depo/cls/src/Tym.php line 61 VTBIAdapter INFO  VTBIAdapter::Logon[ pin="1111" login="79057107350" telebank="18625602711"]
2015-07-23T18:33:57+03:00 [5452] /var/www/depo.myplatfon.ru/php/depo/cls/src/Tym.php line 61 VTBIAdapter INFO  VTBIAdapter::Accts[ pin="1111" login="79057107350" telebank="18625602711"]
2015-07-23T18:34:33+03:00 [5612] /var/www/depo.myplatfon.ru/php/depo/cls/src/Tym.php line 61 VTBIAdapter INFO  VTBIAdapter::GetPAN[ pin="1111" login="79057107350"]
2015-07-23T18:34:45+03:00 [5612] /var/www/depo.myplatfon.ru/php/depo/cls/src/Tym.php line 61 VTBIAdapter INFO  VTBIAdapter::GetPAN[ pin="1111" login="79057107350"]
2015-07-23T18:34:45+03:00 [5612] /var/www/depo.myplatfon.ru/php/depo/cls/src/Tym.php line 61 VTBIAdapter INFO  VTBIAdapter::Logon[ pin="1111" login="79057107350" telebank="18625602711"]
2015-07-23T18:34:45+03:00 [5612] /var/www/depo.myplatfon.ru/php/depo/cls/src/Tym.php line 61 VTBIAdapter INFO  VTBIAdapter::Accts[ pin="1111" login="79057107350" telebank="18625602711"]
2015-07-23T18:35:18+03:00 [5583] /var/www/depo.myplatfon.ru/php/depo/cls/src/Tym.php line 61 VTBIAdapter INFO  VTBIAdapter::GetPAN[ pin="1111" login="79057107350"]
2015-07-23T18:35:18+03:00 [5583] /var/www/depo.myplatfon.ru/php/depo/cls/src/Tym.php line 61 VTBIAdapter INFO  VTBIAdapter::Logon[ pin="1111" login="79057107350" telebank="18625602711"]
2015-07-23T18:35:18+03:00 [5583] /var/www/depo.myplatfon.ru/php/depo/cls/src/Tym.php line 61 VTBIAdapter INFO  VTBIAdapter::Accts[ pin="1111" login="79057107350" telebank="18625602711"]
2015-07-23T18:36:03+03:00 [5636] /var/www/depo.myplatfon.ru/php/depo/cls/src/Tym.php line 61 VTBIAdapter INFO  VTBIAdapter::GetPAN[ pin="1111" login="79057107350"]
2015-07-23T18:36:03+03:00 [5636] /var/www/depo.myplatfon.ru/php/depo/cls/src/Tym.php line 61 VTBIAdapter INFO  VTBIAdapter::Logon[ pin="1111" login="79057107350" telebank="18625602711"]
2015-07-23T18:36:03+03:00 [5636] /var/www/depo.myplatfon.ru/php/depo/cls/src/Tym.php line 61 VTBIAdapter INFO  VTBIAdapter::Accts[ pin="1111" login="79057107350" telebank="18625602711"]
2015-07-23T18:43:59+03:00 [5712] /var/www/depo.myplatfon.ru/php/depo/cls/src/Tym.php line 61 VTBIAdapter INFO  VTBIAdapter::GetPAN[ pin="1111" login="79057107350"]
2015-07-23T18:43:59+03:00 [5712] /var/www/depo.myplatfon.ru/php/depo/cls/src/Tym.php line 61 VTBIAdapter INFO  VTBIAdapter::Logon[ pin="1111" login="79057107350" telebank="18625602711"]
2015-07-23T18:43:59+03:00 [5712] /var/www/depo.myplatfon.ru/php/depo/cls/src/Tym.php line 61 VTBIAdapter INFO  VTBIAdapter::Accts[ pin="1111" login="79057107350" telebank="18625602711"]
2015-07-23T18:45:48+03:00 [5558] /var/www/depo.myplatfon.ru/php/depo/cls/src/Tym.php line 61 VTBIAdapter INFO  VTBIAdapter::GetPAN[ pin="1111" login="79057107350"]
2015-07-23T18:45:48+03:00 [5558] /var/www/depo.myplatfon.ru/php/depo/cls/src/Tym.php line 61 VTBIAdapter INFO  VTBIAdapter::Logon[ pin="1111" login="79057107350" telebank="18625602711"]
2015-07-23T18:45:48+03:00 [5558] /var/www/depo.myplatfon.ru/php/depo/cls/src/Tym.php line 61 VTBIAdapter INFO  VTBIAdapter::Accts[ pin="1111" login="79057107350" telebank="18625602711"]
2015-07-23T18:46:08+03:00 [5615] /var/www/depo.myplatfon.ru/php/depo/cls/src/Tym.php line 61 VTBIAdapter INFO  VTBIAdapter::GetPAN[ pin="1111" login="79057107350"]
2015-07-23T18:46:08+03:00 [5615] /var/www/depo.myplatfon.ru/php/depo/cls/src/Tym.php line 61 VTBIAdapter INFO  VTBIAdapter::Logon[ pin="1111" login="79057107350" telebank="18625602711"]
2015-07-23T18:46:08+03:00 [5615] /var/www/depo.myplatfon.ru/php/depo/cls/src/Tym.php line 61 VTBIAdapter INFO  VTBIAdapter::Accts[ pin="1111" login="79057107350" telebank="18625602711"]
2015-07-23T18:46:36+03:00 [5714] /var/www/depo.myplatfon.ru/php/depo/cls/src/Tym.php line 61 VTBIAdapter INFO  VTBIAdapter::GetPAN[ pin="1111" login="79057107350"]
2015-07-23T18:46:36+03:00 [5714] /var/www/depo.myplatfon.ru/php/depo/cls/src/Tym.php line 61 VTBIAdapter INFO  VTBIAdapter::Logon[ pin="1111" login="79057107350" telebank="18625602711"]
2015-07-23T18:46:36+03:00 [5714] /var/www/depo.myplatfon.ru/php/depo/cls/src/Tym.php line 61 VTBIAdapter INFO  VTBIAdapter::Accts[ pin="1111" login="79057107350" telebank="18625602711"]
2015-07-23T18:46:51+03:00 [5636] /var/www/depo.myplatfon.ru/php/depo/cls/src/Tym.php line 61 VTBIAdapter INFO  VTBIAdapter::GetPAN[ pin="1111" login="79057107350"]
2015-07-23T18:46:51+03:00 [5636] /var/www/depo.myplatfon.ru/php/depo/cls/src/Tym.php line 61 VTBIAdapter INFO  VTBIAdapter::Logon[ pin="1111" login="79057107350" telebank="18625602711"]
2015-07-23T18:46:51+03:00 [5636] /var/www/depo.myplatfon.ru/php/depo/cls/src/Tym.php line 61 VTBIAdapter INFO  VTBIAdapter::Accts[ pin="1111" login="79057107350" telebank="18625602711"]
2015-07-23T18:47:04+03:00 [5636] /var/www/depo.myplatfon.ru/php/depo/cls/src/Tym.php line 61 VTBIAdapter INFO  VTBIAdapter::GetPAN[ pin="1111" login="79057107350"]
2015-07-23T18:47:04+03:00 [5636] /var/www/depo.myplatfon.ru/php/depo/cls/src/Tym.php line 61 VTBIAdapter INFO  VTBIAdapter::Logon[ pin="1111" login="79057107350" telebank="18625602711"]
2015-07-23T18:47:04+03:00 [5636] /var/www/depo.myplatfon.ru/php/depo/cls/src/Tym.php line 61 VTBIAdapter INFO  VTBIAdapter::Accts[ pin="1111" login="79057107350" telebank="18625602711"]
2015-07-23T18:47:21+03:00 [5712] /var/www/depo.myplatfon.ru/php/depo/cls/src/Tym.php line 61 VTBIAdapter INFO  VTBIAdapter::GetPAN[ pin="1111" login="79057107350"]
2015-07-23T18:47:21+03:00 [5712] /var/www/depo.myplatfon.ru/php/depo/cls/src/Tym.php line 61 VTBIAdapter INFO  VTBIAdapter::Logon[ pin="1111" login="79057107350" telebank="18625602711"]
2015-07-23T18:47:21+03:00 [5712] /var/www/depo.myplatfon.ru/php/depo/cls/src/Tym.php line 61 VTBIAdapter INFO  VTBIAdapter::Accts[ pin="1111" login="79057107350" telebank="18625602711"]
2015-07-23T18:47:31+03:00 [5712] /var/www/depo.myplatfon.ru/php/depo/cls/src/Tym.php line 61 VTBIAdapter INFO  VTBIAdapter::GetPAN[ pin="1111" login="79057107350"]
2015-07-23T18:47:31+03:00 [5712] /var/www/depo.myplatfon.ru/php/depo/cls/src/Tym.php line 61 VTBIAdapter INFO  VTBIAdapter::Logon[ pin="1111" login="79057107350" telebank="18625602711"]
2015-07-23T18:47:31+03:00 [5712] /var/www/depo.myplatfon.ru/php/depo/cls/src/Tym.php line 61 VTBIAdapter INFO  VTBIAdapter::Accts[ pin="1111" login="79057107350" telebank="18625602711"]
2015-07-23T18:47:40+03:00 [5712] /var/www/depo.myplatfon.ru/php/depo/cls/src/Tym.php line 61 VTBIAdapter INFO  VTBIAdapter::GetPAN[ pin="1111" login="79057107350"]
2015-07-23T18:47:40+03:00 [5712] /var/www/depo.myplatfon.ru/php/depo/cls/src/Tym.php line 61 VTBIAdapter INFO  VTBIAdapter::Logon[ pin="1111" login="79057107350" telebank="18625602711"]
2015-07-23T18:47:40+03:00 [5712] /var/www/depo.myplatfon.ru/php/depo/cls/src/Tym.php line 61 VTBIAdapter INFO  VTBIAdapter::Accts[ pin="1111" login="79057107350" telebank="18625602711"]
2015-07-23T18:48:09+03:00 [5805] /var/www/depo.myplatfon.ru/php/depo/cls/src/Tym.php line 61 VTBIAdapter INFO  VTBIAdapter::GetPAN[ pin="1111" login="79057107350"]
2015-07-23T18:48:09+03:00 [5805] /var/www/depo.myplatfon.ru/php/depo/cls/src/Tym.php line 61 VTBIAdapter INFO  VTBIAdapter::Logon[ pin="1111" login="79057107350" telebank="18625602711"]
2015-07-23T18:48:09+03:00 [5805] /var/www/depo.myplatfon.ru/php/depo/cls/src/Tym.php line 61 VTBIAdapter INFO  VTBIAdapter::Accts[ pin="1111" login="79057107350" telebank="18625602711"]
2015-07-23T18:48:20+03:00 [5805] /var/www/depo.myplatfon.ru/php/depo/cls/src/Tym.php line 61 VTBIAdapter INFO  VTBIAdapter::GetPAN[ pin="1111" login="79057107350"]
2015-07-23T18:48:20+03:00 [5805] /var/www/depo.myplatfon.ru/php/depo/cls/src/Tym.php line 61 VTBIAdapter INFO  VTBIAdapter::Logon[ pin="1111" login="79057107350" telebank="18625602711"]
2015-07-23T18:48:21+03:00 [5805] /var/www/depo.myplatfon.ru/php/depo/cls/src/Tym.php line 61 VTBIAdapter INFO  VTBIAdapter::Accts[ pin="1111" login="79057107350" telebank="18625602711"]
2015-07-23T18:53:12+03:00 [5807] /var/www/depo.myplatfon.ru/php/depo/cls/src/Tym.php line 61 VTBIAdapter INFO  VTBIAdapter::GetPAN[ pin="1111" login="79057107350"]
2015-07-23T18:53:12+03:00 [5807] /var/www/depo.myplatfon.ru/php/depo/cls/src/Tym.php line 61 VTBIAdapter INFO  VTBIAdapter::Logon[ pin="1111" login="79057107350" telebank="18625602711"]
2015-07-23T18:53:12+03:00 [5807] /var/www/depo.myplatfon.ru/php/depo/cls/src/Tym.php line 61 VTBIAdapter INFO  VTBIAdapter::Accts[ pin="1111" login="79057107350" telebank="18625602711"]
2015-07-23T18:53:25+03:00 [5807] /var/www/depo.myplatfon.ru/php/depo/cls/src/Tym.php line 61 VTBIAdapter INFO  VTBIAdapter::GetPAN[ pin="1111" login="79057107350"]
2015-07-23T18:53:25+03:00 [5807] /var/www/depo.myplatfon.ru/php/depo/cls/src/Tym.php line 61 VTBIAdapter INFO  VTBIAdapter::Logon[ pin="1111" login="79057107350" telebank="18625602711"]
2015-07-23T18:53:26+03:00 [5807] /var/www/depo.myplatfon.ru/php/depo/cls/src/Tym.php line 61 VTBIAdapter INFO  VTBIAdapter::Accts[ pin="1111" login="79057107350" telebank="18625602711"]
2015-07-23T18:53:51+03:00 [5804] /var/www/depo.myplatfon.ru/php/depo/cls/src/Tym.php line 61 VTBIAdapter INFO  VTBIAdapter::GetPAN[ pin="1111" login="79057107350"]
2015-07-23T18:53:51+03:00 [5804] /var/www/depo.myplatfon.ru/php/depo/cls/src/Tym.php line 61 VTBIAdapter INFO  VTBIAdapter::Logon[ pin="1111" login="79057107350" telebank="18625602711"]
2015-07-23T18:53:51+03:00 [5804] /var/www/depo.myplatfon.ru/php/depo/cls/src/Tym.php line 61 VTBIAdapter INFO  VTBIAdapter::Accts[ pin="1111" login="79057107350" telebank="18625602711"]
2015-07-23T18:54:16+03:00 [5714] /var/www/depo.myplatfon.ru/php/depo/cls/src/Tym.php line 61 VTBIAdapter INFO  VTBIAdapter::GetPAN[ pin="1111" login="79057107350"]
2015-07-23T18:54:16+03:00 [5714] /var/www/depo.myplatfon.ru/php/depo/cls/src/Tym.php line 61 VTBIAdapter INFO  VTBIAdapter::Logon[ pin="1111" login="79057107350" telebank="18625602711"]
2015-07-23T18:54:16+03:00 [5714] /var/www/depo.myplatfon.ru/php/depo/cls/src/Tym.php line 61 VTBIAdapter INFO  VTBIAdapter::Accts[ pin="1111" login="79057107350" telebank="18625602711"]
2015-07-23T18:54:36+03:00 [5871] /var/www/depo.myplatfon.ru/php/depo/cls/src/Tym.php line 61 VTBIAdapter INFO  VTBIAdapter::GetPAN[ pin="1111" login="79057107350"]
2015-07-23T18:54:36+03:00 [5871] /var/www/depo.myplatfon.ru/php/depo/cls/src/Tym.php line 61 VTBIAdapter INFO  VTBIAdapter::Logon[ pin="1111" login="79057107350" telebank="18625602711"]
2015-07-23T18:54:36+03:00 [5871] /var/www/depo.myplatfon.ru/php/depo/cls/src/Tym.php line 61 VTBIAdapter INFO  VTBIAdapter::Accts[ pin="1111" login="79057107350" telebank="18625602711"]
2015-07-23T18:54:55+03:00 [5576] /var/www/depo.myplatfon.ru/php/depo/cls/src/Tym.php line 61 VTBIAdapter INFO  VTBIAdapter::GetPAN[ pin="1111" login="79057107350"]
2015-07-23T18:54:55+03:00 [5576] /var/www/depo.myplatfon.ru/php/depo/cls/src/Tym.php line 61 VTBIAdapter INFO  VTBIAdapter::Logon[ pin="1111" login="79057107350" telebank="18625602711"]
2015-07-23T18:54:55+03:00 [5576] /var/www/depo.myplatfon.ru/php/depo/cls/src/Tym.php line 61 VTBIAdapter INFO  VTBIAdapter::Accts[ pin="1111" login="79057107350" telebank="18625602711"]
2015-07-23T18:55:59+03:00 [5576] /var/www/depo.myplatfon.ru/php/depo/cls/src/Tym.php line 61 VTBIAdapter INFO  VTBIAdapter::GetPAN[ pin="1111" login="79057107350"]
2015-07-23T18:55:59+03:00 [5576] /var/www/depo.myplatfon.ru/php/depo/cls/src/Tym.php line 61 VTBIAdapter INFO  VTBIAdapter::Logon[ pin="1111" login="79057107350" telebank="18625602711"]
2015-07-23T18:55:59+03:00 [5576] /var/www/depo.myplatfon.ru/php/depo/cls/src/Tym.php line 61 VTBIAdapter INFO  VTBIAdapter::Accts[ pin="1111" login="79057107350" telebank="18625602711"]
2015-07-23T18:56:41+03:00 [5807] /var/www/depo.myplatfon.ru/php/depo/cls/src/Tym.php line 61 VTBIAdapter INFO  VTBIAdapter::GetPAN[ pin="1111" login="79057107350"]
2015-07-23T18:56:41+03:00 [5807] /var/www/depo.myplatfon.ru/php/depo/cls/src/Tym.php line 61 VTBIAdapter INFO  VTBIAdapter::Logon[ pin="1111" login="79057107350" telebank="18625602711"]
2015-07-23T18:56:41+03:00 [5807] /var/www/depo.myplatfon.ru/php/depo/cls/src/Tym.php line 61 VTBIAdapter INFO  VTBIAdapter::Accts[ pin="1111" login="79057107350" telebank="18625602711"]
2015-07-23T18:57:19+03:00 [5917] /var/www/depo.myplatfon.ru/php/depo/cls/src/Tym.php line 61 VTBIAdapter INFO  VTBIAdapter::GetPAN[ pin="1111" login="79057107350"]
2015-07-23T18:57:19+03:00 [5917] /var/www/depo.myplatfon.ru/php/depo/cls/src/Tym.php line 61 VTBIAdapter INFO  VTBIAdapter::Logon[ pin="1111" login="79057107350" telebank="18625602711"]
2015-07-23T18:57:19+03:00 [5917] /var/www/depo.myplatfon.ru/php/depo/cls/src/Tym.php line 61 VTBIAdapter INFO  VTBIAdapter::Accts[ pin="1111" login="79057107350" telebank="18625602711"]
2015-07-23T18:59:13+03:00 [5947] /var/www/depo.myplatfon.ru/php/depo/cls/src/Tym.php line 61 VTBIAdapter INFO  VTBIAdapter::GetPAN[ pin="1111" login="79057107350"]
2015-07-23T18:59:13+03:00 [5947] /var/www/depo.myplatfon.ru/php/depo/cls/src/Tym.php line 61 VTBIAdapter INFO  VTBIAdapter::Logon[ pin="1111" login="79057107350" telebank="18625602711"]
2015-07-23T18:59:13+03:00 [5947] /var/www/depo.myplatfon.ru/php/depo/cls/src/Tym.php line 61 VTBIAdapter INFO  VTBIAdapter::Accts[ pin="1111" login="79057107350" telebank="18625602711"]
2015-07-23T18:59:43+03:00 [5946] /var/www/depo.myplatfon.ru/php/depo/cls/src/Tym.php line 61 VTBIAdapter INFO  VTBIAdapter::GetPAN[ pin="1111" login="79057107350"]
2015-07-23T18:59:43+03:00 [5946] /var/www/depo.myplatfon.ru/php/depo/cls/src/Tym.php line 61 VTBIAdapter INFO  VTBIAdapter::Logon[ pin="1111" login="79057107350" telebank="18625602711"]
2015-07-23T18:59:43+03:00 [5946] /var/www/depo.myplatfon.ru/php/depo/cls/src/Tym.php line 61 VTBIAdapter INFO  VTBIAdapter::Accts[ pin="1111" login="79057107350" telebank="18625602711"]
