2015-07-21T11:21:09+03:00 [25554] Tym.61 VTBIAdapter INFO  VTBIAdapter::GetPAN[ telebank="18625602711" pin="1111" login="79057107350"]
2015-07-21T11:21:09+03:00 [25554] Tym.64 VTBIAdapter DEBUG REQUEST:<soap:Envelope xmlns:soap="http://www.w3.org/2003/05/soap-envelope" xmlns:tel="http://schemas.compassplus.com/two/1.0/telebank.xsd">
      <soap:Header/>
      <soap:Body>
        <tel:GetPANRq><tel:Request Ver="4" Product="TB" STAN="1"><tel:TextLogin>79057107350</tel:TextLogin></tel:Request></tel:GetPANRq>
      </soap:Body>
    </soap:Envelope>
2015-07-21T11:21:09+03:00 [25554] Tym.64 VTBIAdapter DEBUG RESPONSE:<?xml version="1.0" encoding="UTF-8"?>
<SOAP-ENV:Envelope xmlns:SOAP-ENV="http://schemas.xmlsoap.org/soap/envelope/" xmlns:m0="http://schemas.compassplus.com/two/1.0/telebank.xsd"
xmlns:m="http://schemas.compassplus.com/two/1.0/telebank.wsdl">
<SOAP-ENV:Body>
<m:GetPANRp xmlns:m="http://schemas.compassplus.com/two/1.0/telebank.xsd">
<Response Response="1" Product="TB"><m0:ExtraAuthLevel>0</m0:ExtraAuthLevel>
<m0:PAN>18625602711</m0:PAN>
<m0:PasswordExists>0</m0:PasswordExists>
</Response>
</m:GetPANRp>
</SOAP-ENV:Body>
</SOAP-ENV:Envelope>

2015-07-21T11:21:09+03:00 [25554] Tym.64 VTBIAdapter DEBUG KeyId= Key=
2015-07-21T11:21:09+03:00 [25554] Tym.61 VTBIAdapter INFO  VTBIAdapter::Logon[ telebank="18625602711" pin="1111" login="79057107350"]
2015-07-21T11:21:09+03:00 [25554] Tym.64 VTBIAdapter DEBUG REQUEST:<soap:Envelope xmlns:soap="http://www.w3.org/2003/05/soap-envelope" xmlns:tel="http://schemas.compassplus.com/two/1.0/telebank.xsd">
      <soap:Header/>
      <soap:Body>
        <tel:CreateSessionRq><tel:Request Ver="4" Product="TB" STAN="2" PAN="18625602711" MBR="0"/></tel:CreateSessionRq>
      </soap:Body>
    </soap:Envelope>
2015-07-21T11:21:09+03:00 [25554] Tym.64 VTBIAdapter DEBUG RESPONSE:<?xml version="1.0" encoding="UTF-8"?>
<SOAP-ENV:Envelope xmlns:SOAP-ENV="http://schemas.xmlsoap.org/soap/envelope/" xmlns:m0="http://schemas.compassplus.com/two/1.0/telebank.xsd"
xmlns:m="http://schemas.compassplus.com/two/1.0/telebank.wsdl">
<SOAP-ENV:Body>
<m:CreateSessionRp xmlns:m="http://schemas.compassplus.com/two/1.0/telebank.xsd">
<Response Response="1" Product="TB"><m0:KeyId>461</m0:KeyId>
</Response>
</m:CreateSessionRp>
</SOAP-ENV:Body>
</SOAP-ENV:Envelope>

2015-07-21T11:21:09+03:00 [25554] Tym.64 VTBIAdapter DEBUG REQUEST:<soap:Envelope xmlns:soap="http://www.w3.org/2003/05/soap-envelope" xmlns:tel="http://schemas.compassplus.com/two/1.0/telebank.xsd">
      <soap:Header/>
      <soap:Body>
        <tel:LogonRq><tel:Request Ver="4" Product="TB" STAN="3" PAN="18625602711" MBR="0" KeyId="461" PIN="1111"/></tel:LogonRq>
      </soap:Body>
    </soap:Envelope>
2015-07-21T11:21:10+03:00 [25554] Tym.64 VTBIAdapter DEBUG RESPONSE:<?xml version="1.0" encoding="UTF-8"?>
<SOAP-ENV:Envelope xmlns:SOAP-ENV="http://schemas.xmlsoap.org/soap/envelope/" xmlns:m0="http://schemas.compassplus.com/two/1.0/telebank.xsd"
xmlns:m="http://schemas.compassplus.com/two/1.0/telebank.wsdl">
<SOAP-ENV:Body>
<m:LogonRp xmlns:m="http://schemas.compassplus.com/two/1.0/telebank.xsd">
<Response ApprovalCode="928813" Fee="0" IssuerFee="0" NewMessageCount="0" Response="1" TranId="1506" Product="TB"><m0:AcctCount>1</m0:AcctCount>
<m0:AtmPmtCount>0</m0:AtmPmtCount>
<m0:CMSDisabled>0</m0:CMSDisabled>
<m0:CrdCount>0</m0:CrdCount>
<m0:DefaultCurrency>RUR</m0:DefaultCurrency>
<m0:ExpDate>2099-12-31T23:59:59</m0:ExpDate>
<m0:LastLogonTime>2015-07-20T17:36:47</m0:LastLogonTime>
<m0:LimCurrency>810</m0:LimCurrency>
<m0:Messaging><m0:Row>
<m0:ChannelName>Email</m0:ChannelName>
<m0:ChannelTitle>Email platfon</m0:ChannelTitle>
<m0:ChannelProtocol>3</m0:ChannelProtocol>
<m0:SchemeName>Platfon</m0:SchemeName>
<m0:SchemeTitle>Platfon</m0:SchemeTitle>
<m0:Address>79057107350</m0:Address>
<m0:Disabled>0</m0:Disabled>
<m0:UseForDynAuth>1</m0:UseForDynAuth>
</m0:Row>
</m0:Messaging>
<m0:Name>DRAKE DEN G.</m0:Name>
<m0:Operations><m0:Row>
<m0:Value>AcctLimits</m0:Value>
</m0:Row>
<m0:Row>
<m0:Value>Accts</m0:Value>
</m0:Row>
<m0:Row>
<m0:Value>AddAbonent</m0:Value>
</m0:Row>
<m0:Row>
<m0:Value>AddCardVendor</m0:Value>
</m0:Row>
<m0:Row>
<m0:Value>AddTransferTemplate</m0:Value>
</m0:Row>
<m0:Row>
<m0:Value>AddVendor</m0:Value>
</m0:Row>
<m0:Row>
<m0:Value>AttachForeignCardToCustomer</m0:Value>
</m0:Row>
<m0:Row>
<m0:Value>BMSReadMessages</m0:Value>
</m0:Row>
<m0:Row>
<m0:Value>BMSSendMessage</m0:Value>
</m0:Row>
<m0:Row>
<m0:Value>BalanceInquiry</m0:Value>
</m0:Row>
<m0:Row>
<m0:Value>BillPayment</m0:Value>
</m0:Row>
<m0:Row>
<m0:Value>BillsRequest</m0:Value>
</m0:Row>
<m0:Row>
<m0:Value>CalcVCardCVV2</m0:Value>
</m0:Row>
<m0:Row>
<m0:Value>CancelSchedule</m0:Value>
</m0:Row>
<m0:Row>
<m0:Value>CardActivation</m0:Value>
</m0:Row>
<m0:Row>
<m0:Value>CardLimits</m0:Value>
</m0:Row>
<m0:Row>
<m0:Value>CardLock</m0:Value>
</m0:Row>
<m0:Row>
<m0:Value>CardPINChange</m0:Value>
</m0:Row>
<m0:Row>
<m0:Value>CardPaymentByTemplate</m0:Value>
</m0:Row>
<m0:Row>
<m0:Value>CardStatement</m0:Value>
</m0:Row>
<m0:Row>
<m0:Value>CardVendors</m0:Value>
</m0:Row>
<m0:Row>
<m0:Value>Cards</m0:Value>
</m0:Row>
<m0:Row>
<m0:Value>CardsOnAcct</m0:Value>
</m0:Row>
<m0:Row>
<m0:Value>ChangeAcctAlias</m0:Value>
</m0:Row>
<m0:Row>
<m0:Value>ChangeCMSAddress</m0:Value>
</m0:Row>
<m0:Row>
<m0:Value>ChangeCard2AcctDescr</m0:Value>
</m0:Row>
<m0:Row>
<m0:Value>ChangeCardAlias</m0:Value>
</m0:Row>
<m0:Row>
<m0:Value>ChangeCardCMSAddress</m0:Value>
</m0:Row>
<m0:Row>
<m0:Value>ChangeCardPassword</m0:Value>
</m0:Row>
<m0:Row>
<m0:Value>ChangeECStatus</m0:Value>
</m0:Row>
<m0:Row>
<m0:Value>ChangeNumericLogin</m0:Value>
</m0:Row>
<m0:Row>
<m0:Value>ChangePassword</m0:Value>
</m0:Row>
<m0:Row>
<m0:Value>ChangeTextLogin</m0:Value>
</m0:Row>
<m0:Row>
<m0:Value>CreateSubscription</m0:Value>
</m0:Row>
<m0:Row>
<m0:Value>CreateTBCustomer</m0:Value>
</m0:Row>
<m0:Row>
<m0:Value>CreateVCard</m0:Value>
</m0:Row>
<m0:Row>
<m0:Value>DelAbonent</m0:Value>
</m0:Row>
<m0:Row>
<m0:Value>DelCardVendor</m0:Value>
</m0:Row>
<m0:Row>
<m0:Value>DelTransferTemplate</m0:Value>
</m0:Row>
<m0:Row>
<m0:Value>DelVendor</m0:Value>
</m0:Row>
<m0:Row>
<m0:Value>DeleteSubscription</m0:Value>
</m0:Row>
<m0:Row>
<m0:Value>DetachForeignCardFromCustomer</m0:Value>
</m0:Row>
<m0:Row>
<m0:Value>DynAuthAddressList</m0:Value>
</m0:Row>
<m0:Row>
<m0:Value>EditSubscription</m0:Value>
</m0:Row>
<m0:Row>
<m0:Value>ExplainSchedule</m0:Value>
</m0:Row>
<m0:Row>
<m0:Value>GenerateDynPassword</m0:Value>
</m0:Row>
<m0:Row>
<m0:Value>GetBackOfficeInfo</m0:Value>
</m0:Row>
<m0:Row>
<m0:Value>GetCardAllowed3DSecAuthRules</m0:Value>
</m0:Row>
<m0:Row>
<m0:Value>GetCurrencyRates</m0:Value>
</m0:Row>
<m0:Row>
<m0:Value>GetCustomerUserFields</m0:Value>
</m0:Row>
<m0:Row>
<m0:Value>GetPersonInfo</m0:Value>
</m0:Row>
<m0:Row>
<m0:Value>GetSchedule</m0:Value>
</m0:Row>
<m0:Row>
<m0:Value>GetServicePoint</m0:Value>
</m0:Row>
<m0:Row>
<m0:Value>GetSubscriptionList</m0:Value>
</m0:Row>
<m0:Row>
<m0:Value>GetTransHistory</m0:Value>
</m0:Row>
<m0:Row>
<m0:Value>GetVCProducts</m0:Value>
</m0:Row>
<m0:Row>
<m0:Value>History</m0:Value>
</m0:Row>
<m0:Row>
<m0:Value>InternetPINChange</m0:Value>
</m0:Row>
<m0:Row>
<m0:Value>Logon</m0:Value>
</m0:Row>
<m0:Row>
<m0:Value>MessageToInstitution</m0:Value>
</m0:Row>
<m0:Row>
<m0:Value>OperHist</m0:Value>
</m0:Row>
<m0:Row>
<m0:Value>OutsideTransfer</m0:Value>
</m0:Row>
<m0:Row>
<m0:Value>P2PCredit</m0:Value>
</m0:Row>
<m0:Row>
<m0:Value>PINChange</m0:Value>
</m0:Row>
<m0:Row>
<m0:Value>Payment</m0:Value>
</m0:Row>
<m0:Row>
<m0:Value>PaymentByTemplate</m0:Value>
</m0:Row>
<m0:Row>
<m0:Value>Prepaid</m0:Value>
</m0:Row>
<m0:Row>
<m0:Value>ReverseTelebankTransaction</m0:Value>
</m0:Row>
<m0:Row>
<m0:Value>Schedule</m0:Value>
</m0:Row>
<m0:Row>
<m0:Value>SetAcctLimits</m0:Value>
</m0:Row>
<m0:Row>
<m0:Value>SetCard3DSecAuthRule</m0:Value>
</m0:Row>
<m0:Row>
<m0:Value>SetCardLimits</m0:Value>
</m0:Row>
<m0:Row>
<m0:Value>SetCustomerUserFields</m0:Value>
</m0:Row>
<m0:Row>
<m0:Value>SetDefaultDynAuthAddress</m0:Value>
</m0:Row>
<m0:Row>
<m0:Value>SetExtraAuthAddress</m0:Value>
</m0:Row>
<m0:Row>
<m0:Value>SetPersonInfo</m0:Value>
</m0:Row>
<m0:Row>
<m0:Value>SetTmpAcctLimits</m0:Value>
</m0:Row>
<m0:Row>
<m0:Value>SetTmpCardLimits</m0:Value>
</m0:Row>
<m0:Row>
<m0:Value>Transfer</m0:Value>
</m0:Row>
<m0:Row>
<m0:Value>TransferByTemplate</m0:Value>
</m0:Row>
<m0:Row>
<m0:Value>TransferTemplates</m0:Value>
</m0:Row>
<m0:Row>
<m0:Value>UpdateAbonent</m0:Value>
</m0:Row>
<m0:Row>
<m0:Value>UpdateSchedule</m0:Value>
</m0:Row>
<m0:Row>
<m0:Value>UpdateTransferTemplate</m0:Value>
</m0:Row>
<m0:Row>
<m0:Value>UpdateVendor</m0:Value>
</m0:Row>
<m0:Row>
<m0:Value>Vendors</m0:Value>
</m0:Row>
<m0:Row>
<m0:Value>BackPayment</m0:Value>
</m0:Row>
<m0:Row>
<m0:Value>CardPayment</m0:Value>
</m0:Row>
<m0:Row>
<m0:Value>Schedule</m0:Value>
</m0:Row>
<m0:Row>
<m0:Value>BMSGetForms</m0:Value>
</m0:Row>
<m0:Row>
<m0:Value>BMSGetFormFields</m0:Value>
</m0:Row>
<m0:Row>
<m0:Value>BMSGetMessages</m0:Value>
</m0:Row>
<m0:Row>
<m0:Value>BMSGetMessageFields</m0:Value>
</m0:Row>
</m0:Operations>
<m0:PersonId>293</m0:PersonId>
<m0:PmtCount>0</m0:PmtCount>
<m0:ScheduledPmtCount>0</m0:ScheduledPmtCount>
<m0:ScheduledTrnsfCount>0</m0:ScheduledTrnsfCount>
<m0:Sex>M</m0:Sex>
<m0:Status>1</m0:Status>
<m0:TermCity>Moscow</m0:TermCity>
<m0:TermCountry>RU</m0:TermCountry>
<m0:TextLogin>79057107350</m0:TextLogin>
<m0:TrnsfCount>0</m0:TrnsfCount>
<m0:VCardLimits><m0:Row>
<m0:AmtLimitCurrency>810</m0:AmtLimitCurrency>
<m0:AmtLimitCurrency_AlphaCode>RUR</m0:AmtLimitCurrency_AlphaCode>
<m0:MaxDaysActive>2000</m0:MaxDaysActive>
<m0:MaxDayCountLimit>1000</m0:MaxDayCountLimit>
<m0:MaxDayAmountLimit>99999999999</m0:MaxDayAmountLimit>
<m0:MaxNDayCountLimit>1000</m0:MaxNDayCountLimit>
<m0:MaxNDayAmountLimit>99999999999</m0:MaxNDayAmountLimit>
<m0:MaxWeekCountLimit>1000</m0:MaxWeekCountLimit>
<m0:MaxWeekAmountLimit>99999999999</m0:MaxWeekAmountLimit>
<m0:MaxMonthCountLimit>1000</m0:MaxMonthCountLimit>
<m0:MaxMonthAmountLimit>99999999999</m0:MaxMonthAmountLimit>
<m0:MaxQuarterCountLimit>1000</m0:MaxQuarterCountLimit>
<m0:MaxQuarterAmountLimit>99999999999</m0:MaxQuarterAmountLimit>
<m0:ActivityPeriodType>3</m0:ActivityPeriodType>
<m0:PrefixId>2</m0:PrefixId>
</m0:Row>
</m0:VCardLimits>
</Response>
</m:LogonRp>
</SOAP-ENV:Body>
</SOAP-ENV:Envelope>

2015-07-21T11:23:30+03:00 [25315] Tym.61 VTBIAdapter INFO  VTBIAdapter::GetPAN[ telebank="18625602711" pin="1111" login="79057107350"]
2015-07-21T11:23:30+03:00 [25315] Tym.64 VTBIAdapter DEBUG REQUEST:<soap:Envelope xmlns:soap="http://www.w3.org/2003/05/soap-envelope" xmlns:tel="http://schemas.compassplus.com/two/1.0/telebank.xsd">
      <soap:Header/>
      <soap:Body>
        <tel:GetPANRq><tel:Request Ver="4" Product="TB" STAN="1"><tel:TextLogin>79057107350</tel:TextLogin></tel:Request></tel:GetPANRq>
      </soap:Body>
    </soap:Envelope>
2015-07-21T11:23:30+03:00 [25315] Tym.64 VTBIAdapter DEBUG RESPONSE:<?xml version="1.0" encoding="UTF-8"?>
<SOAP-ENV:Envelope xmlns:SOAP-ENV="http://schemas.xmlsoap.org/soap/envelope/" xmlns:m0="http://schemas.compassplus.com/two/1.0/telebank.xsd"
xmlns:m="http://schemas.compassplus.com/two/1.0/telebank.wsdl">
<SOAP-ENV:Body>
<m:GetPANRp xmlns:m="http://schemas.compassplus.com/two/1.0/telebank.xsd">
<Response Response="1" Product="TB"><m0:ExtraAuthLevel>0</m0:ExtraAuthLevel>
<m0:PAN>18625602711</m0:PAN>
<m0:PasswordExists>0</m0:PasswordExists>
</Response>
</m:GetPANRp>
</SOAP-ENV:Body>
</SOAP-ENV:Envelope>

2015-07-21T11:23:30+03:00 [25315] Tym.64 VTBIAdapter DEBUG KeyId= Key=
2015-07-21T11:23:30+03:00 [25315] Tym.61 VTBIAdapter INFO  VTBIAdapter::Logon[ telebank="18625602711" pin="1111" login="79057107350"]
2015-07-21T11:23:30+03:00 [25315] Tym.64 VTBIAdapter DEBUG REQUEST:<soap:Envelope xmlns:soap="http://www.w3.org/2003/05/soap-envelope" xmlns:tel="http://schemas.compassplus.com/two/1.0/telebank.xsd">
      <soap:Header/>
      <soap:Body>
        <tel:CreateSessionRq><tel:Request Ver="4" Product="TB" STAN="2" PAN="18625602711" MBR="0"/></tel:CreateSessionRq>
      </soap:Body>
    </soap:Envelope>
2015-07-21T11:23:30+03:00 [25315] Tym.64 VTBIAdapter DEBUG RESPONSE:<?xml version="1.0" encoding="UTF-8"?>
<SOAP-ENV:Envelope xmlns:SOAP-ENV="http://schemas.xmlsoap.org/soap/envelope/" xmlns:m0="http://schemas.compassplus.com/two/1.0/telebank.xsd"
xmlns:m="http://schemas.compassplus.com/two/1.0/telebank.wsdl">
<SOAP-ENV:Body>
<m:CreateSessionRp xmlns:m="http://schemas.compassplus.com/two/1.0/telebank.xsd">
<Response Response="1" Product="TB"><m0:KeyId>462</m0:KeyId>
</Response>
</m:CreateSessionRp>
</SOAP-ENV:Body>
</SOAP-ENV:Envelope>

2015-07-21T11:23:30+03:00 [25315] Tym.64 VTBIAdapter DEBUG REQUEST:<soap:Envelope xmlns:soap="http://www.w3.org/2003/05/soap-envelope" xmlns:tel="http://schemas.compassplus.com/two/1.0/telebank.xsd">
      <soap:Header/>
      <soap:Body>
        <tel:LogonRq><tel:Request Ver="4" Product="TB" STAN="3" PAN="18625602711" MBR="0" KeyId="462" PIN="1111"/></tel:LogonRq>
      </soap:Body>
    </soap:Envelope>
2015-07-21T11:23:30+03:00 [25315] Tym.64 VTBIAdapter DEBUG RESPONSE:<?xml version="1.0" encoding="UTF-8"?>
<SOAP-ENV:Envelope xmlns:SOAP-ENV="http://schemas.xmlsoap.org/soap/envelope/" xmlns:m0="http://schemas.compassplus.com/two/1.0/telebank.xsd"
xmlns:m="http://schemas.compassplus.com/two/1.0/telebank.wsdl">
<SOAP-ENV:Body>
<m:LogonRp xmlns:m="http://schemas.compassplus.com/two/1.0/telebank.xsd">
<Response ApprovalCode="208332" Fee="0" IssuerFee="0" NewMessageCount="0" Response="1" TranId="1507" Product="TB"><m0:AcctCount>1</m0:AcctCount>
<m0:AtmPmtCount>0</m0:AtmPmtCount>
<m0:CMSDisabled>0</m0:CMSDisabled>
<m0:CrdCount>0</m0:CrdCount>
<m0:DefaultCurrency>RUR</m0:DefaultCurrency>
<m0:ExpDate>2099-12-31T23:59:59</m0:ExpDate>
<m0:LastLogonTime>2015-07-21T12:17:20</m0:LastLogonTime>
<m0:LimCurrency>810</m0:LimCurrency>
<m0:Messaging><m0:Row>
<m0:ChannelName>Email</m0:ChannelName>
<m0:ChannelTitle>Email platfon</m0:ChannelTitle>
<m0:ChannelProtocol>3</m0:ChannelProtocol>
<m0:SchemeName>Platfon</m0:SchemeName>
<m0:SchemeTitle>Platfon</m0:SchemeTitle>
<m0:Address>79057107350</m0:Address>
<m0:Disabled>0</m0:Disabled>
<m0:UseForDynAuth>1</m0:UseForDynAuth>
</m0:Row>
</m0:Messaging>
<m0:Name>DRAKE DEN G.</m0:Name>
<m0:Operations><m0:Row>
<m0:Value>AcctLimits</m0:Value>
</m0:Row>
<m0:Row>
<m0:Value>Accts</m0:Value>
</m0:Row>
<m0:Row>
<m0:Value>AddAbonent</m0:Value>
</m0:Row>
<m0:Row>
<m0:Value>AddCardVendor</m0:Value>
</m0:Row>
<m0:Row>
<m0:Value>AddTransferTemplate</m0:Value>
</m0:Row>
<m0:Row>
<m0:Value>AddVendor</m0:Value>
</m0:Row>
<m0:Row>
<m0:Value>AttachForeignCardToCustomer</m0:Value>
</m0:Row>
<m0:Row>
<m0:Value>BMSReadMessages</m0:Value>
</m0:Row>
<m0:Row>
<m0:Value>BMSSendMessage</m0:Value>
</m0:Row>
<m0:Row>
<m0:Value>BalanceInquiry</m0:Value>
</m0:Row>
<m0:Row>
<m0:Value>BillPayment</m0:Value>
</m0:Row>
<m0:Row>
<m0:Value>BillsRequest</m0:Value>
</m0:Row>
<m0:Row>
<m0:Value>CalcVCardCVV2</m0:Value>
</m0:Row>
<m0:Row>
<m0:Value>CancelSchedule</m0:Value>
</m0:Row>
<m0:Row>
<m0:Value>CardActivation</m0:Value>
</m0:Row>
<m0:Row>
<m0:Value>CardLimits</m0:Value>
</m0:Row>
<m0:Row>
<m0:Value>CardLock</m0:Value>
</m0:Row>
<m0:Row>
<m0:Value>CardPINChange</m0:Value>
</m0:Row>
<m0:Row>
<m0:Value>CardPaymentByTemplate</m0:Value>
</m0:Row>
<m0:Row>
<m0:Value>CardStatement</m0:Value>
</m0:Row>
<m0:Row>
<m0:Value>CardVendors</m0:Value>
</m0:Row>
<m0:Row>
<m0:Value>Cards</m0:Value>
</m0:Row>
<m0:Row>
<m0:Value>CardsOnAcct</m0:Value>
</m0:Row>
<m0:Row>
<m0:Value>ChangeAcctAlias</m0:Value>
</m0:Row>
<m0:Row>
<m0:Value>ChangeCMSAddress</m0:Value>
</m0:Row>
<m0:Row>
<m0:Value>ChangeCard2AcctDescr</m0:Value>
</m0:Row>
<m0:Row>
<m0:Value>ChangeCardAlias</m0:Value>
</m0:Row>
<m0:Row>
<m0:Value>ChangeCardCMSAddress</m0:Value>
</m0:Row>
<m0:Row>
<m0:Value>ChangeCardPassword</m0:Value>
</m0:Row>
<m0:Row>
<m0:Value>ChangeECStatus</m0:Value>
</m0:Row>
<m0:Row>
<m0:Value>ChangeNumericLogin</m0:Value>
</m0:Row>
<m0:Row>
<m0:Value>ChangePassword</m0:Value>
</m0:Row>
<m0:Row>
<m0:Value>ChangeTextLogin</m0:Value>
</m0:Row>
<m0:Row>
<m0:Value>CreateSubscription</m0:Value>
</m0:Row>
<m0:Row>
<m0:Value>CreateTBCustomer</m0:Value>
</m0:Row>
<m0:Row>
<m0:Value>CreateVCard</m0:Value>
</m0:Row>
<m0:Row>
<m0:Value>DelAbonent</m0:Value>
</m0:Row>
<m0:Row>
<m0:Value>DelCardVendor</m0:Value>
</m0:Row>
<m0:Row>
<m0:Value>DelTransferTemplate</m0:Value>
</m0:Row>
<m0:Row>
<m0:Value>DelVendor</m0:Value>
</m0:Row>
<m0:Row>
<m0:Value>DeleteSubscription</m0:Value>
</m0:Row>
<m0:Row>
<m0:Value>DetachForeignCardFromCustomer</m0:Value>
</m0:Row>
<m0:Row>
<m0:Value>DynAuthAddressList</m0:Value>
</m0:Row>
<m0:Row>
<m0:Value>EditSubscription</m0:Value>
</m0:Row>
<m0:Row>
<m0:Value>ExplainSchedule</m0:Value>
</m0:Row>
<m0:Row>
<m0:Value>GenerateDynPassword</m0:Value>
</m0:Row>
<m0:Row>
<m0:Value>GetBackOfficeInfo</m0:Value>
</m0:Row>
<m0:Row>
<m0:Value>GetCardAllowed3DSecAuthRules</m0:Value>
</m0:Row>
<m0:Row>
<m0:Value>GetCurrencyRates</m0:Value>
</m0:Row>
<m0:Row>
<m0:Value>GetCustomerUserFields</m0:Value>
</m0:Row>
<m0:Row>
<m0:Value>GetPersonInfo</m0:Value>
</m0:Row>
<m0:Row>
<m0:Value>GetSchedule</m0:Value>
</m0:Row>
<m0:Row>
<m0:Value>GetServicePoint</m0:Value>
</m0:Row>
<m0:Row>
<m0:Value>GetSubscriptionList</m0:Value>
</m0:Row>
<m0:Row>
<m0:Value>GetTransHistory</m0:Value>
</m0:Row>
<m0:Row>
<m0:Value>GetVCProducts</m0:Value>
</m0:Row>
<m0:Row>
<m0:Value>History</m0:Value>
</m0:Row>
<m0:Row>
<m0:Value>InternetPINChange</m0:Value>
</m0:Row>
<m0:Row>
<m0:Value>Logon</m0:Value>
</m0:Row>
<m0:Row>
<m0:Value>MessageToInstitution</m0:Value>
</m0:Row>
<m0:Row>
<m0:Value>OperHist</m0:Value>
</m0:Row>
<m0:Row>
<m0:Value>OutsideTransfer</m0:Value>
</m0:Row>
<m0:Row>
<m0:Value>P2PCredit</m0:Value>
</m0:Row>
<m0:Row>
<m0:Value>PINChange</m0:Value>
</m0:Row>
<m0:Row>
<m0:Value>Payment</m0:Value>
</m0:Row>
<m0:Row>
<m0:Value>PaymentByTemplate</m0:Value>
</m0:Row>
<m0:Row>
<m0:Value>Prepaid</m0:Value>
</m0:Row>
<m0:Row>
<m0:Value>ReverseTelebankTransaction</m0:Value>
</m0:Row>
<m0:Row>
<m0:Value>Schedule</m0:Value>
</m0:Row>
<m0:Row>
<m0:Value>SetAcctLimits</m0:Value>
</m0:Row>
<m0:Row>
<m0:Value>SetCard3DSecAuthRule</m0:Value>
</m0:Row>
<m0:Row>
<m0:Value>SetCardLimits</m0:Value>
</m0:Row>
<m0:Row>
<m0:Value>SetCustomerUserFields</m0:Value>
</m0:Row>
<m0:Row>
<m0:Value>SetDefaultDynAuthAddress</m0:Value>
</m0:Row>
<m0:Row>
<m0:Value>SetExtraAuthAddress</m0:Value>
</m0:Row>
<m0:Row>
<m0:Value>SetPersonInfo</m0:Value>
</m0:Row>
<m0:Row>
<m0:Value>SetTmpAcctLimits</m0:Value>
</m0:Row>
<m0:Row>
<m0:Value>SetTmpCardLimits</m0:Value>
</m0:Row>
<m0:Row>
<m0:Value>Transfer</m0:Value>
</m0:Row>
<m0:Row>
<m0:Value>TransferByTemplate</m0:Value>
</m0:Row>
<m0:Row>
<m0:Value>TransferTemplates</m0:Value>
</m0:Row>
<m0:Row>
<m0:Value>UpdateAbonent</m0:Value>
</m0:Row>
<m0:Row>
<m0:Value>UpdateSchedule</m0:Value>
</m0:Row>
<m0:Row>
<m0:Value>UpdateTransferTemplate</m0:Value>
</m0:Row>
<m0:Row>
<m0:Value>UpdateVendor</m0:Value>
</m0:Row>
<m0:Row>
<m0:Value>Vendors</m0:Value>
</m0:Row>
<m0:Row>
<m0:Value>BackPayment</m0:Value>
</m0:Row>
<m0:Row>
<m0:Value>CardPayment</m0:Value>
</m0:Row>
<m0:Row>
<m0:Value>Schedule</m0:Value>
</m0:Row>
<m0:Row>
<m0:Value>BMSGetForms</m0:Value>
</m0:Row>
<m0:Row>
<m0:Value>BMSGetFormFields</m0:Value>
</m0:Row>
<m0:Row>
<m0:Value>BMSGetMessages</m0:Value>
</m0:Row>
<m0:Row>
<m0:Value>BMSGetMessageFields</m0:Value>
</m0:Row>
</m0:Operations>
<m0:PersonId>293</m0:PersonId>
<m0:PmtCount>0</m0:PmtCount>
<m0:ScheduledPmtCount>0</m0:ScheduledPmtCount>
<m0:ScheduledTrnsfCount>0</m0:ScheduledTrnsfCount>
<m0:Sex>M</m0:Sex>
<m0:Status>1</m0:Status>
<m0:TermCity>Moscow</m0:TermCity>
<m0:TermCountry>RU</m0:TermCountry>
<m0:TextLogin>79057107350</m0:TextLogin>
<m0:TrnsfCount>0</m0:TrnsfCount>
<m0:VCardLimits><m0:Row>
<m0:AmtLimitCurrency>810</m0:AmtLimitCurrency>
<m0:AmtLimitCurrency_AlphaCode>RUR</m0:AmtLimitCurrency_AlphaCode>
<m0:MaxDaysActive>2000</m0:MaxDaysActive>
<m0:MaxDayCountLimit>1000</m0:MaxDayCountLimit>
<m0:MaxDayAmountLimit>99999999999</m0:MaxDayAmountLimit>
<m0:MaxNDayCountLimit>1000</m0:MaxNDayCountLimit>
<m0:MaxNDayAmountLimit>99999999999</m0:MaxNDayAmountLimit>
<m0:MaxWeekCountLimit>1000</m0:MaxWeekCountLimit>
<m0:MaxWeekAmountLimit>99999999999</m0:MaxWeekAmountLimit>
<m0:MaxMonthCountLimit>1000</m0:MaxMonthCountLimit>
<m0:MaxMonthAmountLimit>99999999999</m0:MaxMonthAmountLimit>
<m0:MaxQuarterCountLimit>1000</m0:MaxQuarterCountLimit>
<m0:MaxQuarterAmountLimit>99999999999</m0:MaxQuarterAmountLimit>
<m0:ActivityPeriodType>3</m0:ActivityPeriodType>
<m0:PrefixId>2</m0:PrefixId>
</m0:Row>
</m0:VCardLimits>
</Response>
</m:LogonRp>
</SOAP-ENV:Body>
</SOAP-ENV:Envelope>

2015-07-21T11:23:32+03:00 [25315] Tym.61 VTBIAdapter INFO  VTBIAdapter::GetPAN[ telebank="18625602711" pin="1111" login="79057107350"]
2015-07-21T11:23:32+03:00 [25315] Tym.64 VTBIAdapter DEBUG REQUEST:<soap:Envelope xmlns:soap="http://www.w3.org/2003/05/soap-envelope" xmlns:tel="http://schemas.compassplus.com/two/1.0/telebank.xsd">
      <soap:Header/>
      <soap:Body>
        <tel:GetPANRq><tel:Request Ver="4" Product="TB" STAN="1"><tel:TextLogin>79057107350</tel:TextLogin></tel:Request></tel:GetPANRq>
      </soap:Body>
    </soap:Envelope>
2015-07-21T11:23:32+03:00 [25315] Tym.64 VTBIAdapter DEBUG RESPONSE:<?xml version="1.0" encoding="UTF-8"?>
<SOAP-ENV:Envelope xmlns:SOAP-ENV="http://schemas.xmlsoap.org/soap/envelope/" xmlns:m0="http://schemas.compassplus.com/two/1.0/telebank.xsd"
xmlns:m="http://schemas.compassplus.com/two/1.0/telebank.wsdl">
<SOAP-ENV:Body>
<m:GetPANRp xmlns:m="http://schemas.compassplus.com/two/1.0/telebank.xsd">
<Response Response="1" Product="TB"><m0:ExtraAuthLevel>0</m0:ExtraAuthLevel>
<m0:PAN>18625602711</m0:PAN>
<m0:PasswordExists>0</m0:PasswordExists>
</Response>
</m:GetPANRp>
</SOAP-ENV:Body>
</SOAP-ENV:Envelope>

2015-07-21T11:23:32+03:00 [25315] Tym.64 VTBIAdapter DEBUG KeyId= Key=
2015-07-21T11:23:32+03:00 [25315] Tym.61 VTBIAdapter INFO  VTBIAdapter::Logon[ telebank="18625602711" pin="1111" login="79057107350"]
2015-07-21T11:23:32+03:00 [25315] Tym.64 VTBIAdapter DEBUG REQUEST:<soap:Envelope xmlns:soap="http://www.w3.org/2003/05/soap-envelope" xmlns:tel="http://schemas.compassplus.com/two/1.0/telebank.xsd">
      <soap:Header/>
      <soap:Body>
        <tel:CreateSessionRq><tel:Request Ver="4" Product="TB" STAN="2" PAN="18625602711" MBR="0"/></tel:CreateSessionRq>
      </soap:Body>
    </soap:Envelope>
2015-07-21T11:23:32+03:00 [25315] Tym.64 VTBIAdapter DEBUG RESPONSE:<?xml version="1.0" encoding="UTF-8"?>
<SOAP-ENV:Envelope xmlns:SOAP-ENV="http://schemas.xmlsoap.org/soap/envelope/" xmlns:m0="http://schemas.compassplus.com/two/1.0/telebank.xsd"
xmlns:m="http://schemas.compassplus.com/two/1.0/telebank.wsdl">
<SOAP-ENV:Body>
<m:CreateSessionRp xmlns:m="http://schemas.compassplus.com/two/1.0/telebank.xsd">
<Response Response="1" Product="TB"><m0:KeyId>463</m0:KeyId>
</Response>
</m:CreateSessionRp>
</SOAP-ENV:Body>
</SOAP-ENV:Envelope>

2015-07-21T11:23:32+03:00 [25315] Tym.64 VTBIAdapter DEBUG REQUEST:<soap:Envelope xmlns:soap="http://www.w3.org/2003/05/soap-envelope" xmlns:tel="http://schemas.compassplus.com/two/1.0/telebank.xsd">
      <soap:Header/>
      <soap:Body>
        <tel:LogonRq><tel:Request Ver="4" Product="TB" STAN="3" PAN="18625602711" MBR="0" KeyId="463" PIN="1111"/></tel:LogonRq>
      </soap:Body>
    </soap:Envelope>
2015-07-21T11:23:32+03:00 [25315] Tym.64 VTBIAdapter DEBUG RESPONSE:<?xml version="1.0" encoding="UTF-8"?>
<SOAP-ENV:Envelope xmlns:SOAP-ENV="http://schemas.xmlsoap.org/soap/envelope/" xmlns:m0="http://schemas.compassplus.com/two/1.0/telebank.xsd"
xmlns:m="http://schemas.compassplus.com/two/1.0/telebank.wsdl">
<SOAP-ENV:Body>
<m:LogonRp xmlns:m="http://schemas.compassplus.com/two/1.0/telebank.xsd">
<Response ApprovalCode="584475" Fee="0" IssuerFee="0" NewMessageCount="0" Response="1" TranId="1508" Product="TB"><m0:AcctCount>1</m0:AcctCount>
<m0:AtmPmtCount>0</m0:AtmPmtCount>
<m0:CMSDisabled>0</m0:CMSDisabled>
<m0:CrdCount>0</m0:CrdCount>
<m0:DefaultCurrency>RUR</m0:DefaultCurrency>
<m0:ExpDate>2099-12-31T23:59:59</m0:ExpDate>
<m0:LastLogonTime>2015-07-21T12:19:40</m0:LastLogonTime>
<m0:LimCurrency>810</m0:LimCurrency>
<m0:Messaging><m0:Row>
<m0:ChannelName>Email</m0:ChannelName>
<m0:ChannelTitle>Email platfon</m0:ChannelTitle>
<m0:ChannelProtocol>3</m0:ChannelProtocol>
<m0:SchemeName>Platfon</m0:SchemeName>
<m0:SchemeTitle>Platfon</m0:SchemeTitle>
<m0:Address>79057107350</m0:Address>
<m0:Disabled>0</m0:Disabled>
<m0:UseForDynAuth>1</m0:UseForDynAuth>
</m0:Row>
</m0:Messaging>
<m0:Name>DRAKE DEN G.</m0:Name>
<m0:Operations><m0:Row>
<m0:Value>AcctLimits</m0:Value>
</m0:Row>
<m0:Row>
<m0:Value>Accts</m0:Value>
</m0:Row>
<m0:Row>
<m0:Value>AddAbonent</m0:Value>
</m0:Row>
<m0:Row>
<m0:Value>AddCardVendor</m0:Value>
</m0:Row>
<m0:Row>
<m0:Value>AddTransferTemplate</m0:Value>
</m0:Row>
<m0:Row>
<m0:Value>AddVendor</m0:Value>
</m0:Row>
<m0:Row>
<m0:Value>AttachForeignCardToCustomer</m0:Value>
</m0:Row>
<m0:Row>
<m0:Value>BMSReadMessages</m0:Value>
</m0:Row>
<m0:Row>
<m0:Value>BMSSendMessage</m0:Value>
</m0:Row>
<m0:Row>
<m0:Value>BalanceInquiry</m0:Value>
</m0:Row>
<m0:Row>
<m0:Value>BillPayment</m0:Value>
</m0:Row>
<m0:Row>
<m0:Value>BillsRequest</m0:Value>
</m0:Row>
<m0:Row>
<m0:Value>CalcVCardCVV2</m0:Value>
</m0:Row>
<m0:Row>
<m0:Value>CancelSchedule</m0:Value>
</m0:Row>
<m0:Row>
<m0:Value>CardActivation</m0:Value>
</m0:Row>
<m0:Row>
<m0:Value>CardLimits</m0:Value>
</m0:Row>
<m0:Row>
<m0:Value>CardLock</m0:Value>
</m0:Row>
<m0:Row>
<m0:Value>CardPINChange</m0:Value>
</m0:Row>
<m0:Row>
<m0:Value>CardPaymentByTemplate</m0:Value>
</m0:Row>
<m0:Row>
<m0:Value>CardStatement</m0:Value>
</m0:Row>
<m0:Row>
<m0:Value>CardVendors</m0:Value>
</m0:Row>
<m0:Row>
<m0:Value>Cards</m0:Value>
</m0:Row>
<m0:Row>
<m0:Value>CardsOnAcct</m0:Value>
</m0:Row>
<m0:Row>
<m0:Value>ChangeAcctAlias</m0:Value>
</m0:Row>
<m0:Row>
<m0:Value>ChangeCMSAddress</m0:Value>
</m0:Row>
<m0:Row>
<m0:Value>ChangeCard2AcctDescr</m0:Value>
</m0:Row>
<m0:Row>
<m0:Value>ChangeCardAlias</m0:Value>
</m0:Row>
<m0:Row>
<m0:Value>ChangeCardCMSAddress</m0:Value>
</m0:Row>
<m0:Row>
<m0:Value>ChangeCardPassword</m0:Value>
</m0:Row>
<m0:Row>
<m0:Value>ChangeECStatus</m0:Value>
</m0:Row>
<m0:Row>
<m0:Value>ChangeNumericLogin</m0:Value>
</m0:Row>
<m0:Row>
<m0:Value>ChangePassword</m0:Value>
</m0:Row>
<m0:Row>
<m0:Value>ChangeTextLogin</m0:Value>
</m0:Row>
<m0:Row>
<m0:Value>CreateSubscription</m0:Value>
</m0:Row>
<m0:Row>
<m0:Value>CreateTBCustomer</m0:Value>
</m0:Row>
<m0:Row>
<m0:Value>CreateVCard</m0:Value>
</m0:Row>
<m0:Row>
<m0:Value>DelAbonent</m0:Value>
</m0:Row>
<m0:Row>
<m0:Value>DelCardVendor</m0:Value>
</m0:Row>
<m0:Row>
<m0:Value>DelTransferTemplate</m0:Value>
</m0:Row>
<m0:Row>
<m0:Value>DelVendor</m0:Value>
</m0:Row>
<m0:Row>
<m0:Value>DeleteSubscription</m0:Value>
</m0:Row>
<m0:Row>
<m0:Value>DetachForeignCardFromCustomer</m0:Value>
</m0:Row>
<m0:Row>
<m0:Value>DynAuthAddressList</m0:Value>
</m0:Row>
<m0:Row>
<m0:Value>EditSubscription</m0:Value>
</m0:Row>
<m0:Row>
<m0:Value>ExplainSchedule</m0:Value>
</m0:Row>
<m0:Row>
<m0:Value>GenerateDynPassword</m0:Value>
</m0:Row>
<m0:Row>
<m0:Value>GetBackOfficeInfo</m0:Value>
</m0:Row>
<m0:Row>
<m0:Value>GetCardAllowed3DSecAuthRules</m0:Value>
</m0:Row>
<m0:Row>
<m0:Value>GetCurrencyRates</m0:Value>
</m0:Row>
<m0:Row>
<m0:Value>GetCustomerUserFields</m0:Value>
</m0:Row>
<m0:Row>
<m0:Value>GetPersonInfo</m0:Value>
</m0:Row>
<m0:Row>
<m0:Value>GetSchedule</m0:Value>
</m0:Row>
<m0:Row>
<m0:Value>GetServicePoint</m0:Value>
</m0:Row>
<m0:Row>
<m0:Value>GetSubscriptionList</m0:Value>
</m0:Row>
<m0:Row>
<m0:Value>GetTransHistory</m0:Value>
</m0:Row>
<m0:Row>
<m0:Value>GetVCProducts</m0:Value>
</m0:Row>
<m0:Row>
<m0:Value>History</m0:Value>
</m0:Row>
<m0:Row>
<m0:Value>InternetPINChange</m0:Value>
</m0:Row>
<m0:Row>
<m0:Value>Logon</m0:Value>
</m0:Row>
<m0:Row>
<m0:Value>MessageToInstitution</m0:Value>
</m0:Row>
<m0:Row>
<m0:Value>OperHist</m0:Value>
</m0:Row>
<m0:Row>
<m0:Value>OutsideTransfer</m0:Value>
</m0:Row>
<m0:Row>
<m0:Value>P2PCredit</m0:Value>
</m0:Row>
<m0:Row>
<m0:Value>PINChange</m0:Value>
</m0:Row>
<m0:Row>
<m0:Value>Payment</m0:Value>
</m0:Row>
<m0:Row>
<m0:Value>PaymentByTemplate</m0:Value>
</m0:Row>
<m0:Row>
<m0:Value>Prepaid</m0:Value>
</m0:Row>
<m0:Row>
<m0:Value>ReverseTelebankTransaction</m0:Value>
</m0:Row>
<m0:Row>
<m0:Value>Schedule</m0:Value>
</m0:Row>
<m0:Row>
<m0:Value>SetAcctLimits</m0:Value>
</m0:Row>
<m0:Row>
<m0:Value>SetCard3DSecAuthRule</m0:Value>
</m0:Row>
<m0:Row>
<m0:Value>SetCardLimits</m0:Value>
</m0:Row>
<m0:Row>
<m0:Value>SetCustomerUserFields</m0:Value>
</m0:Row>
<m0:Row>
<m0:Value>SetDefaultDynAuthAddress</m0:Value>
</m0:Row>
<m0:Row>
<m0:Value>SetExtraAuthAddress</m0:Value>
</m0:Row>
<m0:Row>
<m0:Value>SetPersonInfo</m0:Value>
</m0:Row>
<m0:Row>
<m0:Value>SetTmpAcctLimits</m0:Value>
</m0:Row>
<m0:Row>
<m0:Value>SetTmpCardLimits</m0:Value>
</m0:Row>
<m0:Row>
<m0:Value>Transfer</m0:Value>
</m0:Row>
<m0:Row>
<m0:Value>TransferByTemplate</m0:Value>
</m0:Row>
<m0:Row>
<m0:Value>TransferTemplates</m0:Value>
</m0:Row>
<m0:Row>
<m0:Value>UpdateAbonent</m0:Value>
</m0:Row>
<m0:Row>
<m0:Value>UpdateSchedule</m0:Value>
</m0:Row>
<m0:Row>
<m0:Value>UpdateTransferTemplate</m0:Value>
</m0:Row>
<m0:Row>
<m0:Value>UpdateVendor</m0:Value>
</m0:Row>
<m0:Row>
<m0:Value>Vendors</m0:Value>
</m0:Row>
<m0:Row>
<m0:Value>BackPayment</m0:Value>
</m0:Row>
<m0:Row>
<m0:Value>CardPayment</m0:Value>
</m0:Row>
<m0:Row>
<m0:Value>Schedule</m0:Value>
</m0:Row>
<m0:Row>
<m0:Value>BMSGetForms</m0:Value>
</m0:Row>
<m0:Row>
<m0:Value>BMSGetFormFields</m0:Value>
</m0:Row>
<m0:Row>
<m0:Value>BMSGetMessages</m0:Value>
</m0:Row>
<m0:Row>
<m0:Value>BMSGetMessageFields</m0:Value>
</m0:Row>
</m0:Operations>
<m0:PersonId>293</m0:PersonId>
<m0:PmtCount>0</m0:PmtCount>
<m0:ScheduledPmtCount>0</m0:ScheduledPmtCount>
<m0:ScheduledTrnsfCount>0</m0:ScheduledTrnsfCount>
<m0:Sex>M</m0:Sex>
<m0:Status>1</m0:Status>
<m0:TermCity>Moscow</m0:TermCity>
<m0:TermCountry>RU</m0:TermCountry>
<m0:TextLogin>79057107350</m0:TextLogin>
<m0:TrnsfCount>0</m0:TrnsfCount>
<m0:VCardLimits><m0:Row>
<m0:AmtLimitCurrency>810</m0:AmtLimitCurrency>
<m0:AmtLimitCurrency_AlphaCode>RUR</m0:AmtLimitCurrency_AlphaCode>
<m0:MaxDaysActive>2000</m0:MaxDaysActive>
<m0:MaxDayCountLimit>1000</m0:MaxDayCountLimit>
<m0:MaxDayAmountLimit>99999999999</m0:MaxDayAmountLimit>
<m0:MaxNDayCountLimit>1000</m0:MaxNDayCountLimit>
<m0:MaxNDayAmountLimit>99999999999</m0:MaxNDayAmountLimit>
<m0:MaxWeekCountLimit>1000</m0:MaxWeekCountLimit>
<m0:MaxWeekAmountLimit>99999999999</m0:MaxWeekAmountLimit>
<m0:MaxMonthCountLimit>1000</m0:MaxMonthCountLimit>
<m0:MaxMonthAmountLimit>99999999999</m0:MaxMonthAmountLimit>
<m0:MaxQuarterCountLimit>1000</m0:MaxQuarterCountLimit>
<m0:MaxQuarterAmountLimit>99999999999</m0:MaxQuarterAmountLimit>
<m0:ActivityPeriodType>3</m0:ActivityPeriodType>
<m0:PrefixId>2</m0:PrefixId>
</m0:Row>
</m0:VCardLimits>
</Response>
</m:LogonRp>
</SOAP-ENV:Body>
</SOAP-ENV:Envelope>

2015-07-21T11:23:50+03:00 [25612] Tym.61 VTBIAdapter INFO  VTBIAdapter::GetPAN[ telebank="18625602711" pin="1111" login="+79057107350"]
2015-07-21T11:23:50+03:00 [25612] Tym.64 VTBIAdapter DEBUG REQUEST:<soap:Envelope xmlns:soap="http://www.w3.org/2003/05/soap-envelope" xmlns:tel="http://schemas.compassplus.com/two/1.0/telebank.xsd">
      <soap:Header/>
      <soap:Body>
        <tel:GetPANRq><tel:Request Ver="4" Product="TB" STAN="1"><tel:TextLogin>+79057107350</tel:TextLogin></tel:Request></tel:GetPANRq>
      </soap:Body>
    </soap:Envelope>
2015-07-21T11:23:50+03:00 [25612] Tym.64 VTBIAdapter DEBUG RESPONSE:<?xml version="1.0" encoding="UTF-8"?>
<SOAP-ENV:Envelope xmlns:SOAP-ENV="http://schemas.xmlsoap.org/soap/envelope/">
<SOAP-ENV:Body>
<SOAP-ENV:Fault>
<SOAP-ENV:Code>
<SOAP-ENV:Value>1025</SOAP-ENV:Value>
</SOAP-ENV:Code>
<SOAP-ENV:Reason>
<SOAP-ENV:Text>Invalid authentication data</SOAP-ENV:Text>
</SOAP-ENV:Reason>
<SOAP-ENV:Detail></SOAP-ENV:Detail></SOAP-ENV:Fault></SOAP-ENV:Body></SOAP-ENV:Envelope>

2015-07-21T11:23:50+03:00 [25612] Tym.70 VTBIAdapter ERROR [-1]Invalid authentication data
2015-07-21T11:23:59+03:00 [25612] Tym.61 VTBIAdapter INFO  VTBIAdapter::GetPAN[ telebank="18625602711" pin="1111" login="79057107350"]
2015-07-21T11:23:59+03:00 [25612] Tym.64 VTBIAdapter DEBUG REQUEST:<soap:Envelope xmlns:soap="http://www.w3.org/2003/05/soap-envelope" xmlns:tel="http://schemas.compassplus.com/two/1.0/telebank.xsd">
      <soap:Header/>
      <soap:Body>
        <tel:GetPANRq><tel:Request Ver="4" Product="TB" STAN="1"><tel:TextLogin>79057107350</tel:TextLogin></tel:Request></tel:GetPANRq>
      </soap:Body>
    </soap:Envelope>
2015-07-21T11:23:59+03:00 [25612] Tym.64 VTBIAdapter DEBUG RESPONSE:<?xml version="1.0" encoding="UTF-8"?>
<SOAP-ENV:Envelope xmlns:SOAP-ENV="http://schemas.xmlsoap.org/soap/envelope/" xmlns:m0="http://schemas.compassplus.com/two/1.0/telebank.xsd"
xmlns:m="http://schemas.compassplus.com/two/1.0/telebank.wsdl">
<SOAP-ENV:Body>
<m:GetPANRp xmlns:m="http://schemas.compassplus.com/two/1.0/telebank.xsd">
<Response Response="1" Product="TB"><m0:ExtraAuthLevel>0</m0:ExtraAuthLevel>
<m0:PAN>18625602711</m0:PAN>
<m0:PasswordExists>0</m0:PasswordExists>
</Response>
</m:GetPANRp>
</SOAP-ENV:Body>
</SOAP-ENV:Envelope>

2015-07-21T11:23:59+03:00 [25612] Tym.64 VTBIAdapter DEBUG KeyId= Key=
2015-07-21T11:23:59+03:00 [25612] Tym.61 VTBIAdapter INFO  VTBIAdapter::Logon[ telebank="18625602711" pin="1111" login="79057107350"]
2015-07-21T11:23:59+03:00 [25612] Tym.64 VTBIAdapter DEBUG REQUEST:<soap:Envelope xmlns:soap="http://www.w3.org/2003/05/soap-envelope" xmlns:tel="http://schemas.compassplus.com/two/1.0/telebank.xsd">
      <soap:Header/>
      <soap:Body>
        <tel:CreateSessionRq><tel:Request Ver="4" Product="TB" STAN="2" PAN="18625602711" MBR="0"/></tel:CreateSessionRq>
      </soap:Body>
    </soap:Envelope>
2015-07-21T11:23:59+03:00 [25612] Tym.64 VTBIAdapter DEBUG RESPONSE:<?xml version="1.0" encoding="UTF-8"?>
<SOAP-ENV:Envelope xmlns:SOAP-ENV="http://schemas.xmlsoap.org/soap/envelope/" xmlns:m0="http://schemas.compassplus.com/two/1.0/telebank.xsd"
xmlns:m="http://schemas.compassplus.com/two/1.0/telebank.wsdl">
<SOAP-ENV:Body>
<m:CreateSessionRp xmlns:m="http://schemas.compassplus.com/two/1.0/telebank.xsd">
<Response Response="1" Product="TB"><m0:KeyId>464</m0:KeyId>
</Response>
</m:CreateSessionRp>
</SOAP-ENV:Body>
</SOAP-ENV:Envelope>

2015-07-21T11:23:59+03:00 [25612] Tym.64 VTBIAdapter DEBUG REQUEST:<soap:Envelope xmlns:soap="http://www.w3.org/2003/05/soap-envelope" xmlns:tel="http://schemas.compassplus.com/two/1.0/telebank.xsd">
      <soap:Header/>
      <soap:Body>
        <tel:LogonRq><tel:Request Ver="4" Product="TB" STAN="3" PAN="18625602711" MBR="0" KeyId="464" PIN="1111"/></tel:LogonRq>
      </soap:Body>
    </soap:Envelope>
2015-07-21T11:23:59+03:00 [25612] Tym.64 VTBIAdapter DEBUG RESPONSE:<?xml version="1.0" encoding="UTF-8"?>
<SOAP-ENV:Envelope xmlns:SOAP-ENV="http://schemas.xmlsoap.org/soap/envelope/" xmlns:m0="http://schemas.compassplus.com/two/1.0/telebank.xsd"
xmlns:m="http://schemas.compassplus.com/two/1.0/telebank.wsdl">
<SOAP-ENV:Body>
<m:LogonRp xmlns:m="http://schemas.compassplus.com/two/1.0/telebank.xsd">
<Response ApprovalCode="902987" Fee="0" IssuerFee="0" NewMessageCount="0" Response="1" TranId="1509" Product="TB"><m0:AcctCount>1</m0:AcctCount>
<m0:AtmPmtCount>0</m0:AtmPmtCount>
<m0:CMSDisabled>0</m0:CMSDisabled>
<m0:CrdCount>0</m0:CrdCount>
<m0:DefaultCurrency>RUR</m0:DefaultCurrency>
<m0:ExpDate>2099-12-31T23:59:59</m0:ExpDate>
<m0:LastLogonTime>2015-07-21T12:19:42</m0:LastLogonTime>
<m0:LimCurrency>810</m0:LimCurrency>
<m0:Messaging><m0:Row>
<m0:ChannelName>Email</m0:ChannelName>
<m0:ChannelTitle>Email platfon</m0:ChannelTitle>
<m0:ChannelProtocol>3</m0:ChannelProtocol>
<m0:SchemeName>Platfon</m0:SchemeName>
<m0:SchemeTitle>Platfon</m0:SchemeTitle>
<m0:Address>79057107350</m0:Address>
<m0:Disabled>0</m0:Disabled>
<m0:UseForDynAuth>1</m0:UseForDynAuth>
</m0:Row>
</m0:Messaging>
<m0:Name>DRAKE DEN G.</m0:Name>
<m0:Operations><m0:Row>
<m0:Value>AcctLimits</m0:Value>
</m0:Row>
<m0:Row>
<m0:Value>Accts</m0:Value>
</m0:Row>
<m0:Row>
<m0:Value>AddAbonent</m0:Value>
</m0:Row>
<m0:Row>
<m0:Value>AddCardVendor</m0:Value>
</m0:Row>
<m0:Row>
<m0:Value>AddTransferTemplate</m0:Value>
</m0:Row>
<m0:Row>
<m0:Value>AddVendor</m0:Value>
</m0:Row>
<m0:Row>
<m0:Value>AttachForeignCardToCustomer</m0:Value>
</m0:Row>
<m0:Row>
<m0:Value>BMSReadMessages</m0:Value>
</m0:Row>
<m0:Row>
<m0:Value>BMSSendMessage</m0:Value>
</m0:Row>
<m0:Row>
<m0:Value>BalanceInquiry</m0:Value>
</m0:Row>
<m0:Row>
<m0:Value>BillPayment</m0:Value>
</m0:Row>
<m0:Row>
<m0:Value>BillsRequest</m0:Value>
</m0:Row>
<m0:Row>
<m0:Value>CalcVCardCVV2</m0:Value>
</m0:Row>
<m0:Row>
<m0:Value>CancelSchedule</m0:Value>
</m0:Row>
<m0:Row>
<m0:Value>CardActivation</m0:Value>
</m0:Row>
<m0:Row>
<m0:Value>CardLimits</m0:Value>
</m0:Row>
<m0:Row>
<m0:Value>CardLock</m0:Value>
</m0:Row>
<m0:Row>
<m0:Value>CardPINChange</m0:Value>
</m0:Row>
<m0:Row>
<m0:Value>CardPaymentByTemplate</m0:Value>
</m0:Row>
<m0:Row>
<m0:Value>CardStatement</m0:Value>
</m0:Row>
<m0:Row>
<m0:Value>CardVendors</m0:Value>
</m0:Row>
<m0:Row>
<m0:Value>Cards</m0:Value>
</m0:Row>
<m0:Row>
<m0:Value>CardsOnAcct</m0:Value>
</m0:Row>
<m0:Row>
<m0:Value>ChangeAcctAlias</m0:Value>
</m0:Row>
<m0:Row>
<m0:Value>ChangeCMSAddress</m0:Value>
</m0:Row>
<m0:Row>
<m0:Value>ChangeCard2AcctDescr</m0:Value>
</m0:Row>
<m0:Row>
<m0:Value>ChangeCardAlias</m0:Value>
</m0:Row>
<m0:Row>
<m0:Value>ChangeCardCMSAddress</m0:Value>
</m0:Row>
<m0:Row>
<m0:Value>ChangeCardPassword</m0:Value>
</m0:Row>
<m0:Row>
<m0:Value>ChangeECStatus</m0:Value>
</m0:Row>
<m0:Row>
<m0:Value>ChangeNumericLogin</m0:Value>
</m0:Row>
<m0:Row>
<m0:Value>ChangePassword</m0:Value>
</m0:Row>
<m0:Row>
<m0:Value>ChangeTextLogin</m0:Value>
</m0:Row>
<m0:Row>
<m0:Value>CreateSubscription</m0:Value>
</m0:Row>
<m0:Row>
<m0:Value>CreateTBCustomer</m0:Value>
</m0:Row>
<m0:Row>
<m0:Value>CreateVCard</m0:Value>
</m0:Row>
<m0:Row>
<m0:Value>DelAbonent</m0:Value>
</m0:Row>
<m0:Row>
<m0:Value>DelCardVendor</m0:Value>
</m0:Row>
<m0:Row>
<m0:Value>DelTransferTemplate</m0:Value>
</m0:Row>
<m0:Row>
<m0:Value>DelVendor</m0:Value>
</m0:Row>
<m0:Row>
<m0:Value>DeleteSubscription</m0:Value>
</m0:Row>
<m0:Row>
<m0:Value>DetachForeignCardFromCustomer</m0:Value>
</m0:Row>
<m0:Row>
<m0:Value>DynAuthAddressList</m0:Value>
</m0:Row>
<m0:Row>
<m0:Value>EditSubscription</m0:Value>
</m0:Row>
<m0:Row>
<m0:Value>ExplainSchedule</m0:Value>
</m0:Row>
<m0:Row>
<m0:Value>GenerateDynPassword</m0:Value>
</m0:Row>
<m0:Row>
<m0:Value>GetBackOfficeInfo</m0:Value>
</m0:Row>
<m0:Row>
<m0:Value>GetCardAllowed3DSecAuthRules</m0:Value>
</m0:Row>
<m0:Row>
<m0:Value>GetCurrencyRates</m0:Value>
</m0:Row>
<m0:Row>
<m0:Value>GetCustomerUserFields</m0:Value>
</m0:Row>
<m0:Row>
<m0:Value>GetPersonInfo</m0:Value>
</m0:Row>
<m0:Row>
<m0:Value>GetSchedule</m0:Value>
</m0:Row>
<m0:Row>
<m0:Value>GetServicePoint</m0:Value>
</m0:Row>
<m0:Row>
<m0:Value>GetSubscriptionList</m0:Value>
</m0:Row>
<m0:Row>
<m0:Value>GetTransHistory</m0:Value>
</m0:Row>
<m0:Row>
<m0:Value>GetVCProducts</m0:Value>
</m0:Row>
<m0:Row>
<m0:Value>History</m0:Value>
</m0:Row>
<m0:Row>
<m0:Value>InternetPINChange</m0:Value>
</m0:Row>
<m0:Row>
<m0:Value>Logon</m0:Value>
</m0:Row>
<m0:Row>
<m0:Value>MessageToInstitution</m0:Value>
</m0:Row>
<m0:Row>
<m0:Value>OperHist</m0:Value>
</m0:Row>
<m0:Row>
<m0:Value>OutsideTransfer</m0:Value>
</m0:Row>
<m0:Row>
<m0:Value>P2PCredit</m0:Value>
</m0:Row>
<m0:Row>
<m0:Value>PINChange</m0:Value>
</m0:Row>
<m0:Row>
<m0:Value>Payment</m0:Value>
</m0:Row>
<m0:Row>
<m0:Value>PaymentByTemplate</m0:Value>
</m0:Row>
<m0:Row>
<m0:Value>Prepaid</m0:Value>
</m0:Row>
<m0:Row>
<m0:Value>ReverseTelebankTransaction</m0:Value>
</m0:Row>
<m0:Row>
<m0:Value>Schedule</m0:Value>
</m0:Row>
<m0:Row>
<m0:Value>SetAcctLimits</m0:Value>
</m0:Row>
<m0:Row>
<m0:Value>SetCard3DSecAuthRule</m0:Value>
</m0:Row>
<m0:Row>
<m0:Value>SetCardLimits</m0:Value>
</m0:Row>
<m0:Row>
<m0:Value>SetCustomerUserFields</m0:Value>
</m0:Row>
<m0:Row>
<m0:Value>SetDefaultDynAuthAddress</m0:Value>
</m0:Row>
<m0:Row>
<m0:Value>SetExtraAuthAddress</m0:Value>
</m0:Row>
<m0:Row>
<m0:Value>SetPersonInfo</m0:Value>
</m0:Row>
<m0:Row>
<m0:Value>SetTmpAcctLimits</m0:Value>
</m0:Row>
<m0:Row>
<m0:Value>SetTmpCardLimits</m0:Value>
</m0:Row>
<m0:Row>
<m0:Value>Transfer</m0:Value>
</m0:Row>
<m0:Row>
<m0:Value>TransferByTemplate</m0:Value>
</m0:Row>
<m0:Row>
<m0:Value>TransferTemplates</m0:Value>
</m0:Row>
<m0:Row>
<m0:Value>UpdateAbonent</m0:Value>
</m0:Row>
<m0:Row>
<m0:Value>UpdateSchedule</m0:Value>
</m0:Row>
<m0:Row>
<m0:Value>UpdateTransferTemplate</m0:Value>
</m0:Row>
<m0:Row>
<m0:Value>UpdateVendor</m0:Value>
</m0:Row>
<m0:Row>
<m0:Value>Vendors</m0:Value>
</m0:Row>
<m0:Row>
<m0:Value>BackPayment</m0:Value>
</m0:Row>
<m0:Row>
<m0:Value>CardPayment</m0:Value>
</m0:Row>
<m0:Row>
<m0:Value>Schedule</m0:Value>
</m0:Row>
<m0:Row>
<m0:Value>BMSGetForms</m0:Value>
</m0:Row>
<m0:Row>
<m0:Value>BMSGetFormFields</m0:Value>
</m0:Row>
<m0:Row>
<m0:Value>BMSGetMessages</m0:Value>
</m0:Row>
<m0:Row>
<m0:Value>BMSGetMessageFields</m0:Value>
</m0:Row>
</m0:Operations>
<m0:PersonId>293</m0:PersonId>
<m0:PmtCount>0</m0:PmtCount>
<m0:ScheduledPmtCount>0</m0:ScheduledPmtCount>
<m0:ScheduledTrnsfCount>0</m0:ScheduledTrnsfCount>
<m0:Sex>M</m0:Sex>
<m0:Status>1</m0:Status>
<m0:TermCity>Moscow</m0:TermCity>
<m0:TermCountry>RU</m0:TermCountry>
<m0:TextLogin>79057107350</m0:TextLogin>
<m0:TrnsfCount>0</m0:TrnsfCount>
<m0:VCardLimits><m0:Row>
<m0:AmtLimitCurrency>810</m0:AmtLimitCurrency>
<m0:AmtLimitCurrency_AlphaCode>RUR</m0:AmtLimitCurrency_AlphaCode>
<m0:MaxDaysActive>2000</m0:MaxDaysActive>
<m0:MaxDayCountLimit>1000</m0:MaxDayCountLimit>
<m0:MaxDayAmountLimit>99999999999</m0:MaxDayAmountLimit>
<m0:MaxNDayCountLimit>1000</m0:MaxNDayCountLimit>
<m0:MaxNDayAmountLimit>99999999999</m0:MaxNDayAmountLimit>
<m0:MaxWeekCountLimit>1000</m0:MaxWeekCountLimit>
<m0:MaxWeekAmountLimit>99999999999</m0:MaxWeekAmountLimit>
<m0:MaxMonthCountLimit>1000</m0:MaxMonthCountLimit>
<m0:MaxMonthAmountLimit>99999999999</m0:MaxMonthAmountLimit>
<m0:MaxQuarterCountLimit>1000</m0:MaxQuarterCountLimit>
<m0:MaxQuarterAmountLimit>99999999999</m0:MaxQuarterAmountLimit>
<m0:ActivityPeriodType>3</m0:ActivityPeriodType>
<m0:PrefixId>2</m0:PrefixId>
</m0:Row>
</m0:VCardLimits>
</Response>
</m:LogonRp>
</SOAP-ENV:Body>
</SOAP-ENV:Envelope>

2015-07-21T11:24:44+03:00 [25613] Tym.61 VTBIAdapter INFO  VTBIAdapter::GetPAN[ telebank="18625602711" pin="1111" login="79057107350"]
2015-07-21T11:24:44+03:00 [25613] Tym.64 VTBIAdapter DEBUG REQUEST:<soap:Envelope xmlns:soap="http://www.w3.org/2003/05/soap-envelope" xmlns:tel="http://schemas.compassplus.com/two/1.0/telebank.xsd">
      <soap:Header/>
      <soap:Body>
        <tel:GetPANRq><tel:Request Ver="4" Product="TB" STAN="1"><tel:TextLogin>79057107350</tel:TextLogin></tel:Request></tel:GetPANRq>
      </soap:Body>
    </soap:Envelope>
2015-07-21T11:24:44+03:00 [25613] Tym.64 VTBIAdapter DEBUG RESPONSE:<?xml version="1.0" encoding="UTF-8"?>
<SOAP-ENV:Envelope xmlns:SOAP-ENV="http://schemas.xmlsoap.org/soap/envelope/" xmlns:m0="http://schemas.compassplus.com/two/1.0/telebank.xsd"
xmlns:m="http://schemas.compassplus.com/two/1.0/telebank.wsdl">
<SOAP-ENV:Body>
<m:GetPANRp xmlns:m="http://schemas.compassplus.com/two/1.0/telebank.xsd">
<Response Response="1" Product="TB"><m0:ExtraAuthLevel>0</m0:ExtraAuthLevel>
<m0:PAN>18625602711</m0:PAN>
<m0:PasswordExists>0</m0:PasswordExists>
</Response>
</m:GetPANRp>
</SOAP-ENV:Body>
</SOAP-ENV:Envelope>

2015-07-21T11:24:44+03:00 [25613] Tym.64 VTBIAdapter DEBUG KeyId= Key=
2015-07-21T11:24:44+03:00 [25613] Tym.61 VTBIAdapter INFO  VTBIAdapter::Logon[ telebank="18625602711" pin="1111" login="79057107350"]
2015-07-21T11:24:44+03:00 [25613] Tym.64 VTBIAdapter DEBUG REQUEST:<soap:Envelope xmlns:soap="http://www.w3.org/2003/05/soap-envelope" xmlns:tel="http://schemas.compassplus.com/two/1.0/telebank.xsd">
      <soap:Header/>
      <soap:Body>
        <tel:CreateSessionRq><tel:Request Ver="4" Product="TB" STAN="2" PAN="18625602711" MBR="0"/></tel:CreateSessionRq>
      </soap:Body>
    </soap:Envelope>
2015-07-21T11:24:44+03:00 [25613] Tym.64 VTBIAdapter DEBUG RESPONSE:<?xml version="1.0" encoding="UTF-8"?>
<SOAP-ENV:Envelope xmlns:SOAP-ENV="http://schemas.xmlsoap.org/soap/envelope/" xmlns:m0="http://schemas.compassplus.com/two/1.0/telebank.xsd"
xmlns:m="http://schemas.compassplus.com/two/1.0/telebank.wsdl">
<SOAP-ENV:Body>
<m:CreateSessionRp xmlns:m="http://schemas.compassplus.com/two/1.0/telebank.xsd">
<Response Response="1" Product="TB"><m0:KeyId>465</m0:KeyId>
</Response>
</m:CreateSessionRp>
</SOAP-ENV:Body>
</SOAP-ENV:Envelope>

2015-07-21T11:24:44+03:00 [25613] Tym.64 VTBIAdapter DEBUG REQUEST:<soap:Envelope xmlns:soap="http://www.w3.org/2003/05/soap-envelope" xmlns:tel="http://schemas.compassplus.com/two/1.0/telebank.xsd">
      <soap:Header/>
      <soap:Body>
        <tel:LogonRq><tel:Request Ver="4" Product="TB" STAN="3" PAN="18625602711" MBR="0" KeyId="465" PIN="1111"/></tel:LogonRq>
      </soap:Body>
    </soap:Envelope>
2015-07-21T11:24:45+03:00 [25613] Tym.64 VTBIAdapter DEBUG RESPONSE:<?xml version="1.0" encoding="UTF-8"?>
<SOAP-ENV:Envelope xmlns:SOAP-ENV="http://schemas.xmlsoap.org/soap/envelope/" xmlns:m0="http://schemas.compassplus.com/two/1.0/telebank.xsd"
xmlns:m="http://schemas.compassplus.com/two/1.0/telebank.wsdl">
<SOAP-ENV:Body>
<m:LogonRp xmlns:m="http://schemas.compassplus.com/two/1.0/telebank.xsd">
<Response ApprovalCode="793076" Fee="0" IssuerFee="0" NewMessageCount="0" Response="1" TranId="1510" Product="TB"><m0:AcctCount>1</m0:AcctCount>
<m0:AtmPmtCount>0</m0:AtmPmtCount>
<m0:CMSDisabled>0</m0:CMSDisabled>
<m0:CrdCount>0</m0:CrdCount>
<m0:DefaultCurrency>RUR</m0:DefaultCurrency>
<m0:ExpDate>2099-12-31T23:59:59</m0:ExpDate>
<m0:LastLogonTime>2015-07-21T12:20:09</m0:LastLogonTime>
<m0:LimCurrency>810</m0:LimCurrency>
<m0:Messaging><m0:Row>
<m0:ChannelName>Email</m0:ChannelName>
<m0:ChannelTitle>Email platfon</m0:ChannelTitle>
<m0:ChannelProtocol>3</m0:ChannelProtocol>
<m0:SchemeName>Platfon</m0:SchemeName>
<m0:SchemeTitle>Platfon</m0:SchemeTitle>
<m0:Address>79057107350</m0:Address>
<m0:Disabled>0</m0:Disabled>
<m0:UseForDynAuth>1</m0:UseForDynAuth>
</m0:Row>
</m0:Messaging>
<m0:Name>DRAKE DEN G.</m0:Name>
<m0:Operations><m0:Row>
<m0:Value>AcctLimits</m0:Value>
</m0:Row>
<m0:Row>
<m0:Value>Accts</m0:Value>
</m0:Row>
<m0:Row>
<m0:Value>AddAbonent</m0:Value>
</m0:Row>
<m0:Row>
<m0:Value>AddCardVendor</m0:Value>
</m0:Row>
<m0:Row>
<m0:Value>AddTransferTemplate</m0:Value>
</m0:Row>
<m0:Row>
<m0:Value>AddVendor</m0:Value>
</m0:Row>
<m0:Row>
<m0:Value>AttachForeignCardToCustomer</m0:Value>
</m0:Row>
<m0:Row>
<m0:Value>BMSReadMessages</m0:Value>
</m0:Row>
<m0:Row>
<m0:Value>BMSSendMessage</m0:Value>
</m0:Row>
<m0:Row>
<m0:Value>BalanceInquiry</m0:Value>
</m0:Row>
<m0:Row>
<m0:Value>BillPayment</m0:Value>
</m0:Row>
<m0:Row>
<m0:Value>BillsRequest</m0:Value>
</m0:Row>
<m0:Row>
<m0:Value>CalcVCardCVV2</m0:Value>
</m0:Row>
<m0:Row>
<m0:Value>CancelSchedule</m0:Value>
</m0:Row>
<m0:Row>
<m0:Value>CardActivation</m0:Value>
</m0:Row>
<m0:Row>
<m0:Value>CardLimits</m0:Value>
</m0:Row>
<m0:Row>
<m0:Value>CardLock</m0:Value>
</m0:Row>
<m0:Row>
<m0:Value>CardPINChange</m0:Value>
</m0:Row>
<m0:Row>
<m0:Value>CardPaymentByTemplate</m0:Value>
</m0:Row>
<m0:Row>
<m0:Value>CardStatement</m0:Value>
</m0:Row>
<m0:Row>
<m0:Value>CardVendors</m0:Value>
</m0:Row>
<m0:Row>
<m0:Value>Cards</m0:Value>
</m0:Row>
<m0:Row>
<m0:Value>CardsOnAcct</m0:Value>
</m0:Row>
<m0:Row>
<m0:Value>ChangeAcctAlias</m0:Value>
</m0:Row>
<m0:Row>
<m0:Value>ChangeCMSAddress</m0:Value>
</m0:Row>
<m0:Row>
<m0:Value>ChangeCard2AcctDescr</m0:Value>
</m0:Row>
<m0:Row>
<m0:Value>ChangeCardAlias</m0:Value>
</m0:Row>
<m0:Row>
<m0:Value>ChangeCardCMSAddress</m0:Value>
</m0:Row>
<m0:Row>
<m0:Value>ChangeCardPassword</m0:Value>
</m0:Row>
<m0:Row>
<m0:Value>ChangeECStatus</m0:Value>
</m0:Row>
<m0:Row>
<m0:Value>ChangeNumericLogin</m0:Value>
</m0:Row>
<m0:Row>
<m0:Value>ChangePassword</m0:Value>
</m0:Row>
<m0:Row>
<m0:Value>ChangeTextLogin</m0:Value>
</m0:Row>
<m0:Row>
<m0:Value>CreateSubscription</m0:Value>
</m0:Row>
<m0:Row>
<m0:Value>CreateTBCustomer</m0:Value>
</m0:Row>
<m0:Row>
<m0:Value>CreateVCard</m0:Value>
</m0:Row>
<m0:Row>
<m0:Value>DelAbonent</m0:Value>
</m0:Row>
<m0:Row>
<m0:Value>DelCardVendor</m0:Value>
</m0:Row>
<m0:Row>
<m0:Value>DelTransferTemplate</m0:Value>
</m0:Row>
<m0:Row>
<m0:Value>DelVendor</m0:Value>
</m0:Row>
<m0:Row>
<m0:Value>DeleteSubscription</m0:Value>
</m0:Row>
<m0:Row>
<m0:Value>DetachForeignCardFromCustomer</m0:Value>
</m0:Row>
<m0:Row>
<m0:Value>DynAuthAddressList</m0:Value>
</m0:Row>
<m0:Row>
<m0:Value>EditSubscription</m0:Value>
</m0:Row>
<m0:Row>
<m0:Value>ExplainSchedule</m0:Value>
</m0:Row>
<m0:Row>
<m0:Value>GenerateDynPassword</m0:Value>
</m0:Row>
<m0:Row>
<m0:Value>GetBackOfficeInfo</m0:Value>
</m0:Row>
<m0:Row>
<m0:Value>GetCardAllowed3DSecAuthRules</m0:Value>
</m0:Row>
<m0:Row>
<m0:Value>GetCurrencyRates</m0:Value>
</m0:Row>
<m0:Row>
<m0:Value>GetCustomerUserFields</m0:Value>
</m0:Row>
<m0:Row>
<m0:Value>GetPersonInfo</m0:Value>
</m0:Row>
<m0:Row>
<m0:Value>GetSchedule</m0:Value>
</m0:Row>
<m0:Row>
<m0:Value>GetServicePoint</m0:Value>
</m0:Row>
<m0:Row>
<m0:Value>GetSubscriptionList</m0:Value>
</m0:Row>
<m0:Row>
<m0:Value>GetTransHistory</m0:Value>
</m0:Row>
<m0:Row>
<m0:Value>GetVCProducts</m0:Value>
</m0:Row>
<m0:Row>
<m0:Value>History</m0:Value>
</m0:Row>
<m0:Row>
<m0:Value>InternetPINChange</m0:Value>
</m0:Row>
<m0:Row>
<m0:Value>Logon</m0:Value>
</m0:Row>
<m0:Row>
<m0:Value>MessageToInstitution</m0:Value>
</m0:Row>
<m0:Row>
<m0:Value>OperHist</m0:Value>
</m0:Row>
<m0:Row>
<m0:Value>OutsideTransfer</m0:Value>
</m0:Row>
<m0:Row>
<m0:Value>P2PCredit</m0:Value>
</m0:Row>
<m0:Row>
<m0:Value>PINChange</m0:Value>
</m0:Row>
<m0:Row>
<m0:Value>Payment</m0:Value>
</m0:Row>
<m0:Row>
<m0:Value>PaymentByTemplate</m0:Value>
</m0:Row>
<m0:Row>
<m0:Value>Prepaid</m0:Value>
</m0:Row>
<m0:Row>
<m0:Value>ReverseTelebankTransaction</m0:Value>
</m0:Row>
<m0:Row>
<m0:Value>Schedule</m0:Value>
</m0:Row>
<m0:Row>
<m0:Value>SetAcctLimits</m0:Value>
</m0:Row>
<m0:Row>
<m0:Value>SetCard3DSecAuthRule</m0:Value>
</m0:Row>
<m0:Row>
<m0:Value>SetCardLimits</m0:Value>
</m0:Row>
<m0:Row>
<m0:Value>SetCustomerUserFields</m0:Value>
</m0:Row>
<m0:Row>
<m0:Value>SetDefaultDynAuthAddress</m0:Value>
</m0:Row>
<m0:Row>
<m0:Value>SetExtraAuthAddress</m0:Value>
</m0:Row>
<m0:Row>
<m0:Value>SetPersonInfo</m0:Value>
</m0:Row>
<m0:Row>
<m0:Value>SetTmpAcctLimits</m0:Value>
</m0:Row>
<m0:Row>
<m0:Value>SetTmpCardLimits</m0:Value>
</m0:Row>
<m0:Row>
<m0:Value>Transfer</m0:Value>
</m0:Row>
<m0:Row>
<m0:Value>TransferByTemplate</m0:Value>
</m0:Row>
<m0:Row>
<m0:Value>TransferTemplates</m0:Value>
</m0:Row>
<m0:Row>
<m0:Value>UpdateAbonent</m0:Value>
</m0:Row>
<m0:Row>
<m0:Value>UpdateSchedule</m0:Value>
</m0:Row>
<m0:Row>
<m0:Value>UpdateTransferTemplate</m0:Value>
</m0:Row>
<m0:Row>
<m0:Value>UpdateVendor</m0:Value>
</m0:Row>
<m0:Row>
<m0:Value>Vendors</m0:Value>
</m0:Row>
<m0:Row>
<m0:Value>BackPayment</m0:Value>
</m0:Row>
<m0:Row>
<m0:Value>CardPayment</m0:Value>
</m0:Row>
<m0:Row>
<m0:Value>Schedule</m0:Value>
</m0:Row>
<m0:Row>
<m0:Value>BMSGetForms</m0:Value>
</m0:Row>
<m0:Row>
<m0:Value>BMSGetFormFields</m0:Value>
</m0:Row>
<m0:Row>
<m0:Value>BMSGetMessages</m0:Value>
</m0:Row>
<m0:Row>
<m0:Value>BMSGetMessageFields</m0:Value>
</m0:Row>
</m0:Operations>
<m0:PersonId>293</m0:PersonId>
<m0:PmtCount>0</m0:PmtCount>
<m0:ScheduledPmtCount>0</m0:ScheduledPmtCount>
<m0:ScheduledTrnsfCount>0</m0:ScheduledTrnsfCount>
<m0:Sex>M</m0:Sex>
<m0:Status>1</m0:Status>
<m0:TermCity>Moscow</m0:TermCity>
<m0:TermCountry>RU</m0:TermCountry>
<m0:TextLogin>79057107350</m0:TextLogin>
<m0:TrnsfCount>0</m0:TrnsfCount>
<m0:VCardLimits><m0:Row>
<m0:AmtLimitCurrency>810</m0:AmtLimitCurrency>
<m0:AmtLimitCurrency_AlphaCode>RUR</m0:AmtLimitCurrency_AlphaCode>
<m0:MaxDaysActive>2000</m0:MaxDaysActive>
<m0:MaxDayCountLimit>1000</m0:MaxDayCountLimit>
<m0:MaxDayAmountLimit>99999999999</m0:MaxDayAmountLimit>
<m0:MaxNDayCountLimit>1000</m0:MaxNDayCountLimit>
<m0:MaxNDayAmountLimit>99999999999</m0:MaxNDayAmountLimit>
<m0:MaxWeekCountLimit>1000</m0:MaxWeekCountLimit>
<m0:MaxWeekAmountLimit>99999999999</m0:MaxWeekAmountLimit>
<m0:MaxMonthCountLimit>1000</m0:MaxMonthCountLimit>
<m0:MaxMonthAmountLimit>99999999999</m0:MaxMonthAmountLimit>
<m0:MaxQuarterCountLimit>1000</m0:MaxQuarterCountLimit>
<m0:MaxQuarterAmountLimit>99999999999</m0:MaxQuarterAmountLimit>
<m0:ActivityPeriodType>3</m0:ActivityPeriodType>
<m0:PrefixId>2</m0:PrefixId>
</m0:Row>
</m0:VCardLimits>
</Response>
</m:LogonRp>
</SOAP-ENV:Body>
</SOAP-ENV:Envelope>

2015-07-21T11:27:06+03:00 [25711] Tym.61 VTBIAdapter INFO  VTBIAdapter::GetPAN[ telebank="18625602711" pin="1111" login="79057107350"]
2015-07-21T11:27:06+03:00 [25711] Tym.64 VTBIAdapter DEBUG REQUEST:<soap:Envelope xmlns:soap="http://www.w3.org/2003/05/soap-envelope" xmlns:tel="http://schemas.compassplus.com/two/1.0/telebank.xsd">
      <soap:Header/>
      <soap:Body>
        <tel:GetPANRq><tel:Request Ver="4" Product="TB" STAN="1"><tel:TextLogin>79057107350</tel:TextLogin></tel:Request></tel:GetPANRq>
      </soap:Body>
    </soap:Envelope>
2015-07-21T11:27:06+03:00 [25711] Tym.64 VTBIAdapter DEBUG RESPONSE:<?xml version="1.0" encoding="UTF-8"?>
<SOAP-ENV:Envelope xmlns:SOAP-ENV="http://schemas.xmlsoap.org/soap/envelope/" xmlns:m0="http://schemas.compassplus.com/two/1.0/telebank.xsd"
xmlns:m="http://schemas.compassplus.com/two/1.0/telebank.wsdl">
<SOAP-ENV:Body>
<m:GetPANRp xmlns:m="http://schemas.compassplus.com/two/1.0/telebank.xsd">
<Response Response="1" Product="TB"><m0:ExtraAuthLevel>0</m0:ExtraAuthLevel>
<m0:PAN>18625602711</m0:PAN>
<m0:PasswordExists>0</m0:PasswordExists>
</Response>
</m:GetPANRp>
</SOAP-ENV:Body>
</SOAP-ENV:Envelope>

2015-07-21T11:27:06+03:00 [25711] Tym.64 VTBIAdapter DEBUG KeyId= Key=
2015-07-21T11:27:06+03:00 [25711] Tym.61 VTBIAdapter INFO  VTBIAdapter::Logon[ telebank="18625602711" pin="1111" login="79057107350"]
2015-07-21T11:27:06+03:00 [25711] Tym.64 VTBIAdapter DEBUG REQUEST:<soap:Envelope xmlns:soap="http://www.w3.org/2003/05/soap-envelope" xmlns:tel="http://schemas.compassplus.com/two/1.0/telebank.xsd">
      <soap:Header/>
      <soap:Body>
        <tel:CreateSessionRq><tel:Request Ver="4" Product="TB" STAN="2" PAN="18625602711" MBR="0"/></tel:CreateSessionRq>
      </soap:Body>
    </soap:Envelope>
2015-07-21T11:27:06+03:00 [25711] Tym.64 VTBIAdapter DEBUG RESPONSE:<?xml version="1.0" encoding="UTF-8"?>
<SOAP-ENV:Envelope xmlns:SOAP-ENV="http://schemas.xmlsoap.org/soap/envelope/" xmlns:m0="http://schemas.compassplus.com/two/1.0/telebank.xsd"
xmlns:m="http://schemas.compassplus.com/two/1.0/telebank.wsdl">
<SOAP-ENV:Body>
<m:CreateSessionRp xmlns:m="http://schemas.compassplus.com/two/1.0/telebank.xsd">
<Response Response="1" Product="TB"><m0:KeyId>466</m0:KeyId>
</Response>
</m:CreateSessionRp>
</SOAP-ENV:Body>
</SOAP-ENV:Envelope>

2015-07-21T11:27:06+03:00 [25711] Tym.64 VTBIAdapter DEBUG REQUEST:<soap:Envelope xmlns:soap="http://www.w3.org/2003/05/soap-envelope" xmlns:tel="http://schemas.compassplus.com/two/1.0/telebank.xsd">
      <soap:Header/>
      <soap:Body>
        <tel:LogonRq><tel:Request Ver="4" Product="TB" STAN="3" PAN="18625602711" MBR="0" KeyId="466" PIN="1111"/></tel:LogonRq>
      </soap:Body>
    </soap:Envelope>
2015-07-21T11:27:06+03:00 [25711] Tym.64 VTBIAdapter DEBUG RESPONSE:<?xml version="1.0" encoding="UTF-8"?>
<SOAP-ENV:Envelope xmlns:SOAP-ENV="http://schemas.xmlsoap.org/soap/envelope/" xmlns:m0="http://schemas.compassplus.com/two/1.0/telebank.xsd"
xmlns:m="http://schemas.compassplus.com/two/1.0/telebank.wsdl">
<SOAP-ENV:Body>
<m:LogonRp xmlns:m="http://schemas.compassplus.com/two/1.0/telebank.xsd">
<Response ApprovalCode="642234" Fee="0" IssuerFee="0" NewMessageCount="0" Response="1" TranId="1511" Product="TB"><m0:AcctCount>1</m0:AcctCount>
<m0:AtmPmtCount>0</m0:AtmPmtCount>
<m0:CMSDisabled>0</m0:CMSDisabled>
<m0:CrdCount>0</m0:CrdCount>
<m0:DefaultCurrency>RUR</m0:DefaultCurrency>
<m0:ExpDate>2099-12-31T23:59:59</m0:ExpDate>
<m0:LastLogonTime>2015-07-21T12:20:55</m0:LastLogonTime>
<m0:LimCurrency>810</m0:LimCurrency>
<m0:Messaging><m0:Row>
<m0:ChannelName>Email</m0:ChannelName>
<m0:ChannelTitle>Email platfon</m0:ChannelTitle>
<m0:ChannelProtocol>3</m0:ChannelProtocol>
<m0:SchemeName>Platfon</m0:SchemeName>
<m0:SchemeTitle>Platfon</m0:SchemeTitle>
<m0:Address>79057107350</m0:Address>
<m0:Disabled>0</m0:Disabled>
<m0:UseForDynAuth>1</m0:UseForDynAuth>
</m0:Row>
</m0:Messaging>
<m0:Name>DRAKE DEN G.</m0:Name>
<m0:Operations><m0:Row>
<m0:Value>AcctLimits</m0:Value>
</m0:Row>
<m0:Row>
<m0:Value>Accts</m0:Value>
</m0:Row>
<m0:Row>
<m0:Value>AddAbonent</m0:Value>
</m0:Row>
<m0:Row>
<m0:Value>AddCardVendor</m0:Value>
</m0:Row>
<m0:Row>
<m0:Value>AddTransferTemplate</m0:Value>
</m0:Row>
<m0:Row>
<m0:Value>AddVendor</m0:Value>
</m0:Row>
<m0:Row>
<m0:Value>AttachForeignCardToCustomer</m0:Value>
</m0:Row>
<m0:Row>
<m0:Value>BMSReadMessages</m0:Value>
</m0:Row>
<m0:Row>
<m0:Value>BMSSendMessage</m0:Value>
</m0:Row>
<m0:Row>
<m0:Value>BalanceInquiry</m0:Value>
</m0:Row>
<m0:Row>
<m0:Value>BillPayment</m0:Value>
</m0:Row>
<m0:Row>
<m0:Value>BillsRequest</m0:Value>
</m0:Row>
<m0:Row>
<m0:Value>CalcVCardCVV2</m0:Value>
</m0:Row>
<m0:Row>
<m0:Value>CancelSchedule</m0:Value>
</m0:Row>
<m0:Row>
<m0:Value>CardActivation</m0:Value>
</m0:Row>
<m0:Row>
<m0:Value>CardLimits</m0:Value>
</m0:Row>
<m0:Row>
<m0:Value>CardLock</m0:Value>
</m0:Row>
<m0:Row>
<m0:Value>CardPINChange</m0:Value>
</m0:Row>
<m0:Row>
<m0:Value>CardPaymentByTemplate</m0:Value>
</m0:Row>
<m0:Row>
<m0:Value>CardStatement</m0:Value>
</m0:Row>
<m0:Row>
<m0:Value>CardVendors</m0:Value>
</m0:Row>
<m0:Row>
<m0:Value>Cards</m0:Value>
</m0:Row>
<m0:Row>
<m0:Value>CardsOnAcct</m0:Value>
</m0:Row>
<m0:Row>
<m0:Value>ChangeAcctAlias</m0:Value>
</m0:Row>
<m0:Row>
<m0:Value>ChangeCMSAddress</m0:Value>
</m0:Row>
<m0:Row>
<m0:Value>ChangeCard2AcctDescr</m0:Value>
</m0:Row>
<m0:Row>
<m0:Value>ChangeCardAlias</m0:Value>
</m0:Row>
<m0:Row>
<m0:Value>ChangeCardCMSAddress</m0:Value>
</m0:Row>
<m0:Row>
<m0:Value>ChangeCardPassword</m0:Value>
</m0:Row>
<m0:Row>
<m0:Value>ChangeECStatus</m0:Value>
</m0:Row>
<m0:Row>
<m0:Value>ChangeNumericLogin</m0:Value>
</m0:Row>
<m0:Row>
<m0:Value>ChangePassword</m0:Value>
</m0:Row>
<m0:Row>
<m0:Value>ChangeTextLogin</m0:Value>
</m0:Row>
<m0:Row>
<m0:Value>CreateSubscription</m0:Value>
</m0:Row>
<m0:Row>
<m0:Value>CreateTBCustomer</m0:Value>
</m0:Row>
<m0:Row>
<m0:Value>CreateVCard</m0:Value>
</m0:Row>
<m0:Row>
<m0:Value>DelAbonent</m0:Value>
</m0:Row>
<m0:Row>
<m0:Value>DelCardVendor</m0:Value>
</m0:Row>
<m0:Row>
<m0:Value>DelTransferTemplate</m0:Value>
</m0:Row>
<m0:Row>
<m0:Value>DelVendor</m0:Value>
</m0:Row>
<m0:Row>
<m0:Value>DeleteSubscription</m0:Value>
</m0:Row>
<m0:Row>
<m0:Value>DetachForeignCardFromCustomer</m0:Value>
</m0:Row>
<m0:Row>
<m0:Value>DynAuthAddressList</m0:Value>
</m0:Row>
<m0:Row>
<m0:Value>EditSubscription</m0:Value>
</m0:Row>
<m0:Row>
<m0:Value>ExplainSchedule</m0:Value>
</m0:Row>
<m0:Row>
<m0:Value>GenerateDynPassword</m0:Value>
</m0:Row>
<m0:Row>
<m0:Value>GetBackOfficeInfo</m0:Value>
</m0:Row>
<m0:Row>
<m0:Value>GetCardAllowed3DSecAuthRules</m0:Value>
</m0:Row>
<m0:Row>
<m0:Value>GetCurrencyRates</m0:Value>
</m0:Row>
<m0:Row>
<m0:Value>GetCustomerUserFields</m0:Value>
</m0:Row>
<m0:Row>
<m0:Value>GetPersonInfo</m0:Value>
</m0:Row>
<m0:Row>
<m0:Value>GetSchedule</m0:Value>
</m0:Row>
<m0:Row>
<m0:Value>GetServicePoint</m0:Value>
</m0:Row>
<m0:Row>
<m0:Value>GetSubscriptionList</m0:Value>
</m0:Row>
<m0:Row>
<m0:Value>GetTransHistory</m0:Value>
</m0:Row>
<m0:Row>
<m0:Value>GetVCProducts</m0:Value>
</m0:Row>
<m0:Row>
<m0:Value>History</m0:Value>
</m0:Row>
<m0:Row>
<m0:Value>InternetPINChange</m0:Value>
</m0:Row>
<m0:Row>
<m0:Value>Logon</m0:Value>
</m0:Row>
<m0:Row>
<m0:Value>MessageToInstitution</m0:Value>
</m0:Row>
<m0:Row>
<m0:Value>OperHist</m0:Value>
</m0:Row>
<m0:Row>
<m0:Value>OutsideTransfer</m0:Value>
</m0:Row>
<m0:Row>
<m0:Value>P2PCredit</m0:Value>
</m0:Row>
<m0:Row>
<m0:Value>PINChange</m0:Value>
</m0:Row>
<m0:Row>
<m0:Value>Payment</m0:Value>
</m0:Row>
<m0:Row>
<m0:Value>PaymentByTemplate</m0:Value>
</m0:Row>
<m0:Row>
<m0:Value>Prepaid</m0:Value>
</m0:Row>
<m0:Row>
<m0:Value>ReverseTelebankTransaction</m0:Value>
</m0:Row>
<m0:Row>
<m0:Value>Schedule</m0:Value>
</m0:Row>
<m0:Row>
<m0:Value>SetAcctLimits</m0:Value>
</m0:Row>
<m0:Row>
<m0:Value>SetCard3DSecAuthRule</m0:Value>
</m0:Row>
<m0:Row>
<m0:Value>SetCardLimits</m0:Value>
</m0:Row>
<m0:Row>
<m0:Value>SetCustomerUserFields</m0:Value>
</m0:Row>
<m0:Row>
<m0:Value>SetDefaultDynAuthAddress</m0:Value>
</m0:Row>
<m0:Row>
<m0:Value>SetExtraAuthAddress</m0:Value>
</m0:Row>
<m0:Row>
<m0:Value>SetPersonInfo</m0:Value>
</m0:Row>
<m0:Row>
<m0:Value>SetTmpAcctLimits</m0:Value>
</m0:Row>
<m0:Row>
<m0:Value>SetTmpCardLimits</m0:Value>
</m0:Row>
<m0:Row>
<m0:Value>Transfer</m0:Value>
</m0:Row>
<m0:Row>
<m0:Value>TransferByTemplate</m0:Value>
</m0:Row>
<m0:Row>
<m0:Value>TransferTemplates</m0:Value>
</m0:Row>
<m0:Row>
<m0:Value>UpdateAbonent</m0:Value>
</m0:Row>
<m0:Row>
<m0:Value>UpdateSchedule</m0:Value>
</m0:Row>
<m0:Row>
<m0:Value>UpdateTransferTemplate</m0:Value>
</m0:Row>
<m0:Row>
<m0:Value>UpdateVendor</m0:Value>
</m0:Row>
<m0:Row>
<m0:Value>Vendors</m0:Value>
</m0:Row>
<m0:Row>
<m0:Value>BackPayment</m0:Value>
</m0:Row>
<m0:Row>
<m0:Value>CardPayment</m0:Value>
</m0:Row>
<m0:Row>
<m0:Value>Schedule</m0:Value>
</m0:Row>
<m0:Row>
<m0:Value>BMSGetForms</m0:Value>
</m0:Row>
<m0:Row>
<m0:Value>BMSGetFormFields</m0:Value>
</m0:Row>
<m0:Row>
<m0:Value>BMSGetMessages</m0:Value>
</m0:Row>
<m0:Row>
<m0:Value>BMSGetMessageFields</m0:Value>
</m0:Row>
</m0:Operations>
<m0:PersonId>293</m0:PersonId>
<m0:PmtCount>0</m0:PmtCount>
<m0:ScheduledPmtCount>0</m0:ScheduledPmtCount>
<m0:ScheduledTrnsfCount>0</m0:ScheduledTrnsfCount>
<m0:Sex>M</m0:Sex>
<m0:Status>1</m0:Status>
<m0:TermCity>Moscow</m0:TermCity>
<m0:TermCountry>RU</m0:TermCountry>
<m0:TextLogin>79057107350</m0:TextLogin>
<m0:TrnsfCount>0</m0:TrnsfCount>
<m0:VCardLimits><m0:Row>
<m0:AmtLimitCurrency>810</m0:AmtLimitCurrency>
<m0:AmtLimitCurrency_AlphaCode>RUR</m0:AmtLimitCurrency_AlphaCode>
<m0:MaxDaysActive>2000</m0:MaxDaysActive>
<m0:MaxDayCountLimit>1000</m0:MaxDayCountLimit>
<m0:MaxDayAmountLimit>99999999999</m0:MaxDayAmountLimit>
<m0:MaxNDayCountLimit>1000</m0:MaxNDayCountLimit>
<m0:MaxNDayAmountLimit>99999999999</m0:MaxNDayAmountLimit>
<m0:MaxWeekCountLimit>1000</m0:MaxWeekCountLimit>
<m0:MaxWeekAmountLimit>99999999999</m0:MaxWeekAmountLimit>
<m0:MaxMonthCountLimit>1000</m0:MaxMonthCountLimit>
<m0:MaxMonthAmountLimit>99999999999</m0:MaxMonthAmountLimit>
<m0:MaxQuarterCountLimit>1000</m0:MaxQuarterCountLimit>
<m0:MaxQuarterAmountLimit>99999999999</m0:MaxQuarterAmountLimit>
<m0:ActivityPeriodType>3</m0:ActivityPeriodType>
<m0:PrefixId>2</m0:PrefixId>
</m0:Row>
</m0:VCardLimits>
</Response>
</m:LogonRp>
</SOAP-ENV:Body>
</SOAP-ENV:Envelope>

2015-07-21T11:27:47+03:00 [25485] Tym.61 VTBIAdapter INFO  VTBIAdapter::GetPAN[ pin="1111" login="79057107350"]
2015-07-21T11:27:47+03:00 [25485] Tym.64 VTBIAdapter DEBUG REQUEST:<soap:Envelope xmlns:soap="http://www.w3.org/2003/05/soap-envelope" xmlns:tel="http://schemas.compassplus.com/two/1.0/telebank.xsd">
      <soap:Header/>
      <soap:Body>
        <tel:GetPANRq><tel:Request Ver="4" Product="TB" STAN="1"><tel:TextLogin>79057107350</tel:TextLogin></tel:Request></tel:GetPANRq>
      </soap:Body>
    </soap:Envelope>
2015-07-21T11:27:47+03:00 [25485] Tym.64 VTBIAdapter DEBUG RESPONSE:<?xml version="1.0" encoding="UTF-8"?>
<SOAP-ENV:Envelope xmlns:SOAP-ENV="http://schemas.xmlsoap.org/soap/envelope/" xmlns:m0="http://schemas.compassplus.com/two/1.0/telebank.xsd"
xmlns:m="http://schemas.compassplus.com/two/1.0/telebank.wsdl">
<SOAP-ENV:Body>
<m:GetPANRp xmlns:m="http://schemas.compassplus.com/two/1.0/telebank.xsd">
<Response Response="1" Product="TB"><m0:ExtraAuthLevel>0</m0:ExtraAuthLevel>
<m0:PAN>18625602711</m0:PAN>
<m0:PasswordExists>0</m0:PasswordExists>
</Response>
</m:GetPANRp>
</SOAP-ENV:Body>
</SOAP-ENV:Envelope>

2015-07-21T11:27:47+03:00 [25485] Tym.64 VTBIAdapter DEBUG KeyId= Key=
2015-07-21T11:27:47+03:00 [25485] Tym.61 VTBIAdapter INFO  VTBIAdapter::Logon[ pin="1111" login="79057107350" telebank="18625602711"]
2015-07-21T11:27:47+03:00 [25485] Tym.64 VTBIAdapter DEBUG REQUEST:<soap:Envelope xmlns:soap="http://www.w3.org/2003/05/soap-envelope" xmlns:tel="http://schemas.compassplus.com/two/1.0/telebank.xsd">
      <soap:Header/>
      <soap:Body>
        <tel:CreateSessionRq><tel:Request Ver="4" Product="TB" STAN="2" PAN="18625602711" MBR="0"/></tel:CreateSessionRq>
      </soap:Body>
    </soap:Envelope>
2015-07-21T11:27:47+03:00 [25485] Tym.64 VTBIAdapter DEBUG RESPONSE:<?xml version="1.0" encoding="UTF-8"?>
<SOAP-ENV:Envelope xmlns:SOAP-ENV="http://schemas.xmlsoap.org/soap/envelope/" xmlns:m0="http://schemas.compassplus.com/two/1.0/telebank.xsd"
xmlns:m="http://schemas.compassplus.com/two/1.0/telebank.wsdl">
<SOAP-ENV:Body>
<m:CreateSessionRp xmlns:m="http://schemas.compassplus.com/two/1.0/telebank.xsd">
<Response Response="1" Product="TB"><m0:KeyId>467</m0:KeyId>
</Response>
</m:CreateSessionRp>
</SOAP-ENV:Body>
</SOAP-ENV:Envelope>

2015-07-21T11:27:47+03:00 [25485] Tym.64 VTBIAdapter DEBUG REQUEST:<soap:Envelope xmlns:soap="http://www.w3.org/2003/05/soap-envelope" xmlns:tel="http://schemas.compassplus.com/two/1.0/telebank.xsd">
      <soap:Header/>
      <soap:Body>
        <tel:LogonRq><tel:Request Ver="4" Product="TB" STAN="3" PAN="18625602711" MBR="0" KeyId="467" PIN="1111"/></tel:LogonRq>
      </soap:Body>
    </soap:Envelope>
2015-07-21T11:27:47+03:00 [25485] Tym.64 VTBIAdapter DEBUG RESPONSE:<?xml version="1.0" encoding="UTF-8"?>
<SOAP-ENV:Envelope xmlns:SOAP-ENV="http://schemas.xmlsoap.org/soap/envelope/" xmlns:m0="http://schemas.compassplus.com/two/1.0/telebank.xsd"
xmlns:m="http://schemas.compassplus.com/two/1.0/telebank.wsdl">
<SOAP-ENV:Body>
<m:LogonRp xmlns:m="http://schemas.compassplus.com/two/1.0/telebank.xsd">
<Response ApprovalCode="529652" Fee="0" IssuerFee="0" NewMessageCount="0" Response="1" TranId="1513" Product="TB"><m0:AcctCount>1</m0:AcctCount>
<m0:AtmPmtCount>0</m0:AtmPmtCount>
<m0:CMSDisabled>0</m0:CMSDisabled>
<m0:CrdCount>0</m0:CrdCount>
<m0:DefaultCurrency>RUR</m0:DefaultCurrency>
<m0:ExpDate>2099-12-31T23:59:59</m0:ExpDate>
<m0:LastLogonTime>2015-07-21T12:23:16</m0:LastLogonTime>
<m0:LimCurrency>810</m0:LimCurrency>
<m0:Messaging><m0:Row>
<m0:ChannelName>Email</m0:ChannelName>
<m0:ChannelTitle>Email platfon</m0:ChannelTitle>
<m0:ChannelProtocol>3</m0:ChannelProtocol>
<m0:SchemeName>Platfon</m0:SchemeName>
<m0:SchemeTitle>Platfon</m0:SchemeTitle>
<m0:Address>79057107350</m0:Address>
<m0:Disabled>0</m0:Disabled>
<m0:UseForDynAuth>1</m0:UseForDynAuth>
</m0:Row>
</m0:Messaging>
<m0:Name>DRAKE DEN G.</m0:Name>
<m0:Operations><m0:Row>
<m0:Value>AcctLimits</m0:Value>
</m0:Row>
<m0:Row>
<m0:Value>Accts</m0:Value>
</m0:Row>
<m0:Row>
<m0:Value>AddAbonent</m0:Value>
</m0:Row>
<m0:Row>
<m0:Value>AddCardVendor</m0:Value>
</m0:Row>
<m0:Row>
<m0:Value>AddTransferTemplate</m0:Value>
</m0:Row>
<m0:Row>
<m0:Value>AddVendor</m0:Value>
</m0:Row>
<m0:Row>
<m0:Value>AttachForeignCardToCustomer</m0:Value>
</m0:Row>
<m0:Row>
<m0:Value>BMSReadMessages</m0:Value>
</m0:Row>
<m0:Row>
<m0:Value>BMSSendMessage</m0:Value>
</m0:Row>
<m0:Row>
<m0:Value>BalanceInquiry</m0:Value>
</m0:Row>
<m0:Row>
<m0:Value>BillPayment</m0:Value>
</m0:Row>
<m0:Row>
<m0:Value>BillsRequest</m0:Value>
</m0:Row>
<m0:Row>
<m0:Value>CalcVCardCVV2</m0:Value>
</m0:Row>
<m0:Row>
<m0:Value>CancelSchedule</m0:Value>
</m0:Row>
<m0:Row>
<m0:Value>CardActivation</m0:Value>
</m0:Row>
<m0:Row>
<m0:Value>CardLimits</m0:Value>
</m0:Row>
<m0:Row>
<m0:Value>CardLock</m0:Value>
</m0:Row>
<m0:Row>
<m0:Value>CardPINChange</m0:Value>
</m0:Row>
<m0:Row>
<m0:Value>CardPaymentByTemplate</m0:Value>
</m0:Row>
<m0:Row>
<m0:Value>CardStatement</m0:Value>
</m0:Row>
<m0:Row>
<m0:Value>CardVendors</m0:Value>
</m0:Row>
<m0:Row>
<m0:Value>Cards</m0:Value>
</m0:Row>
<m0:Row>
<m0:Value>CardsOnAcct</m0:Value>
</m0:Row>
<m0:Row>
<m0:Value>ChangeAcctAlias</m0:Value>
</m0:Row>
<m0:Row>
<m0:Value>ChangeCMSAddress</m0:Value>
</m0:Row>
<m0:Row>
<m0:Value>ChangeCard2AcctDescr</m0:Value>
</m0:Row>
<m0:Row>
<m0:Value>ChangeCardAlias</m0:Value>
</m0:Row>
<m0:Row>
<m0:Value>ChangeCardCMSAddress</m0:Value>
</m0:Row>
<m0:Row>
<m0:Value>ChangeCardPassword</m0:Value>
</m0:Row>
<m0:Row>
<m0:Value>ChangeECStatus</m0:Value>
</m0:Row>
<m0:Row>
<m0:Value>ChangeNumericLogin</m0:Value>
</m0:Row>
<m0:Row>
<m0:Value>ChangePassword</m0:Value>
</m0:Row>
<m0:Row>
<m0:Value>ChangeTextLogin</m0:Value>
</m0:Row>
<m0:Row>
<m0:Value>CreateSubscription</m0:Value>
</m0:Row>
<m0:Row>
<m0:Value>CreateTBCustomer</m0:Value>
</m0:Row>
<m0:Row>
<m0:Value>CreateVCard</m0:Value>
</m0:Row>
<m0:Row>
<m0:Value>DelAbonent</m0:Value>
</m0:Row>
<m0:Row>
<m0:Value>DelCardVendor</m0:Value>
</m0:Row>
<m0:Row>
<m0:Value>DelTransferTemplate</m0:Value>
</m0:Row>
<m0:Row>
<m0:Value>DelVendor</m0:Value>
</m0:Row>
<m0:Row>
<m0:Value>DeleteSubscription</m0:Value>
</m0:Row>
<m0:Row>
<m0:Value>DetachForeignCardFromCustomer</m0:Value>
</m0:Row>
<m0:Row>
<m0:Value>DynAuthAddressList</m0:Value>
</m0:Row>
<m0:Row>
<m0:Value>EditSubscription</m0:Value>
</m0:Row>
<m0:Row>
<m0:Value>ExplainSchedule</m0:Value>
</m0:Row>
<m0:Row>
<m0:Value>GenerateDynPassword</m0:Value>
</m0:Row>
<m0:Row>
<m0:Value>GetBackOfficeInfo</m0:Value>
</m0:Row>
<m0:Row>
<m0:Value>GetCardAllowed3DSecAuthRules</m0:Value>
</m0:Row>
<m0:Row>
<m0:Value>GetCurrencyRates</m0:Value>
</m0:Row>
<m0:Row>
<m0:Value>GetCustomerUserFields</m0:Value>
</m0:Row>
<m0:Row>
<m0:Value>GetPersonInfo</m0:Value>
</m0:Row>
<m0:Row>
<m0:Value>GetSchedule</m0:Value>
</m0:Row>
<m0:Row>
<m0:Value>GetServicePoint</m0:Value>
</m0:Row>
<m0:Row>
<m0:Value>GetSubscriptionList</m0:Value>
</m0:Row>
<m0:Row>
<m0:Value>GetTransHistory</m0:Value>
</m0:Row>
<m0:Row>
<m0:Value>GetVCProducts</m0:Value>
</m0:Row>
<m0:Row>
<m0:Value>History</m0:Value>
</m0:Row>
<m0:Row>
<m0:Value>InternetPINChange</m0:Value>
</m0:Row>
<m0:Row>
<m0:Value>Logon</m0:Value>
</m0:Row>
<m0:Row>
<m0:Value>MessageToInstitution</m0:Value>
</m0:Row>
<m0:Row>
<m0:Value>OperHist</m0:Value>
</m0:Row>
<m0:Row>
<m0:Value>OutsideTransfer</m0:Value>
</m0:Row>
<m0:Row>
<m0:Value>P2PCredit</m0:Value>
</m0:Row>
<m0:Row>
<m0:Value>PINChange</m0:Value>
</m0:Row>
<m0:Row>
<m0:Value>Payment</m0:Value>
</m0:Row>
<m0:Row>
<m0:Value>PaymentByTemplate</m0:Value>
</m0:Row>
<m0:Row>
<m0:Value>Prepaid</m0:Value>
</m0:Row>
<m0:Row>
<m0:Value>ReverseTelebankTransaction</m0:Value>
</m0:Row>
<m0:Row>
<m0:Value>Schedule</m0:Value>
</m0:Row>
<m0:Row>
<m0:Value>SetAcctLimits</m0:Value>
</m0:Row>
<m0:Row>
<m0:Value>SetCard3DSecAuthRule</m0:Value>
</m0:Row>
<m0:Row>
<m0:Value>SetCardLimits</m0:Value>
</m0:Row>
<m0:Row>
<m0:Value>SetCustomerUserFields</m0:Value>
</m0:Row>
<m0:Row>
<m0:Value>SetDefaultDynAuthAddress</m0:Value>
</m0:Row>
<m0:Row>
<m0:Value>SetExtraAuthAddress</m0:Value>
</m0:Row>
<m0:Row>
<m0:Value>SetPersonInfo</m0:Value>
</m0:Row>
<m0:Row>
<m0:Value>SetTmpAcctLimits</m0:Value>
</m0:Row>
<m0:Row>
<m0:Value>SetTmpCardLimits</m0:Value>
</m0:Row>
<m0:Row>
<m0:Value>Transfer</m0:Value>
</m0:Row>
<m0:Row>
<m0:Value>TransferByTemplate</m0:Value>
</m0:Row>
<m0:Row>
<m0:Value>TransferTemplates</m0:Value>
</m0:Row>
<m0:Row>
<m0:Value>UpdateAbonent</m0:Value>
</m0:Row>
<m0:Row>
<m0:Value>UpdateSchedule</m0:Value>
</m0:Row>
<m0:Row>
<m0:Value>UpdateTransferTemplate</m0:Value>
</m0:Row>
<m0:Row>
<m0:Value>UpdateVendor</m0:Value>
</m0:Row>
<m0:Row>
<m0:Value>Vendors</m0:Value>
</m0:Row>
<m0:Row>
<m0:Value>BackPayment</m0:Value>
</m0:Row>
<m0:Row>
<m0:Value>CardPayment</m0:Value>
</m0:Row>
<m0:Row>
<m0:Value>Schedule</m0:Value>
</m0:Row>
<m0:Row>
<m0:Value>BMSGetForms</m0:Value>
</m0:Row>
<m0:Row>
<m0:Value>BMSGetFormFields</m0:Value>
</m0:Row>
<m0:Row>
<m0:Value>BMSGetMessages</m0:Value>
</m0:Row>
<m0:Row>
<m0:Value>BMSGetMessageFields</m0:Value>
</m0:Row>
</m0:Operations>
<m0:PersonId>293</m0:PersonId>
<m0:PmtCount>0</m0:PmtCount>
<m0:ScheduledPmtCount>0</m0:ScheduledPmtCount>
<m0:ScheduledTrnsfCount>0</m0:ScheduledTrnsfCount>
<m0:Sex>M</m0:Sex>
<m0:Status>1</m0:Status>
<m0:TermCity>Moscow</m0:TermCity>
<m0:TermCountry>RU</m0:TermCountry>
<m0:TextLogin>79057107350</m0:TextLogin>
<m0:TrnsfCount>0</m0:TrnsfCount>
<m0:VCardLimits><m0:Row>
<m0:AmtLimitCurrency>810</m0:AmtLimitCurrency>
<m0:AmtLimitCurrency_AlphaCode>RUR</m0:AmtLimitCurrency_AlphaCode>
<m0:MaxDaysActive>2000</m0:MaxDaysActive>
<m0:MaxDayCountLimit>1000</m0:MaxDayCountLimit>
<m0:MaxDayAmountLimit>99999999999</m0:MaxDayAmountLimit>
<m0:MaxNDayCountLimit>1000</m0:MaxNDayCountLimit>
<m0:MaxNDayAmountLimit>99999999999</m0:MaxNDayAmountLimit>
<m0:MaxWeekCountLimit>1000</m0:MaxWeekCountLimit>
<m0:MaxWeekAmountLimit>99999999999</m0:MaxWeekAmountLimit>
<m0:MaxMonthCountLimit>1000</m0:MaxMonthCountLimit>
<m0:MaxMonthAmountLimit>99999999999</m0:MaxMonthAmountLimit>
<m0:MaxQuarterCountLimit>1000</m0:MaxQuarterCountLimit>
<m0:MaxQuarterAmountLimit>99999999999</m0:MaxQuarterAmountLimit>
<m0:ActivityPeriodType>3</m0:ActivityPeriodType>
<m0:PrefixId>2</m0:PrefixId>
</m0:Row>
</m0:VCardLimits>
</Response>
</m:LogonRp>
</SOAP-ENV:Body>
</SOAP-ENV:Envelope>

